#! /usr/bin/vvp
:ivl_version "10.1 (stable)";
:ivl_delay_selection "TYPICAL";
:vpi_time_precision + 0;
:vpi_module "system";
:vpi_module "vhdl_sys";
:vpi_module "v2005_math";
:vpi_module "va_math";
S_0x562203810a90 .scope module, "KoggeStoneAdder_tb" "KoggeStoneAdder_tb" 2 3;
 .timescale 0 0;
v0x56220390f0f0_0 .var "a", 15 0;
v0x56220390f1d0_0 .var "b", 15 0;
v0x56220390f2e0_0 .net "sum", 16 0, L_0x562203946cc0;  1 drivers
S_0x562203810c10 .scope module, "KSA" "KoggeStoneAdder" 2 8, 3 8 0, S_0x562203810a90;
 .timescale 0 0;
    .port_info 0 /OUTPUT 17 "sum"
    .port_info 1 /INPUT 16 "a"
    .port_info 2 /INPUT 16 "b"
    .port_info 3 /INPUT 1 "cin"
v0x56220390e430_0 .net "C", 15 0, L_0x5622039433d0;  1 drivers
v0x56220390e510_0 .net "G", 15 0, L_0x5622039173b0;  1 drivers
v0x56220390e620_0 .net "H", 15 0, L_0x56220391ae40;  1 drivers
v0x56220390e710_0 .net "I", 15 0, L_0x562203924e90;  1 drivers
v0x56220390e820_0 .net "J", 15 0, L_0x562203928180;  1 drivers
v0x56220390e980_0 .net "K", 15 0, L_0x5622039318d0;  1 drivers
v0x56220390ea90_0 .net "L", 15 0, L_0x562203934a10;  1 drivers
v0x56220390eba0_0 .net "M", 15 0, L_0x56220393c100;  1 drivers
v0x56220390ecb0_0 .net "P", 15 0, L_0x562203912320;  1 drivers
v0x56220390ed70_0 .net "Q", 15 0, L_0x56220393e580;  1 drivers
v0x56220390ee30_0 .net "a", 15 0, v0x56220390f0f0_0;  1 drivers
v0x56220390eed0_0 .net "b", 15 0, v0x56220390f1d0_0;  1 drivers
L_0x7f24f58bb018 .functor BUFT 1, C4<0>, C4<0>, C4<0>, C4<0>;
v0x56220390ef70_0 .net "cin", 0 0, L_0x7f24f58bb018;  1 drivers
v0x56220390f010_0 .net "sum", 16 0, L_0x562203946cc0;  alias, 1 drivers
S_0x5622038cad00 .scope module, "FL" "FinalLayer" 3 26, 4 3 0, S_0x562203810c10;
 .timescale 0 0;
    .port_info 0 /OUTPUT 17 "sum"
    .port_info 1 /INPUT 16 "P"
    .port_info 2 /INPUT 16 "C"
    .port_info 3 /INPUT 1 "cin"
L_0x562203943e10 .functor XOR 1, L_0x562203943ed0, L_0x7f24f58bb018, C4<0>, C4<0>;
L_0x562203943fc0 .functor XOR 1, L_0x562203944030, L_0x562203944120, C4<0>, C4<0>;
L_0x562203944210 .functor XOR 1, L_0x562203944280, L_0x562203944320, C4<0>, C4<0>;
L_0x562203944410 .functor XOR 1, L_0x562203944480, L_0x562203944570, C4<0>, C4<0>;
L_0x562203944660 .functor XOR 1, L_0x5622039446d0, L_0x562203944810, C4<0>, C4<0>;
L_0x562203944900 .functor XOR 1, L_0x562203944970, L_0x562203944ac0, C4<0>, C4<0>;
L_0x562203944b60 .functor XOR 1, L_0x562203944bd0, L_0x562203944d30, C4<0>, C4<0>;
L_0x562203944e20 .functor XOR 1, L_0x562203944ee0, L_0x562203944fd0, C4<0>, C4<0>;
L_0x562203944cc0 .functor XOR 1, L_0x562203945070, L_0x5622039451a0, C4<0>, C4<0>;
L_0x562203945290 .functor XOR 1, L_0x562203945360, L_0x5622039454a0, C4<0>, C4<0>;
L_0x562203945590 .functor XOR 1, L_0x562203945600, L_0x562203945400, C4<0>, C4<0>;
L_0x5622039457f0 .functor XOR 1, L_0x5622039458d0, L_0x5622039456f0, C4<0>, C4<0>;
L_0x562203945ad0 .functor XOR 1, L_0x562203945b40, L_0x5622039459c0, C4<0>, C4<0>;
L_0x562203945d50 .functor XOR 1, L_0x562203945dc0, L_0x562203945c30, C4<0>, C4<0>;
L_0x562203945860 .functor XOR 1, L_0x5622039467a0, L_0x5622039466c0, C4<0>, C4<0>;
L_0x5622039469d0 .functor XOR 1, L_0x562203946ad0, L_0x562203946890, C4<0>, C4<0>;
v0x5622038c35f0_0 .net "C", 15 0, L_0x5622039433d0;  alias, 1 drivers
v0x5622038c8d00_0 .net "P", 15 0, L_0x562203912320;  alias, 1 drivers
v0x5622038bf860_0 .net *"_s0", 0 0, L_0x562203943e10;  1 drivers
v0x5622038bece0_0 .net *"_s10", 0 0, L_0x562203944210;  1 drivers
v0x5622038be160_0 .net *"_s13", 0 0, L_0x562203944280;  1 drivers
v0x5622038a7600_0 .net *"_s15", 0 0, L_0x562203944320;  1 drivers
v0x5622038a9be0_0 .net *"_s16", 0 0, L_0x562203944410;  1 drivers
v0x5622038e88f0_0 .net *"_s19", 0 0, L_0x562203944480;  1 drivers
v0x5622038e89d0_0 .net *"_s21", 0 0, L_0x562203944570;  1 drivers
v0x5622038e8ab0_0 .net *"_s22", 0 0, L_0x562203944660;  1 drivers
v0x5622038e8b90_0 .net *"_s25", 0 0, L_0x5622039446d0;  1 drivers
v0x5622038e8c70_0 .net *"_s27", 0 0, L_0x562203944810;  1 drivers
v0x5622038e8d50_0 .net *"_s28", 0 0, L_0x562203944900;  1 drivers
v0x5622038e8e30_0 .net *"_s3", 0 0, L_0x562203943ed0;  1 drivers
v0x5622038e8f10_0 .net *"_s31", 0 0, L_0x562203944970;  1 drivers
v0x5622038e8ff0_0 .net *"_s33", 0 0, L_0x562203944ac0;  1 drivers
v0x5622038e90d0_0 .net *"_s34", 0 0, L_0x562203944b60;  1 drivers
v0x5622038e91b0_0 .net *"_s37", 0 0, L_0x562203944bd0;  1 drivers
v0x5622038e9290_0 .net *"_s39", 0 0, L_0x562203944d30;  1 drivers
v0x5622038e9370_0 .net *"_s4", 0 0, L_0x562203943fc0;  1 drivers
v0x5622038e9450_0 .net *"_s40", 0 0, L_0x562203944e20;  1 drivers
v0x5622038e9530_0 .net *"_s43", 0 0, L_0x562203944ee0;  1 drivers
v0x5622038e9610_0 .net *"_s45", 0 0, L_0x562203944fd0;  1 drivers
v0x5622038e96f0_0 .net *"_s46", 0 0, L_0x562203944cc0;  1 drivers
v0x5622038e97d0_0 .net *"_s49", 0 0, L_0x562203945070;  1 drivers
v0x5622038e98b0_0 .net *"_s51", 0 0, L_0x5622039451a0;  1 drivers
v0x5622038e9990_0 .net *"_s52", 0 0, L_0x562203945290;  1 drivers
v0x5622038e9a70_0 .net *"_s55", 0 0, L_0x562203945360;  1 drivers
v0x5622038e9b50_0 .net *"_s57", 0 0, L_0x5622039454a0;  1 drivers
v0x5622038e9c30_0 .net *"_s58", 0 0, L_0x562203945590;  1 drivers
v0x5622038e9d10_0 .net *"_s61", 0 0, L_0x562203945600;  1 drivers
v0x5622038e9df0_0 .net *"_s63", 0 0, L_0x562203945400;  1 drivers
v0x5622038e9ed0_0 .net *"_s64", 0 0, L_0x5622039457f0;  1 drivers
v0x5622038ea1c0_0 .net *"_s67", 0 0, L_0x5622039458d0;  1 drivers
v0x5622038ea2a0_0 .net *"_s69", 0 0, L_0x5622039456f0;  1 drivers
v0x5622038ea380_0 .net *"_s7", 0 0, L_0x562203944030;  1 drivers
v0x5622038ea460_0 .net *"_s70", 0 0, L_0x562203945ad0;  1 drivers
v0x5622038ea540_0 .net *"_s73", 0 0, L_0x562203945b40;  1 drivers
v0x5622038ea620_0 .net *"_s75", 0 0, L_0x5622039459c0;  1 drivers
v0x5622038ea700_0 .net *"_s76", 0 0, L_0x562203945d50;  1 drivers
v0x5622038ea7e0_0 .net *"_s79", 0 0, L_0x562203945dc0;  1 drivers
v0x5622038ea8c0_0 .net *"_s81", 0 0, L_0x562203945c30;  1 drivers
v0x5622038ea9a0_0 .net *"_s82", 0 0, L_0x562203945860;  1 drivers
v0x5622038eaa80_0 .net *"_s85", 0 0, L_0x5622039467a0;  1 drivers
v0x5622038eab60_0 .net *"_s87", 0 0, L_0x5622039466c0;  1 drivers
v0x5622038eac40_0 .net *"_s88", 0 0, L_0x5622039469d0;  1 drivers
v0x5622038ead20_0 .net *"_s9", 0 0, L_0x562203944120;  1 drivers
v0x5622038eae00_0 .net *"_s91", 0 0, L_0x562203946ad0;  1 drivers
v0x5622038eaee0_0 .net *"_s93", 0 0, L_0x562203946890;  1 drivers
v0x5622038eafc0_0 .net *"_s98", 0 0, L_0x562203946bc0;  1 drivers
v0x5622038eb0a0_0 .net "cin", 0 0, L_0x7f24f58bb018;  alias, 1 drivers
v0x5622038eb160_0 .net "sum", 16 0, L_0x562203946cc0;  alias, 1 drivers
L_0x562203943ed0 .part L_0x562203912320, 0, 1;
L_0x562203944030 .part L_0x562203912320, 1, 1;
L_0x562203944120 .part L_0x5622039433d0, 0, 1;
L_0x562203944280 .part L_0x562203912320, 2, 1;
L_0x562203944320 .part L_0x5622039433d0, 1, 1;
L_0x562203944480 .part L_0x562203912320, 3, 1;
L_0x562203944570 .part L_0x5622039433d0, 2, 1;
L_0x5622039446d0 .part L_0x562203912320, 4, 1;
L_0x562203944810 .part L_0x5622039433d0, 3, 1;
L_0x562203944970 .part L_0x562203912320, 5, 1;
L_0x562203944ac0 .part L_0x5622039433d0, 4, 1;
L_0x562203944bd0 .part L_0x562203912320, 6, 1;
L_0x562203944d30 .part L_0x5622039433d0, 5, 1;
L_0x562203944ee0 .part L_0x562203912320, 7, 1;
L_0x562203944fd0 .part L_0x5622039433d0, 6, 1;
L_0x562203945070 .part L_0x562203912320, 8, 1;
L_0x5622039451a0 .part L_0x5622039433d0, 7, 1;
L_0x562203945360 .part L_0x562203912320, 9, 1;
L_0x5622039454a0 .part L_0x5622039433d0, 8, 1;
L_0x562203945600 .part L_0x562203912320, 10, 1;
L_0x562203945400 .part L_0x5622039433d0, 9, 1;
L_0x5622039458d0 .part L_0x562203912320, 11, 1;
L_0x5622039456f0 .part L_0x5622039433d0, 10, 1;
L_0x562203945b40 .part L_0x562203912320, 12, 1;
L_0x5622039459c0 .part L_0x5622039433d0, 11, 1;
L_0x562203945dc0 .part L_0x562203912320, 13, 1;
L_0x562203945c30 .part L_0x5622039433d0, 12, 1;
L_0x5622039467a0 .part L_0x562203912320, 14, 1;
L_0x5622039466c0 .part L_0x5622039433d0, 13, 1;
L_0x562203946ad0 .part L_0x562203912320, 15, 1;
L_0x562203946890 .part L_0x5622039433d0, 14, 1;
LS_0x562203946cc0_0_0 .concat8 [ 1 1 1 1], L_0x562203943e10, L_0x562203943fc0, L_0x562203944210, L_0x562203944410;
LS_0x562203946cc0_0_4 .concat8 [ 1 1 1 1], L_0x562203944660, L_0x562203944900, L_0x562203944b60, L_0x562203944e20;
LS_0x562203946cc0_0_8 .concat8 [ 1 1 1 1], L_0x562203944cc0, L_0x562203945290, L_0x562203945590, L_0x5622039457f0;
LS_0x562203946cc0_0_12 .concat8 [ 1 1 1 1], L_0x562203945ad0, L_0x562203945d50, L_0x562203945860, L_0x5622039469d0;
LS_0x562203946cc0_0_16 .concat8 [ 1 0 0 0], L_0x562203946bc0;
LS_0x562203946cc0_1_0 .concat8 [ 4 4 4 4], LS_0x562203946cc0_0_0, LS_0x562203946cc0_0_4, LS_0x562203946cc0_0_8, LS_0x562203946cc0_0_12;
LS_0x562203946cc0_1_4 .concat8 [ 1 0 0 0], LS_0x562203946cc0_0_16;
L_0x562203946cc0 .concat8 [ 16 1 0 0], LS_0x562203946cc0_1_0, LS_0x562203946cc0_1_4;
L_0x562203946bc0 .part L_0x5622039433d0, 15, 1;
S_0x5622038eb2c0 .scope module, "Layer_1" "Layer1" 3 20, 5 3 0, S_0x562203810c10;
 .timescale 0 0;
    .port_info 0 /OUTPUT 16 "P"
    .port_info 1 /OUTPUT 16 "G"
    .port_info 2 /INPUT 16 "a"
    .port_info 3 /INPUT 16 "b"
L_0x56220390f3d0 .functor XOR 1, L_0x56220390f460, L_0x56220390f550, C4<0>, C4<0>;
L_0x56220390f640 .functor XOR 1, L_0x56220390f6b0, L_0x56220390f830, C4<0>, C4<0>;
L_0x56220390f960 .functor XOR 1, L_0x56220390f9d0, L_0x56220390fa70, C4<0>, C4<0>;
L_0x56220390fba0 .functor XOR 1, L_0x56220390fc40, L_0x56220390fd30, C4<0>, C4<0>;
L_0x56220390fe70 .functor XOR 1, L_0x56220390ff10, L_0x562203910000, C4<0>, C4<0>;
L_0x562203910150 .functor XOR 1, L_0x562203910230, L_0x5622039102d0, C4<0>, C4<0>;
L_0x562203910430 .functor XOR 1, L_0x5622039104a0, L_0x562203910590, C4<0>, C4<0>;
L_0x5622039103c0 .functor XOR 1, L_0x562203910780, L_0x562203910870, C4<0>, C4<0>;
L_0x5622039109f0 .functor XOR 1, L_0x562203910a90, L_0x562203910b80, C4<0>, C4<0>;
L_0x562203910d10 .functor XOR 1, L_0x562203910e10, L_0x562203910eb0, C4<0>, C4<0>;
L_0x562203911050 .functor XOR 1, L_0x562203910c70, L_0x562203911140, C4<0>, C4<0>;
L_0x5622039112f0 .functor XOR 1, L_0x562203911400, L_0x5622039114f0, C4<0>, C4<0>;
L_0x5622039116b0 .functor XOR 1, L_0x562203911750, L_0x562203911840, C4<0>, C4<0>;
L_0x562203911a10 .functor XOR 1, L_0x562203911b30, L_0x562203911c20, C4<0>, C4<0>;
L_0x562203911390 .functor XOR 1, L_0x562203912040, L_0x562203912130, C4<0>, C4<0>;
L_0x562203912820 .functor XOR 1, L_0x562203912970, L_0x562203912b70, C4<0>, C4<0>;
L_0x562203912c60 .functor AND 1, L_0x562203912cd0, L_0x562203912ee0, C4<1>, C4<1>;
L_0x562203912fd0 .functor AND 1, L_0x5622039130e0, L_0x562203913300, C4<1>, C4<1>;
L_0x5622039133f0 .functor AND 1, L_0x562203913460, L_0x562203913690, C4<1>, C4<1>;
L_0x562203913780 .functor AND 1, L_0x562203913040, L_0x562203913a40, C4<1>, C4<1>;
L_0x562203913b30 .functor AND 1, L_0x562203913ba0, L_0x562203913df0, C4<1>, C4<1>;
L_0x562203913ee0 .functor AND 1, L_0x562203914010, L_0x562203914270, C4<1>, C4<1>;
L_0x562203914360 .functor AND 1, L_0x5622039143d0, L_0x562203914640, C4<1>, C4<1>;
L_0x562203914730 .functor AND 1, L_0x562203914870, L_0x562203914af0, C4<1>, C4<1>;
L_0x562203914be0 .functor AND 1, L_0x562203914c50, L_0x562203914ee0, C4<1>, C4<1>;
L_0x562203914fd0 .functor AND 1, L_0x562203915120, L_0x5622039153c0, C4<1>, C4<1>;
L_0x5622039154b0 .functor AND 1, L_0x562203915520, L_0x5622039157d0, C4<1>, C4<1>;
L_0x5622039158c0 .functor AND 1, L_0x562203915a20, L_0x562203915ce0, C4<1>, C4<1>;
L_0x562203915dd0 .functor AND 1, L_0x562203915e40, L_0x562203916110, C4<1>, C4<1>;
L_0x562203916200 .functor AND 1, L_0x562203916370, L_0x562203916a60, C4<1>, C4<1>;
L_0x562203916f60 .functor AND 1, L_0x562203916fd0, L_0x5622039172c0, C4<1>, C4<1>;
L_0x562203917b10 .functor AND 1, L_0x562203917ce0, L_0x562203917dd0, C4<1>, C4<1>;
v0x5622038eb4d0_0 .net "G", 15 0, L_0x5622039173b0;  alias, 1 drivers
v0x5622038eb5b0_0 .net "P", 15 0, L_0x562203912320;  alias, 1 drivers
v0x5622038eb670_0 .net *"_s0", 0 0, L_0x56220390f3d0;  1 drivers
v0x5622038eb710_0 .net *"_s100", 0 0, L_0x562203912cd0;  1 drivers
v0x5622038eb7f0_0 .net *"_s102", 0 0, L_0x562203912ee0;  1 drivers
v0x5622038eb920_0 .net *"_s103", 0 0, L_0x562203912fd0;  1 drivers
v0x5622038eba00_0 .net *"_s106", 0 0, L_0x5622039130e0;  1 drivers
v0x5622038ebae0_0 .net *"_s108", 0 0, L_0x562203913300;  1 drivers
v0x5622038ebbc0_0 .net *"_s109", 0 0, L_0x5622039133f0;  1 drivers
v0x5622038ebca0_0 .net *"_s11", 0 0, L_0x56220390f830;  1 drivers
v0x5622038ebd80_0 .net *"_s112", 0 0, L_0x562203913460;  1 drivers
v0x5622038ebe60_0 .net *"_s114", 0 0, L_0x562203913690;  1 drivers
v0x5622038ebf40_0 .net *"_s115", 0 0, L_0x562203913780;  1 drivers
v0x5622038ec020_0 .net *"_s118", 0 0, L_0x562203913040;  1 drivers
v0x5622038ec100_0 .net *"_s12", 0 0, L_0x56220390f960;  1 drivers
v0x5622038ec1e0_0 .net *"_s120", 0 0, L_0x562203913a40;  1 drivers
v0x5622038ec2c0_0 .net *"_s121", 0 0, L_0x562203913b30;  1 drivers
v0x5622038ec3a0_0 .net *"_s124", 0 0, L_0x562203913ba0;  1 drivers
v0x5622038ec480_0 .net *"_s126", 0 0, L_0x562203913df0;  1 drivers
v0x5622038ec560_0 .net *"_s127", 0 0, L_0x562203913ee0;  1 drivers
v0x5622038ec640_0 .net *"_s130", 0 0, L_0x562203914010;  1 drivers
v0x5622038ec720_0 .net *"_s132", 0 0, L_0x562203914270;  1 drivers
v0x5622038ec800_0 .net *"_s133", 0 0, L_0x562203914360;  1 drivers
v0x5622038ec8e0_0 .net *"_s136", 0 0, L_0x5622039143d0;  1 drivers
v0x5622038ec9c0_0 .net *"_s138", 0 0, L_0x562203914640;  1 drivers
v0x5622038ecaa0_0 .net *"_s139", 0 0, L_0x562203914730;  1 drivers
v0x5622038ecb80_0 .net *"_s142", 0 0, L_0x562203914870;  1 drivers
v0x5622038ecc60_0 .net *"_s144", 0 0, L_0x562203914af0;  1 drivers
v0x5622038ecd40_0 .net *"_s145", 0 0, L_0x562203914be0;  1 drivers
v0x5622038ece20_0 .net *"_s148", 0 0, L_0x562203914c50;  1 drivers
v0x5622038ecf00_0 .net *"_s15", 0 0, L_0x56220390f9d0;  1 drivers
v0x5622038ecfe0_0 .net *"_s150", 0 0, L_0x562203914ee0;  1 drivers
v0x5622038ed0c0_0 .net *"_s151", 0 0, L_0x562203914fd0;  1 drivers
v0x5622038ed3b0_0 .net *"_s154", 0 0, L_0x562203915120;  1 drivers
v0x5622038ed490_0 .net *"_s156", 0 0, L_0x5622039153c0;  1 drivers
v0x5622038ed570_0 .net *"_s157", 0 0, L_0x5622039154b0;  1 drivers
v0x5622038ed650_0 .net *"_s160", 0 0, L_0x562203915520;  1 drivers
v0x5622038ed730_0 .net *"_s162", 0 0, L_0x5622039157d0;  1 drivers
v0x5622038ed810_0 .net *"_s163", 0 0, L_0x5622039158c0;  1 drivers
v0x5622038ed8f0_0 .net *"_s166", 0 0, L_0x562203915a20;  1 drivers
v0x5622038ed9d0_0 .net *"_s168", 0 0, L_0x562203915ce0;  1 drivers
v0x5622038edab0_0 .net *"_s169", 0 0, L_0x562203915dd0;  1 drivers
v0x5622038edb90_0 .net *"_s17", 0 0, L_0x56220390fa70;  1 drivers
v0x5622038edc70_0 .net *"_s172", 0 0, L_0x562203915e40;  1 drivers
v0x5622038edd50_0 .net *"_s174", 0 0, L_0x562203916110;  1 drivers
v0x5622038ede30_0 .net *"_s175", 0 0, L_0x562203916200;  1 drivers
v0x5622038edf10_0 .net *"_s178", 0 0, L_0x562203916370;  1 drivers
v0x5622038edff0_0 .net *"_s18", 0 0, L_0x56220390fba0;  1 drivers
v0x5622038ee0d0_0 .net *"_s180", 0 0, L_0x562203916a60;  1 drivers
v0x5622038ee1b0_0 .net *"_s181", 0 0, L_0x562203916f60;  1 drivers
v0x5622038ee290_0 .net *"_s184", 0 0, L_0x562203916fd0;  1 drivers
v0x5622038ee370_0 .net *"_s186", 0 0, L_0x5622039172c0;  1 drivers
v0x5622038ee450_0 .net *"_s187", 0 0, L_0x562203917b10;  1 drivers
v0x5622038ee530_0 .net *"_s191", 0 0, L_0x562203917ce0;  1 drivers
v0x5622038ee610_0 .net *"_s193", 0 0, L_0x562203917dd0;  1 drivers
v0x5622038ee6f0_0 .net *"_s21", 0 0, L_0x56220390fc40;  1 drivers
v0x5622038ee7d0_0 .net *"_s23", 0 0, L_0x56220390fd30;  1 drivers
v0x5622038ee8b0_0 .net *"_s24", 0 0, L_0x56220390fe70;  1 drivers
v0x5622038ee990_0 .net *"_s27", 0 0, L_0x56220390ff10;  1 drivers
v0x5622038eea70_0 .net *"_s29", 0 0, L_0x562203910000;  1 drivers
v0x5622038eeb50_0 .net *"_s3", 0 0, L_0x56220390f460;  1 drivers
v0x5622038eec30_0 .net *"_s30", 0 0, L_0x562203910150;  1 drivers
v0x5622038eed10_0 .net *"_s33", 0 0, L_0x562203910230;  1 drivers
v0x5622038eedf0_0 .net *"_s35", 0 0, L_0x5622039102d0;  1 drivers
v0x5622038eeed0_0 .net *"_s36", 0 0, L_0x562203910430;  1 drivers
v0x5622038ef3c0_0 .net *"_s39", 0 0, L_0x5622039104a0;  1 drivers
v0x5622038ef4a0_0 .net *"_s41", 0 0, L_0x562203910590;  1 drivers
v0x5622038ef580_0 .net *"_s42", 0 0, L_0x5622039103c0;  1 drivers
v0x5622038ef660_0 .net *"_s45", 0 0, L_0x562203910780;  1 drivers
v0x5622038ef740_0 .net *"_s47", 0 0, L_0x562203910870;  1 drivers
v0x5622038ef820_0 .net *"_s48", 0 0, L_0x5622039109f0;  1 drivers
v0x5622038ef900_0 .net *"_s5", 0 0, L_0x56220390f550;  1 drivers
v0x5622038ef9e0_0 .net *"_s51", 0 0, L_0x562203910a90;  1 drivers
v0x5622038efac0_0 .net *"_s53", 0 0, L_0x562203910b80;  1 drivers
v0x5622038efba0_0 .net *"_s54", 0 0, L_0x562203910d10;  1 drivers
v0x5622038efc80_0 .net *"_s57", 0 0, L_0x562203910e10;  1 drivers
v0x5622038efd60_0 .net *"_s59", 0 0, L_0x562203910eb0;  1 drivers
v0x5622038efe40_0 .net *"_s6", 0 0, L_0x56220390f640;  1 drivers
v0x5622038eff20_0 .net *"_s60", 0 0, L_0x562203911050;  1 drivers
v0x5622038f0000_0 .net *"_s63", 0 0, L_0x562203910c70;  1 drivers
v0x5622038f00e0_0 .net *"_s65", 0 0, L_0x562203911140;  1 drivers
v0x5622038f01c0_0 .net *"_s66", 0 0, L_0x5622039112f0;  1 drivers
v0x5622038f02a0_0 .net *"_s69", 0 0, L_0x562203911400;  1 drivers
v0x5622038f0380_0 .net *"_s71", 0 0, L_0x5622039114f0;  1 drivers
v0x5622038f0460_0 .net *"_s72", 0 0, L_0x5622039116b0;  1 drivers
v0x5622038f0540_0 .net *"_s75", 0 0, L_0x562203911750;  1 drivers
v0x5622038f0620_0 .net *"_s77", 0 0, L_0x562203911840;  1 drivers
v0x5622038f0700_0 .net *"_s78", 0 0, L_0x562203911a10;  1 drivers
v0x5622038f07e0_0 .net *"_s81", 0 0, L_0x562203911b30;  1 drivers
v0x5622038f08c0_0 .net *"_s83", 0 0, L_0x562203911c20;  1 drivers
v0x5622038f09a0_0 .net *"_s84", 0 0, L_0x562203911390;  1 drivers
v0x5622038f0a80_0 .net *"_s87", 0 0, L_0x562203912040;  1 drivers
v0x5622038f0b60_0 .net *"_s89", 0 0, L_0x562203912130;  1 drivers
v0x5622038f0c40_0 .net *"_s9", 0 0, L_0x56220390f6b0;  1 drivers
v0x5622038f0d20_0 .net *"_s90", 0 0, L_0x562203912820;  1 drivers
v0x5622038f0e00_0 .net *"_s94", 0 0, L_0x562203912970;  1 drivers
v0x5622038f0ee0_0 .net *"_s96", 0 0, L_0x562203912b70;  1 drivers
v0x5622038f0fc0_0 .net *"_s97", 0 0, L_0x562203912c60;  1 drivers
v0x5622038f10a0_0 .net "a", 15 0, v0x56220390f0f0_0;  alias, 1 drivers
v0x5622038f1180_0 .net "b", 15 0, v0x56220390f1d0_0;  alias, 1 drivers
L_0x56220390f460 .part v0x56220390f0f0_0, 0, 1;
L_0x56220390f550 .part v0x56220390f1d0_0, 0, 1;
L_0x56220390f6b0 .part v0x56220390f0f0_0, 1, 1;
L_0x56220390f830 .part v0x56220390f1d0_0, 1, 1;
L_0x56220390f9d0 .part v0x56220390f0f0_0, 2, 1;
L_0x56220390fa70 .part v0x56220390f1d0_0, 2, 1;
L_0x56220390fc40 .part v0x56220390f0f0_0, 3, 1;
L_0x56220390fd30 .part v0x56220390f1d0_0, 3, 1;
L_0x56220390ff10 .part v0x56220390f0f0_0, 4, 1;
L_0x562203910000 .part v0x56220390f1d0_0, 4, 1;
L_0x562203910230 .part v0x56220390f0f0_0, 5, 1;
L_0x5622039102d0 .part v0x56220390f1d0_0, 5, 1;
L_0x5622039104a0 .part v0x56220390f0f0_0, 6, 1;
L_0x562203910590 .part v0x56220390f1d0_0, 6, 1;
L_0x562203910780 .part v0x56220390f0f0_0, 7, 1;
L_0x562203910870 .part v0x56220390f1d0_0, 7, 1;
L_0x562203910a90 .part v0x56220390f0f0_0, 8, 1;
L_0x562203910b80 .part v0x56220390f1d0_0, 8, 1;
L_0x562203910e10 .part v0x56220390f0f0_0, 9, 1;
L_0x562203910eb0 .part v0x56220390f1d0_0, 9, 1;
L_0x562203910c70 .part v0x56220390f0f0_0, 10, 1;
L_0x562203911140 .part v0x56220390f1d0_0, 10, 1;
L_0x562203911400 .part v0x56220390f0f0_0, 11, 1;
L_0x5622039114f0 .part v0x56220390f1d0_0, 11, 1;
L_0x562203911750 .part v0x56220390f0f0_0, 12, 1;
L_0x562203911840 .part v0x56220390f1d0_0, 12, 1;
L_0x562203911b30 .part v0x56220390f0f0_0, 13, 1;
L_0x562203911c20 .part v0x56220390f1d0_0, 13, 1;
L_0x562203912040 .part v0x56220390f0f0_0, 14, 1;
L_0x562203912130 .part v0x56220390f1d0_0, 14, 1;
LS_0x562203912320_0_0 .concat8 [ 1 1 1 1], L_0x56220390f3d0, L_0x56220390f640, L_0x56220390f960, L_0x56220390fba0;
LS_0x562203912320_0_4 .concat8 [ 1 1 1 1], L_0x56220390fe70, L_0x562203910150, L_0x562203910430, L_0x5622039103c0;
LS_0x562203912320_0_8 .concat8 [ 1 1 1 1], L_0x5622039109f0, L_0x562203910d10, L_0x562203911050, L_0x5622039112f0;
LS_0x562203912320_0_12 .concat8 [ 1 1 1 1], L_0x5622039116b0, L_0x562203911a10, L_0x562203911390, L_0x562203912820;
L_0x562203912320 .concat8 [ 4 4 4 4], LS_0x562203912320_0_0, LS_0x562203912320_0_4, LS_0x562203912320_0_8, LS_0x562203912320_0_12;
L_0x562203912970 .part v0x56220390f0f0_0, 15, 1;
L_0x562203912b70 .part v0x56220390f1d0_0, 15, 1;
L_0x562203912cd0 .part v0x56220390f0f0_0, 0, 1;
L_0x562203912ee0 .part v0x56220390f1d0_0, 0, 1;
L_0x5622039130e0 .part v0x56220390f0f0_0, 1, 1;
L_0x562203913300 .part v0x56220390f1d0_0, 1, 1;
L_0x562203913460 .part v0x56220390f0f0_0, 2, 1;
L_0x562203913690 .part v0x56220390f1d0_0, 2, 1;
L_0x562203913040 .part v0x56220390f0f0_0, 3, 1;
L_0x562203913a40 .part v0x56220390f1d0_0, 3, 1;
L_0x562203913ba0 .part v0x56220390f0f0_0, 4, 1;
L_0x562203913df0 .part v0x56220390f1d0_0, 4, 1;
L_0x562203914010 .part v0x56220390f0f0_0, 5, 1;
L_0x562203914270 .part v0x56220390f1d0_0, 5, 1;
L_0x5622039143d0 .part v0x56220390f0f0_0, 6, 1;
L_0x562203914640 .part v0x56220390f1d0_0, 6, 1;
L_0x562203914870 .part v0x56220390f0f0_0, 7, 1;
L_0x562203914af0 .part v0x56220390f1d0_0, 7, 1;
L_0x562203914c50 .part v0x56220390f0f0_0, 8, 1;
L_0x562203914ee0 .part v0x56220390f1d0_0, 8, 1;
L_0x562203915120 .part v0x56220390f0f0_0, 9, 1;
L_0x5622039153c0 .part v0x56220390f1d0_0, 9, 1;
L_0x562203915520 .part v0x56220390f0f0_0, 10, 1;
L_0x5622039157d0 .part v0x56220390f1d0_0, 10, 1;
L_0x562203915a20 .part v0x56220390f0f0_0, 11, 1;
L_0x562203915ce0 .part v0x56220390f1d0_0, 11, 1;
L_0x562203915e40 .part v0x56220390f0f0_0, 12, 1;
L_0x562203916110 .part v0x56220390f1d0_0, 12, 1;
L_0x562203916370 .part v0x56220390f0f0_0, 13, 1;
L_0x562203916a60 .part v0x56220390f1d0_0, 13, 1;
L_0x562203916fd0 .part v0x56220390f0f0_0, 14, 1;
L_0x5622039172c0 .part v0x56220390f1d0_0, 14, 1;
LS_0x5622039173b0_0_0 .concat8 [ 1 1 1 1], L_0x562203912c60, L_0x562203912fd0, L_0x5622039133f0, L_0x562203913780;
LS_0x5622039173b0_0_4 .concat8 [ 1 1 1 1], L_0x562203913b30, L_0x562203913ee0, L_0x562203914360, L_0x562203914730;
LS_0x5622039173b0_0_8 .concat8 [ 1 1 1 1], L_0x562203914be0, L_0x562203914fd0, L_0x5622039154b0, L_0x5622039158c0;
LS_0x5622039173b0_0_12 .concat8 [ 1 1 1 1], L_0x562203915dd0, L_0x562203916200, L_0x562203916f60, L_0x562203917b10;
L_0x5622039173b0 .concat8 [ 4 4 4 4], LS_0x5622039173b0_0_0, LS_0x5622039173b0_0_4, LS_0x5622039173b0_0_8, LS_0x5622039173b0_0_12;
L_0x562203917ce0 .part v0x56220390f0f0_0, 15, 1;
L_0x562203917dd0 .part v0x56220390f1d0_0, 15, 1;
S_0x5622038f12e0 .scope module, "Layer_2" "Layer2" 3 21, 6 3 0, S_0x562203810c10;
 .timescale 0 0;
    .port_info 0 /OUTPUT 16 "H"
    .port_info 1 /OUTPUT 16 "I"
    .port_info 2 /INPUT 16 "P"
    .port_info 3 /INPUT 16 "G"
L_0x562203918220 .functor AND 1, L_0x562203918290, L_0x562203918330, C4<1>, C4<1>;
L_0x562203918420 .functor AND 1, L_0x562203918490, L_0x562203918580, C4<1>, C4<1>;
L_0x562203918670 .functor AND 1, L_0x5622039186e0, L_0x5622039187d0, C4<1>, C4<1>;
L_0x562203918910 .functor AND 1, L_0x562203918980, L_0x562203918a70, C4<1>, C4<1>;
L_0x562203918bc0 .functor AND 1, L_0x562203918c30, L_0x562203918cd0, C4<1>, C4<1>;
L_0x562203918e30 .functor AND 1, L_0x562203918ea0, L_0x562203918f90, C4<1>, C4<1>;
L_0x562203918dc0 .functor AND 1, L_0x562203919100, L_0x5622039191f0, C4<1>, C4<1>;
L_0x562203919370 .functor AND 1, L_0x562203919430, L_0x562203919520, C4<1>, C4<1>;
L_0x5622039196b0 .functor AND 1, L_0x562203919720, L_0x562203919810, C4<1>, C4<1>;
L_0x5622039199b0 .functor AND 1, L_0x562203919610, L_0x562203919a80, C4<1>, C4<1>;
L_0x562203919c30 .functor AND 1, L_0x562203919ca0, L_0x562203919d90, C4<1>, C4<1>;
L_0x562203919f50 .functor AND 1, L_0x56220391a030, L_0x56220391a120, C4<1>, C4<1>;
L_0x56220391a2f0 .functor AND 1, L_0x56220391a360, L_0x56220391a450, C4<1>, C4<1>;
L_0x56220391a630 .functor AND 1, L_0x56220391a750, L_0x56220391ac50, C4<1>, C4<1>;
L_0x562203919fc0 .functor AND 1, L_0x56220391b3e0, L_0x56220391b5e0, C4<1>, C4<1>;
L_0x56220391b6d0 .functor AND 1, L_0x56220391b7d0, L_0x56220391b9e0, C4<1>, C4<1>;
L_0x56220391bad0 .functor AND 1, L_0x56220391bb40, L_0x56220391bd60, C4<1>, C4<1>;
L_0x56220391be50 .functor AND 1, L_0x56220391bf60, L_0x56220391c190, C4<1>, C4<1>;
L_0x56220391c280 .functor AND 1, L_0x56220391c2f0, L_0x56220391c530, C4<1>, C4<1>;
L_0x56220391c620 .functor AND 1, L_0x56220391bec0, L_0x56220391c8f0, C4<1>, C4<1>;
L_0x56220391c9e0 .functor AND 1, L_0x56220391ca50, L_0x56220391ccb0, C4<1>, C4<1>;
L_0x56220391cda0 .functor AND 1, L_0x56220391ced0, L_0x56220391d140, C4<1>, C4<1>;
L_0x56220391d230 .functor AND 1, L_0x56220391d2a0, L_0x56220391d520, C4<1>, C4<1>;
L_0x56220391d610 .functor AND 1, L_0x56220391d750, L_0x56220391d9e0, C4<1>, C4<1>;
L_0x56220391dad0 .functor AND 1, L_0x56220391db40, L_0x56220391dde0, C4<1>, C4<1>;
L_0x56220391ded0 .functor AND 1, L_0x56220391e020, L_0x56220391e2d0, C4<1>, C4<1>;
L_0x56220391e3c0 .functor AND 1, L_0x56220391e430, L_0x56220391e6f0, C4<1>, C4<1>;
L_0x56220391e7e0 .functor AND 1, L_0x56220391e940, L_0x56220391ec10, C4<1>, C4<1>;
L_0x56220391ed00 .functor AND 1, L_0x56220391ed70, L_0x56220391f050, C4<1>, C4<1>;
L_0x56220391f840 .functor AND 1, L_0x56220391fa00, L_0x56220391faf0, C4<1>, C4<1>;
L_0x56220391fdf0 .functor OR 1, L_0x56220391fe60, L_0x56220391ffa0, C4<0>, C4<0>;
L_0x5622039202b0 .functor OR 1, L_0x562203920430, L_0x562203920520, C4<0>, C4<0>;
L_0x562203920840 .functor OR 1, L_0x5622039208b0, L_0x5622039209a0, C4<0>, C4<0>;
L_0x562203920c80 .functor OR 1, L_0x562203920e10, L_0x562203920f00, C4<0>, C4<0>;
L_0x562203921240 .functor OR 1, L_0x5622039212b0, L_0x5622039213a0, C4<0>, C4<0>;
L_0x5622039216f0 .functor OR 1, L_0x562203921890, L_0x562203921980, C4<0>, C4<0>;
L_0x562203921ce0 .functor OR 1, L_0x562203921d50, L_0x562203921e40, C4<0>, C4<0>;
L_0x5622039221b0 .functor OR 1, L_0x562203922360, L_0x562203922450, C4<0>, C4<0>;
L_0x5622039227d0 .functor OR 1, L_0x562203922840, L_0x562203922930, C4<0>, C4<0>;
L_0x562203922cc0 .functor OR 1, L_0x562203922e80, L_0x562203922f70, C4<0>, C4<0>;
L_0x562203923310 .functor OR 1, L_0x562203923380, L_0x562203923470, C4<0>, C4<0>;
L_0x562203923820 .functor OR 1, L_0x5622039239f0, L_0x562203923ae0, C4<0>, C4<0>;
L_0x562203923ea0 .functor OR 1, L_0x562203923f10, L_0x562203924000, C4<0>, C4<0>;
L_0x5622039247e0 .functor OR 1, L_0x5622039249c0, L_0x562203924ab0, C4<0>, C4<0>;
L_0x5622039253e0 .functor OR 1, L_0x5622039254a0, L_0x562203925890, C4<0>, C4<0>;
v0x5622038f1500_0 .net "G", 15 0, L_0x5622039173b0;  alias, 1 drivers
v0x5622038f15f0_0 .net "H", 15 0, L_0x56220391ae40;  alias, 1 drivers
v0x5622038f16b0_0 .net "I", 15 0, L_0x562203924e90;  alias, 1 drivers
v0x5622038f17a0_0 .net "P", 15 0, L_0x562203912320;  alias, 1 drivers
v0x5622038f18b0_0 .net "T", 15 1, L_0x56220391f140;  1 drivers
v0x5622038f19e0_0 .net *"_s102", 0 0, L_0x56220391b7d0;  1 drivers
v0x5622038f1ac0_0 .net *"_s104", 0 0, L_0x56220391b9e0;  1 drivers
v0x5622038f1ba0_0 .net *"_s105", 0 0, L_0x56220391bad0;  1 drivers
v0x5622038f1c80_0 .net *"_s108", 0 0, L_0x56220391bb40;  1 drivers
v0x5622038f1d60_0 .net *"_s11", 0 0, L_0x562203918290;  1 drivers
v0x5622038f1e40_0 .net *"_s110", 0 0, L_0x56220391bd60;  1 drivers
v0x5622038f1f20_0 .net *"_s111", 0 0, L_0x56220391be50;  1 drivers
v0x5622038f2000_0 .net *"_s114", 0 0, L_0x56220391bf60;  1 drivers
v0x5622038f20e0_0 .net *"_s116", 0 0, L_0x56220391c190;  1 drivers
v0x5622038f21c0_0 .net *"_s117", 0 0, L_0x56220391c280;  1 drivers
v0x5622038f22a0_0 .net *"_s120", 0 0, L_0x56220391c2f0;  1 drivers
v0x5622038f2380_0 .net *"_s122", 0 0, L_0x56220391c530;  1 drivers
v0x5622038f2460_0 .net *"_s123", 0 0, L_0x56220391c620;  1 drivers
v0x5622038f2540_0 .net *"_s126", 0 0, L_0x56220391bec0;  1 drivers
v0x5622038f2620_0 .net *"_s128", 0 0, L_0x56220391c8f0;  1 drivers
v0x5622038f2700_0 .net *"_s129", 0 0, L_0x56220391c9e0;  1 drivers
v0x5622038f27e0_0 .net *"_s13", 0 0, L_0x562203918330;  1 drivers
v0x5622038f28c0_0 .net *"_s132", 0 0, L_0x56220391ca50;  1 drivers
v0x5622038f29a0_0 .net *"_s134", 0 0, L_0x56220391ccb0;  1 drivers
v0x5622038f2a80_0 .net *"_s135", 0 0, L_0x56220391cda0;  1 drivers
v0x5622038f2b60_0 .net *"_s138", 0 0, L_0x56220391ced0;  1 drivers
v0x5622038f2c40_0 .net *"_s14", 0 0, L_0x562203918420;  1 drivers
v0x5622038f2d20_0 .net *"_s140", 0 0, L_0x56220391d140;  1 drivers
v0x5622038f2e00_0 .net *"_s141", 0 0, L_0x56220391d230;  1 drivers
v0x5622038f2ee0_0 .net *"_s144", 0 0, L_0x56220391d2a0;  1 drivers
v0x5622038f2fc0_0 .net *"_s146", 0 0, L_0x56220391d520;  1 drivers
v0x5622038f30a0_0 .net *"_s147", 0 0, L_0x56220391d610;  1 drivers
v0x5622038f3180_0 .net *"_s150", 0 0, L_0x56220391d750;  1 drivers
v0x5622038f3260_0 .net *"_s152", 0 0, L_0x56220391d9e0;  1 drivers
v0x5622038f3340_0 .net *"_s153", 0 0, L_0x56220391dad0;  1 drivers
v0x5622038f3420_0 .net *"_s156", 0 0, L_0x56220391db40;  1 drivers
v0x5622038f3500_0 .net *"_s158", 0 0, L_0x56220391dde0;  1 drivers
v0x5622038f35e0_0 .net *"_s159", 0 0, L_0x56220391ded0;  1 drivers
v0x5622038f36c0_0 .net *"_s162", 0 0, L_0x56220391e020;  1 drivers
v0x5622038f37a0_0 .net *"_s164", 0 0, L_0x56220391e2d0;  1 drivers
v0x5622038f3880_0 .net *"_s165", 0 0, L_0x56220391e3c0;  1 drivers
v0x5622038f3960_0 .net *"_s168", 0 0, L_0x56220391e430;  1 drivers
v0x5622038f3a40_0 .net *"_s17", 0 0, L_0x562203918490;  1 drivers
v0x5622038f3b20_0 .net *"_s170", 0 0, L_0x56220391e6f0;  1 drivers
v0x5622038f3c00_0 .net *"_s171", 0 0, L_0x56220391e7e0;  1 drivers
v0x5622038f3ce0_0 .net *"_s174", 0 0, L_0x56220391e940;  1 drivers
v0x5622038f3dc0_0 .net *"_s176", 0 0, L_0x56220391ec10;  1 drivers
v0x5622038f3ea0_0 .net *"_s177", 0 0, L_0x56220391ed00;  1 drivers
v0x5622038f3f80_0 .net *"_s180", 0 0, L_0x56220391ed70;  1 drivers
v0x5622038f4060_0 .net *"_s182", 0 0, L_0x56220391f050;  1 drivers
v0x5622038f4140_0 .net *"_s183", 0 0, L_0x56220391f840;  1 drivers
v0x5622038f4220_0 .net *"_s187", 0 0, L_0x56220391fa00;  1 drivers
v0x5622038f4300_0 .net *"_s189", 0 0, L_0x56220391faf0;  1 drivers
v0x5622038f43e0_0 .net *"_s19", 0 0, L_0x562203918580;  1 drivers
v0x5622038f44c0_0 .net *"_s190", 0 0, L_0x56220391fdf0;  1 drivers
v0x5622038f45a0_0 .net *"_s193", 0 0, L_0x56220391fe60;  1 drivers
v0x5622038f4680_0 .net *"_s195", 0 0, L_0x56220391ffa0;  1 drivers
v0x5622038f4760_0 .net *"_s196", 0 0, L_0x5622039202b0;  1 drivers
v0x5622038f4840_0 .net *"_s199", 0 0, L_0x562203920430;  1 drivers
v0x5622038f4920_0 .net *"_s20", 0 0, L_0x562203918670;  1 drivers
v0x5622038f4a00_0 .net *"_s201", 0 0, L_0x562203920520;  1 drivers
v0x5622038f4ae0_0 .net *"_s202", 0 0, L_0x562203920840;  1 drivers
v0x5622038f4bc0_0 .net *"_s205", 0 0, L_0x5622039208b0;  1 drivers
v0x5622038f4ca0_0 .net *"_s207", 0 0, L_0x5622039209a0;  1 drivers
v0x5622038f4d80_0 .net *"_s208", 0 0, L_0x562203920c80;  1 drivers
v0x5622038f5270_0 .net *"_s211", 0 0, L_0x562203920e10;  1 drivers
v0x5622038f5350_0 .net *"_s213", 0 0, L_0x562203920f00;  1 drivers
v0x5622038f5430_0 .net *"_s214", 0 0, L_0x562203921240;  1 drivers
v0x5622038f5510_0 .net *"_s217", 0 0, L_0x5622039212b0;  1 drivers
v0x5622038f55f0_0 .net *"_s219", 0 0, L_0x5622039213a0;  1 drivers
v0x5622038f56d0_0 .net *"_s220", 0 0, L_0x5622039216f0;  1 drivers
v0x5622038f57b0_0 .net *"_s223", 0 0, L_0x562203921890;  1 drivers
v0x5622038f5890_0 .net *"_s225", 0 0, L_0x562203921980;  1 drivers
v0x5622038f5970_0 .net *"_s226", 0 0, L_0x562203921ce0;  1 drivers
v0x5622038f5a50_0 .net *"_s229", 0 0, L_0x562203921d50;  1 drivers
v0x5622038f5b30_0 .net *"_s23", 0 0, L_0x5622039186e0;  1 drivers
v0x5622038f5c10_0 .net *"_s231", 0 0, L_0x562203921e40;  1 drivers
v0x5622038f5cf0_0 .net *"_s232", 0 0, L_0x5622039221b0;  1 drivers
v0x5622038f5dd0_0 .net *"_s235", 0 0, L_0x562203922360;  1 drivers
v0x5622038f5eb0_0 .net *"_s237", 0 0, L_0x562203922450;  1 drivers
v0x5622038f5f90_0 .net *"_s238", 0 0, L_0x5622039227d0;  1 drivers
v0x5622038f6070_0 .net *"_s241", 0 0, L_0x562203922840;  1 drivers
v0x5622038f6150_0 .net *"_s243", 0 0, L_0x562203922930;  1 drivers
v0x5622038f6230_0 .net *"_s244", 0 0, L_0x562203922cc0;  1 drivers
v0x5622038f6310_0 .net *"_s247", 0 0, L_0x562203922e80;  1 drivers
v0x5622038f63f0_0 .net *"_s249", 0 0, L_0x562203922f70;  1 drivers
v0x5622038f64d0_0 .net *"_s25", 0 0, L_0x5622039187d0;  1 drivers
v0x5622038f65b0_0 .net *"_s250", 0 0, L_0x562203923310;  1 drivers
v0x5622038f6690_0 .net *"_s253", 0 0, L_0x562203923380;  1 drivers
v0x5622038f6770_0 .net *"_s255", 0 0, L_0x562203923470;  1 drivers
v0x5622038f6850_0 .net *"_s256", 0 0, L_0x562203923820;  1 drivers
v0x5622038f6930_0 .net *"_s259", 0 0, L_0x5622039239f0;  1 drivers
v0x5622038f6a10_0 .net *"_s26", 0 0, L_0x562203918910;  1 drivers
v0x5622038f6af0_0 .net *"_s261", 0 0, L_0x562203923ae0;  1 drivers
v0x5622038f6bd0_0 .net *"_s262", 0 0, L_0x562203923ea0;  1 drivers
v0x5622038f6cb0_0 .net *"_s265", 0 0, L_0x562203923f10;  1 drivers
v0x5622038f6d90_0 .net *"_s267", 0 0, L_0x562203924000;  1 drivers
v0x5622038f6e70_0 .net *"_s268", 0 0, L_0x5622039247e0;  1 drivers
v0x5622038f6f50_0 .net *"_s271", 0 0, L_0x5622039249c0;  1 drivers
v0x5622038f7030_0 .net *"_s273", 0 0, L_0x562203924ab0;  1 drivers
v0x5622038f7110_0 .net *"_s274", 0 0, L_0x5622039253e0;  1 drivers
v0x5622038f71f0_0 .net *"_s278", 0 0, L_0x5622039254a0;  1 drivers
v0x5622038f72d0_0 .net *"_s280", 0 0, L_0x562203925890;  1 drivers
v0x5622038f73b0_0 .net *"_s29", 0 0, L_0x562203918980;  1 drivers
v0x5622038f7490_0 .net *"_s3", 0 0, L_0x5622039180e0;  1 drivers
v0x5622038f7570_0 .net *"_s31", 0 0, L_0x562203918a70;  1 drivers
v0x5622038f7650_0 .net *"_s32", 0 0, L_0x562203918bc0;  1 drivers
v0x5622038f7730_0 .net *"_s35", 0 0, L_0x562203918c30;  1 drivers
v0x5622038f7810_0 .net *"_s37", 0 0, L_0x562203918cd0;  1 drivers
v0x5622038f78f0_0 .net *"_s38", 0 0, L_0x562203918e30;  1 drivers
v0x5622038f79d0_0 .net *"_s41", 0 0, L_0x562203918ea0;  1 drivers
v0x5622038f7ab0_0 .net *"_s43", 0 0, L_0x562203918f90;  1 drivers
v0x5622038f7b90_0 .net *"_s44", 0 0, L_0x562203918dc0;  1 drivers
v0x5622038f7c70_0 .net *"_s47", 0 0, L_0x562203919100;  1 drivers
v0x5622038f7d50_0 .net *"_s49", 0 0, L_0x5622039191f0;  1 drivers
v0x5622038f7e30_0 .net *"_s50", 0 0, L_0x562203919370;  1 drivers
v0x5622038f7f10_0 .net *"_s53", 0 0, L_0x562203919430;  1 drivers
v0x5622038f7ff0_0 .net *"_s55", 0 0, L_0x562203919520;  1 drivers
v0x5622038f80d0_0 .net *"_s56", 0 0, L_0x5622039196b0;  1 drivers
v0x5622038f81b0_0 .net *"_s59", 0 0, L_0x562203919720;  1 drivers
v0x5622038f8290_0 .net *"_s61", 0 0, L_0x562203919810;  1 drivers
v0x5622038f8370_0 .net *"_s62", 0 0, L_0x5622039199b0;  1 drivers
v0x5622038f8450_0 .net *"_s65", 0 0, L_0x562203919610;  1 drivers
v0x5622038f8530_0 .net *"_s67", 0 0, L_0x562203919a80;  1 drivers
v0x5622038f8610_0 .net *"_s68", 0 0, L_0x562203919c30;  1 drivers
v0x5622038f86f0_0 .net *"_s7", 0 0, L_0x562203918180;  1 drivers
v0x5622038f87d0_0 .net *"_s71", 0 0, L_0x562203919ca0;  1 drivers
v0x5622038f88b0_0 .net *"_s73", 0 0, L_0x562203919d90;  1 drivers
v0x5622038f8990_0 .net *"_s74", 0 0, L_0x562203919f50;  1 drivers
v0x5622038f9280_0 .net *"_s77", 0 0, L_0x56220391a030;  1 drivers
v0x5622038f9360_0 .net *"_s79", 0 0, L_0x56220391a120;  1 drivers
v0x5622038f9440_0 .net *"_s8", 0 0, L_0x562203918220;  1 drivers
v0x5622038f9520_0 .net *"_s80", 0 0, L_0x56220391a2f0;  1 drivers
v0x5622038f9600_0 .net *"_s83", 0 0, L_0x56220391a360;  1 drivers
v0x5622038f96e0_0 .net *"_s85", 0 0, L_0x56220391a450;  1 drivers
v0x5622038f97c0_0 .net *"_s86", 0 0, L_0x56220391a630;  1 drivers
v0x5622038f98a0_0 .net *"_s89", 0 0, L_0x56220391a750;  1 drivers
v0x5622038f9980_0 .net *"_s91", 0 0, L_0x56220391ac50;  1 drivers
v0x5622038f9a60_0 .net *"_s92", 0 0, L_0x562203919fc0;  1 drivers
v0x5622038f9b40_0 .net *"_s96", 0 0, L_0x56220391b3e0;  1 drivers
v0x5622038f9c20_0 .net *"_s98", 0 0, L_0x56220391b5e0;  1 drivers
v0x5622038f9d00_0 .net *"_s99", 0 0, L_0x56220391b6d0;  1 drivers
L_0x5622039180e0 .part L_0x562203912320, 0, 1;
L_0x562203918180 .part L_0x5622039173b0, 0, 1;
L_0x562203918290 .part L_0x562203912320, 1, 1;
L_0x562203918330 .part L_0x562203912320, 0, 1;
L_0x562203918490 .part L_0x562203912320, 2, 1;
L_0x562203918580 .part L_0x562203912320, 1, 1;
L_0x5622039186e0 .part L_0x562203912320, 3, 1;
L_0x5622039187d0 .part L_0x562203912320, 2, 1;
L_0x562203918980 .part L_0x562203912320, 4, 1;
L_0x562203918a70 .part L_0x562203912320, 3, 1;
L_0x562203918c30 .part L_0x562203912320, 5, 1;
L_0x562203918cd0 .part L_0x562203912320, 4, 1;
L_0x562203918ea0 .part L_0x562203912320, 6, 1;
L_0x562203918f90 .part L_0x562203912320, 5, 1;
L_0x562203919100 .part L_0x562203912320, 7, 1;
L_0x5622039191f0 .part L_0x562203912320, 6, 1;
L_0x562203919430 .part L_0x562203912320, 8, 1;
L_0x562203919520 .part L_0x562203912320, 7, 1;
L_0x562203919720 .part L_0x562203912320, 9, 1;
L_0x562203919810 .part L_0x562203912320, 8, 1;
L_0x562203919610 .part L_0x562203912320, 10, 1;
L_0x562203919a80 .part L_0x562203912320, 9, 1;
L_0x562203919ca0 .part L_0x562203912320, 11, 1;
L_0x562203919d90 .part L_0x562203912320, 10, 1;
L_0x56220391a030 .part L_0x562203912320, 12, 1;
L_0x56220391a120 .part L_0x562203912320, 11, 1;
L_0x56220391a360 .part L_0x562203912320, 13, 1;
L_0x56220391a450 .part L_0x562203912320, 12, 1;
L_0x56220391a750 .part L_0x562203912320, 14, 1;
L_0x56220391ac50 .part L_0x562203912320, 13, 1;
LS_0x56220391ae40_0_0 .concat8 [ 1 1 1 1], L_0x5622039180e0, L_0x562203918220, L_0x562203918420, L_0x562203918670;
LS_0x56220391ae40_0_4 .concat8 [ 1 1 1 1], L_0x562203918910, L_0x562203918bc0, L_0x562203918e30, L_0x562203918dc0;
LS_0x56220391ae40_0_8 .concat8 [ 1 1 1 1], L_0x562203919370, L_0x5622039196b0, L_0x5622039199b0, L_0x562203919c30;
LS_0x56220391ae40_0_12 .concat8 [ 1 1 1 1], L_0x562203919f50, L_0x56220391a2f0, L_0x56220391a630, L_0x562203919fc0;
L_0x56220391ae40 .concat8 [ 4 4 4 4], LS_0x56220391ae40_0_0, LS_0x56220391ae40_0_4, LS_0x56220391ae40_0_8, LS_0x56220391ae40_0_12;
L_0x56220391b3e0 .part L_0x562203912320, 15, 1;
L_0x56220391b5e0 .part L_0x562203912320, 14, 1;
L_0x56220391b7d0 .part L_0x562203912320, 1, 1;
L_0x56220391b9e0 .part L_0x5622039173b0, 0, 1;
L_0x56220391bb40 .part L_0x562203912320, 2, 1;
L_0x56220391bd60 .part L_0x5622039173b0, 1, 1;
L_0x56220391bf60 .part L_0x562203912320, 3, 1;
L_0x56220391c190 .part L_0x5622039173b0, 2, 1;
L_0x56220391c2f0 .part L_0x562203912320, 4, 1;
L_0x56220391c530 .part L_0x5622039173b0, 3, 1;
L_0x56220391bec0 .part L_0x562203912320, 5, 1;
L_0x56220391c8f0 .part L_0x5622039173b0, 4, 1;
L_0x56220391ca50 .part L_0x562203912320, 6, 1;
L_0x56220391ccb0 .part L_0x5622039173b0, 5, 1;
L_0x56220391ced0 .part L_0x562203912320, 7, 1;
L_0x56220391d140 .part L_0x5622039173b0, 6, 1;
L_0x56220391d2a0 .part L_0x562203912320, 8, 1;
L_0x56220391d520 .part L_0x5622039173b0, 7, 1;
L_0x56220391d750 .part L_0x562203912320, 9, 1;
L_0x56220391d9e0 .part L_0x5622039173b0, 8, 1;
L_0x56220391db40 .part L_0x562203912320, 10, 1;
L_0x56220391dde0 .part L_0x5622039173b0, 9, 1;
L_0x56220391e020 .part L_0x562203912320, 11, 1;
L_0x56220391e2d0 .part L_0x5622039173b0, 10, 1;
L_0x56220391e430 .part L_0x562203912320, 12, 1;
L_0x56220391e6f0 .part L_0x5622039173b0, 11, 1;
L_0x56220391e940 .part L_0x562203912320, 13, 1;
L_0x56220391ec10 .part L_0x5622039173b0, 12, 1;
L_0x56220391ed70 .part L_0x562203912320, 14, 1;
L_0x56220391f050 .part L_0x5622039173b0, 13, 1;
LS_0x56220391f140_0_0 .concat8 [ 1 1 1 1], L_0x56220391b6d0, L_0x56220391bad0, L_0x56220391be50, L_0x56220391c280;
LS_0x56220391f140_0_4 .concat8 [ 1 1 1 1], L_0x56220391c620, L_0x56220391c9e0, L_0x56220391cda0, L_0x56220391d230;
LS_0x56220391f140_0_8 .concat8 [ 1 1 1 1], L_0x56220391d610, L_0x56220391dad0, L_0x56220391ded0, L_0x56220391e3c0;
LS_0x56220391f140_0_12 .concat8 [ 1 1 1 0], L_0x56220391e7e0, L_0x56220391ed00, L_0x56220391f840;
L_0x56220391f140 .concat8 [ 4 4 4 3], LS_0x56220391f140_0_0, LS_0x56220391f140_0_4, LS_0x56220391f140_0_8, LS_0x56220391f140_0_12;
L_0x56220391fa00 .part L_0x562203912320, 15, 1;
L_0x56220391faf0 .part L_0x5622039173b0, 14, 1;
L_0x56220391fe60 .part L_0x56220391f140, 0, 1;
L_0x56220391ffa0 .part L_0x5622039173b0, 1, 1;
L_0x562203920430 .part L_0x56220391f140, 1, 1;
L_0x562203920520 .part L_0x5622039173b0, 2, 1;
L_0x5622039208b0 .part L_0x56220391f140, 2, 1;
L_0x5622039209a0 .part L_0x5622039173b0, 3, 1;
L_0x562203920e10 .part L_0x56220391f140, 3, 1;
L_0x562203920f00 .part L_0x5622039173b0, 4, 1;
L_0x5622039212b0 .part L_0x56220391f140, 4, 1;
L_0x5622039213a0 .part L_0x5622039173b0, 5, 1;
L_0x562203921890 .part L_0x56220391f140, 5, 1;
L_0x562203921980 .part L_0x5622039173b0, 6, 1;
L_0x562203921d50 .part L_0x56220391f140, 6, 1;
L_0x562203921e40 .part L_0x5622039173b0, 7, 1;
L_0x562203922360 .part L_0x56220391f140, 7, 1;
L_0x562203922450 .part L_0x5622039173b0, 8, 1;
L_0x562203922840 .part L_0x56220391f140, 8, 1;
L_0x562203922930 .part L_0x5622039173b0, 9, 1;
L_0x562203922e80 .part L_0x56220391f140, 9, 1;
L_0x562203922f70 .part L_0x5622039173b0, 10, 1;
L_0x562203923380 .part L_0x56220391f140, 10, 1;
L_0x562203923470 .part L_0x5622039173b0, 11, 1;
L_0x5622039239f0 .part L_0x56220391f140, 11, 1;
L_0x562203923ae0 .part L_0x5622039173b0, 12, 1;
L_0x562203923f10 .part L_0x56220391f140, 12, 1;
L_0x562203924000 .part L_0x5622039173b0, 13, 1;
L_0x5622039249c0 .part L_0x56220391f140, 13, 1;
L_0x562203924ab0 .part L_0x5622039173b0, 14, 1;
LS_0x562203924e90_0_0 .concat8 [ 1 1 1 1], L_0x562203918180, L_0x56220391fdf0, L_0x5622039202b0, L_0x562203920840;
LS_0x562203924e90_0_4 .concat8 [ 1 1 1 1], L_0x562203920c80, L_0x562203921240, L_0x5622039216f0, L_0x562203921ce0;
LS_0x562203924e90_0_8 .concat8 [ 1 1 1 1], L_0x5622039221b0, L_0x5622039227d0, L_0x562203922cc0, L_0x562203923310;
LS_0x562203924e90_0_12 .concat8 [ 1 1 1 1], L_0x562203923820, L_0x562203923ea0, L_0x5622039247e0, L_0x5622039253e0;
L_0x562203924e90 .concat8 [ 4 4 4 4], LS_0x562203924e90_0_0, LS_0x562203924e90_0_4, LS_0x562203924e90_0_8, LS_0x562203924e90_0_12;
L_0x5622039254a0 .part L_0x56220391f140, 14, 1;
L_0x562203925890 .part L_0x5622039173b0, 15, 1;
S_0x5622038f9e60 .scope module, "Layer_3" "Layer3" 3 22, 7 3 0, S_0x562203810c10;
 .timescale 0 0;
    .port_info 0 /OUTPUT 16 "J"
    .port_info 1 /OUTPUT 16 "K"
    .port_info 2 /INPUT 16 "H"
    .port_info 3 /INPUT 16 "I"
L_0x562203925c90 .functor AND 1, L_0x562203925d00, L_0x562203925da0, C4<1>, C4<1>;
L_0x562203925e40 .functor AND 1, L_0x562203925eb0, L_0x562203925fa0, C4<1>, C4<1>;
L_0x5622039260e0 .functor AND 1, L_0x562203926150, L_0x562203926240, C4<1>, C4<1>;
L_0x562203926390 .functor AND 1, L_0x562203926400, L_0x5622039264a0, C4<1>, C4<1>;
L_0x562203926600 .functor AND 1, L_0x562203926670, L_0x562203926760, C4<1>, C4<1>;
L_0x562203926590 .functor AND 1, L_0x5622039268d0, L_0x5622039269c0, C4<1>, C4<1>;
L_0x562203926b40 .functor AND 1, L_0x562203926bb0, L_0x562203926ca0, C4<1>, C4<1>;
L_0x562203926e30 .functor AND 1, L_0x562203926ef0, L_0x562203926fe0, C4<1>, C4<1>;
L_0x562203927180 .functor AND 1, L_0x562203926d90, L_0x562203927240, C4<1>, C4<1>;
L_0x5622039273f0 .functor AND 1, L_0x5622039274c0, L_0x562203927560, C4<1>, C4<1>;
L_0x562203927720 .functor AND 1, L_0x562203927790, L_0x562203927880, C4<1>, C4<1>;
L_0x562203927a50 .functor AND 1, L_0x562203927b30, L_0x562203927c20, C4<1>, C4<1>;
L_0x562203927e00 .functor AND 1, L_0x562203927ea0, L_0x562203927f90, C4<1>, C4<1>;
L_0x5622039286d0 .functor AND 1, L_0x562203928810, L_0x562203928e20, C4<1>, C4<1>;
L_0x562203927ac0 .functor AND 1, L_0x562203928f10, L_0x562203929120, C4<1>, C4<1>;
L_0x562203929210 .functor AND 1, L_0x562203929310, L_0x562203929530, C4<1>, C4<1>;
L_0x562203929620 .functor AND 1, L_0x562203929690, L_0x5622039298c0, C4<1>, C4<1>;
L_0x5622039299b0 .functor AND 1, L_0x562203929ac0, L_0x562203929d00, C4<1>, C4<1>;
L_0x562203929df0 .functor AND 1, L_0x562203929e60, L_0x56220392a0b0, C4<1>, C4<1>;
L_0x56220392a1a0 .functor AND 1, L_0x562203929a20, L_0x56220392a480, C4<1>, C4<1>;
L_0x56220392a570 .functor AND 1, L_0x56220392a5e0, L_0x56220392a850, C4<1>, C4<1>;
L_0x56220392a940 .functor AND 1, L_0x56220392aa70, L_0x56220392acf0, C4<1>, C4<1>;
L_0x56220392ade0 .functor AND 1, L_0x56220392ae50, L_0x56220392b0e0, C4<1>, C4<1>;
L_0x56220392b1d0 .functor AND 1, L_0x56220392b310, L_0x56220392b5b0, C4<1>, C4<1>;
L_0x56220392b6a0 .functor AND 1, L_0x56220392b710, L_0x56220392b9c0, C4<1>, C4<1>;
L_0x56220392bab0 .functor AND 1, L_0x56220392bc00, L_0x56220392bec0, C4<1>, C4<1>;
L_0x56220392bfb0 .functor AND 1, L_0x56220392c020, L_0x56220392c2f0, C4<1>, C4<1>;
L_0x56220392ca80 .functor AND 1, L_0x56220392cc30, L_0x56220392cd20, C4<1>, C4<1>;
L_0x56220392d010 .functor OR 1, L_0x56220392d080, L_0x56220392d1c0, C4<0>, C4<0>;
L_0x56220392d4c0 .functor OR 1, L_0x56220392d630, L_0x56220392d720, C4<0>, C4<0>;
L_0x56220392da30 .functor OR 1, L_0x56220392daa0, L_0x56220392db90, C4<0>, C4<0>;
L_0x56220392de60 .functor OR 1, L_0x56220392dfe0, L_0x56220392e0d0, C4<0>, C4<0>;
L_0x56220392e400 .functor OR 1, L_0x56220392e470, L_0x56220392e560, C4<0>, C4<0>;
L_0x56220392e8a0 .functor OR 1, L_0x56220392ea30, L_0x56220392eb20, C4<0>, C4<0>;
L_0x56220392ee70 .functor OR 1, L_0x56220392eee0, L_0x56220392efd0, C4<0>, C4<0>;
L_0x56220392f330 .functor OR 1, L_0x56220392f4d0, L_0x56220392f5c0, C4<0>, C4<0>;
L_0x56220392f930 .functor OR 1, L_0x56220392f9a0, L_0x56220392fa90, C4<0>, C4<0>;
L_0x56220392fe10 .functor OR 1, L_0x56220392ffc0, L_0x5622039300b0, C4<0>, C4<0>;
L_0x562203930440 .functor OR 1, L_0x5622039304b0, L_0x5622039305a0, C4<0>, C4<0>;
L_0x562203930940 .functor OR 1, L_0x562203930b00, L_0x562203930bf0, C4<0>, C4<0>;
L_0x562203930fa0 .functor OR 1, L_0x562203931010, L_0x562203931100, C4<0>, C4<0>;
L_0x562203931e20 .functor OR 1, L_0x562203932040, L_0x562203932410, C4<0>, C4<0>;
v0x5622038fa050_0 .net "H", 15 0, L_0x56220391ae40;  alias, 1 drivers
v0x5622038fa130_0 .net "I", 15 0, L_0x562203924e90;  alias, 1 drivers
v0x5622038fa200_0 .net "J", 15 0, L_0x562203928180;  alias, 1 drivers
v0x5622038fa2d0_0 .net "K", 15 0, L_0x5622039318d0;  alias, 1 drivers
v0x5622038fa3b0_0 .net "T", 15 2, L_0x56220392c3e0;  1 drivers
v0x5622038fa4e0_0 .net *"_s100", 0 0, L_0x562203928e20;  1 drivers
v0x5622038fa5c0_0 .net *"_s101", 0 0, L_0x562203927ac0;  1 drivers
v0x5622038fa6a0_0 .net *"_s104", 0 0, L_0x562203928f10;  1 drivers
v0x5622038fa780_0 .net *"_s106", 0 0, L_0x562203929120;  1 drivers
v0x5622038fa860_0 .net *"_s107", 0 0, L_0x562203929210;  1 drivers
v0x5622038fa940_0 .net *"_s11", 0 0, L_0x562203925b50;  1 drivers
v0x5622038faa20_0 .net *"_s110", 0 0, L_0x562203929310;  1 drivers
v0x5622038fab00_0 .net *"_s112", 0 0, L_0x562203929530;  1 drivers
v0x5622038fabe0_0 .net *"_s113", 0 0, L_0x562203929620;  1 drivers
v0x5622038facc0_0 .net *"_s116", 0 0, L_0x562203929690;  1 drivers
v0x5622038fada0_0 .net *"_s118", 0 0, L_0x5622039298c0;  1 drivers
v0x5622038fae80_0 .net *"_s119", 0 0, L_0x5622039299b0;  1 drivers
v0x5622038faf60_0 .net *"_s122", 0 0, L_0x562203929ac0;  1 drivers
v0x5622038fb040_0 .net *"_s124", 0 0, L_0x562203929d00;  1 drivers
v0x5622038fb120_0 .net *"_s125", 0 0, L_0x562203929df0;  1 drivers
v0x5622038fb200_0 .net *"_s128", 0 0, L_0x562203929e60;  1 drivers
v0x5622038fb2e0_0 .net *"_s130", 0 0, L_0x56220392a0b0;  1 drivers
v0x5622038fb3c0_0 .net *"_s131", 0 0, L_0x56220392a1a0;  1 drivers
v0x5622038fb4a0_0 .net *"_s134", 0 0, L_0x562203929a20;  1 drivers
v0x5622038fb580_0 .net *"_s136", 0 0, L_0x56220392a480;  1 drivers
v0x5622038fb660_0 .net *"_s137", 0 0, L_0x56220392a570;  1 drivers
v0x5622038fb740_0 .net *"_s140", 0 0, L_0x56220392a5e0;  1 drivers
v0x5622038fb820_0 .net *"_s142", 0 0, L_0x56220392a850;  1 drivers
v0x5622038fb900_0 .net *"_s143", 0 0, L_0x56220392a940;  1 drivers
v0x5622038fb9e0_0 .net *"_s146", 0 0, L_0x56220392aa70;  1 drivers
v0x5622038fbac0_0 .net *"_s148", 0 0, L_0x56220392acf0;  1 drivers
v0x5622038fbba0_0 .net *"_s149", 0 0, L_0x56220392ade0;  1 drivers
v0x5622038fbc80_0 .net *"_s15", 0 0, L_0x562203925bf0;  1 drivers
v0x5622038fbd60_0 .net *"_s152", 0 0, L_0x56220392ae50;  1 drivers
v0x5622038fbe40_0 .net *"_s154", 0 0, L_0x56220392b0e0;  1 drivers
v0x5622038fbf20_0 .net *"_s155", 0 0, L_0x56220392b1d0;  1 drivers
v0x5622038fc000_0 .net *"_s158", 0 0, L_0x56220392b310;  1 drivers
v0x5622038fc0e0_0 .net *"_s16", 0 0, L_0x562203925c90;  1 drivers
v0x5622038fc1c0_0 .net *"_s160", 0 0, L_0x56220392b5b0;  1 drivers
v0x5622038fc2a0_0 .net *"_s161", 0 0, L_0x56220392b6a0;  1 drivers
v0x5622038fc380_0 .net *"_s164", 0 0, L_0x56220392b710;  1 drivers
v0x5622038fc460_0 .net *"_s166", 0 0, L_0x56220392b9c0;  1 drivers
v0x5622038fc540_0 .net *"_s167", 0 0, L_0x56220392bab0;  1 drivers
v0x5622038fc620_0 .net *"_s170", 0 0, L_0x56220392bc00;  1 drivers
v0x5622038fc700_0 .net *"_s172", 0 0, L_0x56220392bec0;  1 drivers
v0x5622038fc7e0_0 .net *"_s173", 0 0, L_0x56220392bfb0;  1 drivers
v0x5622038fc8c0_0 .net *"_s176", 0 0, L_0x56220392c020;  1 drivers
v0x5622038fc9a0_0 .net *"_s178", 0 0, L_0x56220392c2f0;  1 drivers
v0x5622038fca80_0 .net *"_s179", 0 0, L_0x56220392ca80;  1 drivers
v0x5622038fcb60_0 .net *"_s183", 0 0, L_0x56220392cc30;  1 drivers
v0x5622038fcc40_0 .net *"_s185", 0 0, L_0x56220392cd20;  1 drivers
v0x5622038fcd20_0 .net *"_s186", 0 0, L_0x56220392d010;  1 drivers
v0x5622038fce00_0 .net *"_s189", 0 0, L_0x56220392d080;  1 drivers
v0x5622038fcee0_0 .net *"_s19", 0 0, L_0x562203925d00;  1 drivers
v0x5622038fcfc0_0 .net *"_s191", 0 0, L_0x56220392d1c0;  1 drivers
v0x5622038fd0a0_0 .net *"_s192", 0 0, L_0x56220392d4c0;  1 drivers
v0x5622038fd180_0 .net *"_s195", 0 0, L_0x56220392d630;  1 drivers
v0x5622038fd260_0 .net *"_s197", 0 0, L_0x56220392d720;  1 drivers
v0x5622038fd340_0 .net *"_s198", 0 0, L_0x56220392da30;  1 drivers
v0x5622038fd420_0 .net *"_s201", 0 0, L_0x56220392daa0;  1 drivers
v0x5622038fd500_0 .net *"_s203", 0 0, L_0x56220392db90;  1 drivers
v0x5622038fd5e0_0 .net *"_s204", 0 0, L_0x56220392de60;  1 drivers
v0x5622038fd6c0_0 .net *"_s207", 0 0, L_0x56220392dfe0;  1 drivers
v0x5622038fd7a0_0 .net *"_s209", 0 0, L_0x56220392e0d0;  1 drivers
v0x5622038fd880_0 .net *"_s21", 0 0, L_0x562203925da0;  1 drivers
v0x5622038fd960_0 .net *"_s210", 0 0, L_0x56220392e400;  1 drivers
v0x5622038fda40_0 .net *"_s213", 0 0, L_0x56220392e470;  1 drivers
v0x5622038fdb20_0 .net *"_s215", 0 0, L_0x56220392e560;  1 drivers
v0x5622038fdc00_0 .net *"_s216", 0 0, L_0x56220392e8a0;  1 drivers
v0x5622038fdce0_0 .net *"_s219", 0 0, L_0x56220392ea30;  1 drivers
v0x5622038fddc0_0 .net *"_s22", 0 0, L_0x562203925e40;  1 drivers
v0x5622038fdea0_0 .net *"_s221", 0 0, L_0x56220392eb20;  1 drivers
v0x5622038fdf80_0 .net *"_s222", 0 0, L_0x56220392ee70;  1 drivers
v0x5622038fe060_0 .net *"_s225", 0 0, L_0x56220392eee0;  1 drivers
v0x5622038fe140_0 .net *"_s227", 0 0, L_0x56220392efd0;  1 drivers
v0x5622038fe220_0 .net *"_s228", 0 0, L_0x56220392f330;  1 drivers
v0x5622038fe300_0 .net *"_s231", 0 0, L_0x56220392f4d0;  1 drivers
v0x5622038fe3e0_0 .net *"_s233", 0 0, L_0x56220392f5c0;  1 drivers
v0x5622038fe4c0_0 .net *"_s234", 0 0, L_0x56220392f930;  1 drivers
v0x5622038fe5a0_0 .net *"_s237", 0 0, L_0x56220392f9a0;  1 drivers
v0x5622038fe680_0 .net *"_s239", 0 0, L_0x56220392fa90;  1 drivers
v0x5622038fe760_0 .net *"_s240", 0 0, L_0x56220392fe10;  1 drivers
v0x5622038fe840_0 .net *"_s243", 0 0, L_0x56220392ffc0;  1 drivers
v0x5622038fe920_0 .net *"_s245", 0 0, L_0x5622039300b0;  1 drivers
v0x5622038fea00_0 .net *"_s246", 0 0, L_0x562203930440;  1 drivers
v0x5622038feae0_0 .net *"_s249", 0 0, L_0x5622039304b0;  1 drivers
v0x5622038febc0_0 .net *"_s25", 0 0, L_0x562203925eb0;  1 drivers
v0x5622038feca0_0 .net *"_s251", 0 0, L_0x5622039305a0;  1 drivers
v0x5622038fed80_0 .net *"_s252", 0 0, L_0x562203930940;  1 drivers
v0x5622038fee60_0 .net *"_s255", 0 0, L_0x562203930b00;  1 drivers
v0x5622038fef40_0 .net *"_s257", 0 0, L_0x562203930bf0;  1 drivers
v0x5622038ff020_0 .net *"_s258", 0 0, L_0x562203930fa0;  1 drivers
v0x5622038ff100_0 .net *"_s261", 0 0, L_0x562203931010;  1 drivers
v0x5622038ff1e0_0 .net *"_s263", 0 0, L_0x562203931100;  1 drivers
v0x5622038ff2c0_0 .net *"_s264", 0 0, L_0x562203931e20;  1 drivers
v0x5622038ff3a0_0 .net *"_s268", 0 0, L_0x562203932040;  1 drivers
v0x5622038ff480_0 .net *"_s27", 0 0, L_0x562203925fa0;  1 drivers
v0x5622038ff560_0 .net *"_s270", 0 0, L_0x562203932410;  1 drivers
v0x5622038ff640_0 .net *"_s28", 0 0, L_0x5622039260e0;  1 drivers
v0x5622038ff720_0 .net *"_s3", 0 0, L_0x562203925980;  1 drivers
v0x5622038ff800_0 .net *"_s31", 0 0, L_0x562203926150;  1 drivers
v0x5622038ff8e0_0 .net *"_s33", 0 0, L_0x562203926240;  1 drivers
v0x5622038ff9c0_0 .net *"_s34", 0 0, L_0x562203926390;  1 drivers
v0x5622038ffaa0_0 .net *"_s37", 0 0, L_0x562203926400;  1 drivers
v0x5622038ffb80_0 .net *"_s39", 0 0, L_0x5622039264a0;  1 drivers
v0x5622038ffc60_0 .net *"_s40", 0 0, L_0x562203926600;  1 drivers
v0x5622038ffd40_0 .net *"_s43", 0 0, L_0x562203926670;  1 drivers
v0x5622038ffe20_0 .net *"_s45", 0 0, L_0x562203926760;  1 drivers
v0x5622038fff00_0 .net *"_s46", 0 0, L_0x562203926590;  1 drivers
v0x5622038fffe0_0 .net *"_s49", 0 0, L_0x5622039268d0;  1 drivers
v0x5622039000c0_0 .net *"_s51", 0 0, L_0x5622039269c0;  1 drivers
v0x5622039001a0_0 .net *"_s52", 0 0, L_0x562203926b40;  1 drivers
v0x562203900280_0 .net *"_s55", 0 0, L_0x562203926bb0;  1 drivers
v0x562203900360_0 .net *"_s57", 0 0, L_0x562203926ca0;  1 drivers
v0x562203900440_0 .net *"_s58", 0 0, L_0x562203926e30;  1 drivers
v0x562203900520_0 .net *"_s61", 0 0, L_0x562203926ef0;  1 drivers
v0x562203900600_0 .net *"_s63", 0 0, L_0x562203926fe0;  1 drivers
v0x5622039006e0_0 .net *"_s64", 0 0, L_0x562203927180;  1 drivers
v0x5622039007c0_0 .net *"_s67", 0 0, L_0x562203926d90;  1 drivers
v0x5622039008a0_0 .net *"_s69", 0 0, L_0x562203927240;  1 drivers
v0x562203900980_0 .net *"_s7", 0 0, L_0x562203925a20;  1 drivers
v0x562203900a60_0 .net *"_s70", 0 0, L_0x5622039273f0;  1 drivers
v0x562203900b40_0 .net *"_s73", 0 0, L_0x5622039274c0;  1 drivers
v0x562203900c20_0 .net *"_s75", 0 0, L_0x562203927560;  1 drivers
v0x562203900d00_0 .net *"_s76", 0 0, L_0x562203927720;  1 drivers
v0x562203900de0_0 .net *"_s79", 0 0, L_0x562203927790;  1 drivers
v0x562203900ec0_0 .net *"_s81", 0 0, L_0x562203927880;  1 drivers
v0x562203900fa0_0 .net *"_s82", 0 0, L_0x562203927a50;  1 drivers
v0x562203901080_0 .net *"_s85", 0 0, L_0x562203927b30;  1 drivers
v0x562203901970_0 .net *"_s87", 0 0, L_0x562203927c20;  1 drivers
v0x562203901a50_0 .net *"_s88", 0 0, L_0x562203927e00;  1 drivers
v0x562203901b30_0 .net *"_s91", 0 0, L_0x562203927ea0;  1 drivers
v0x562203901c10_0 .net *"_s93", 0 0, L_0x562203927f90;  1 drivers
v0x562203901cf0_0 .net *"_s94", 0 0, L_0x5622039286d0;  1 drivers
v0x562203901dd0_0 .net *"_s98", 0 0, L_0x562203928810;  1 drivers
L_0x562203925980 .part L_0x56220391ae40, 0, 1;
L_0x562203925a20 .part L_0x562203924e90, 0, 1;
L_0x562203925b50 .part L_0x56220391ae40, 1, 1;
L_0x562203925bf0 .part L_0x562203924e90, 1, 1;
L_0x562203925d00 .part L_0x56220391ae40, 2, 1;
L_0x562203925da0 .part L_0x56220391ae40, 0, 1;
L_0x562203925eb0 .part L_0x56220391ae40, 3, 1;
L_0x562203925fa0 .part L_0x56220391ae40, 1, 1;
L_0x562203926150 .part L_0x56220391ae40, 4, 1;
L_0x562203926240 .part L_0x56220391ae40, 2, 1;
L_0x562203926400 .part L_0x56220391ae40, 5, 1;
L_0x5622039264a0 .part L_0x56220391ae40, 3, 1;
L_0x562203926670 .part L_0x56220391ae40, 6, 1;
L_0x562203926760 .part L_0x56220391ae40, 4, 1;
L_0x5622039268d0 .part L_0x56220391ae40, 7, 1;
L_0x5622039269c0 .part L_0x56220391ae40, 5, 1;
L_0x562203926bb0 .part L_0x56220391ae40, 8, 1;
L_0x562203926ca0 .part L_0x56220391ae40, 6, 1;
L_0x562203926ef0 .part L_0x56220391ae40, 9, 1;
L_0x562203926fe0 .part L_0x56220391ae40, 7, 1;
L_0x562203926d90 .part L_0x56220391ae40, 10, 1;
L_0x562203927240 .part L_0x56220391ae40, 8, 1;
L_0x5622039274c0 .part L_0x56220391ae40, 11, 1;
L_0x562203927560 .part L_0x56220391ae40, 9, 1;
L_0x562203927790 .part L_0x56220391ae40, 12, 1;
L_0x562203927880 .part L_0x56220391ae40, 10, 1;
L_0x562203927b30 .part L_0x56220391ae40, 13, 1;
L_0x562203927c20 .part L_0x56220391ae40, 11, 1;
L_0x562203927ea0 .part L_0x56220391ae40, 14, 1;
L_0x562203927f90 .part L_0x56220391ae40, 12, 1;
LS_0x562203928180_0_0 .concat8 [ 1 1 1 1], L_0x562203925980, L_0x562203925b50, L_0x562203925c90, L_0x562203925e40;
LS_0x562203928180_0_4 .concat8 [ 1 1 1 1], L_0x5622039260e0, L_0x562203926390, L_0x562203926600, L_0x562203926590;
LS_0x562203928180_0_8 .concat8 [ 1 1 1 1], L_0x562203926b40, L_0x562203926e30, L_0x562203927180, L_0x5622039273f0;
LS_0x562203928180_0_12 .concat8 [ 1 1 1 1], L_0x562203927720, L_0x562203927a50, L_0x562203927e00, L_0x5622039286d0;
L_0x562203928180 .concat8 [ 4 4 4 4], LS_0x562203928180_0_0, LS_0x562203928180_0_4, LS_0x562203928180_0_8, LS_0x562203928180_0_12;
L_0x562203928810 .part L_0x56220391ae40, 15, 1;
L_0x562203928e20 .part L_0x56220391ae40, 13, 1;
L_0x562203928f10 .part L_0x56220391ae40, 2, 1;
L_0x562203929120 .part L_0x562203924e90, 0, 1;
L_0x562203929310 .part L_0x56220391ae40, 3, 1;
L_0x562203929530 .part L_0x562203924e90, 1, 1;
L_0x562203929690 .part L_0x56220391ae40, 4, 1;
L_0x5622039298c0 .part L_0x562203924e90, 2, 1;
L_0x562203929ac0 .part L_0x56220391ae40, 5, 1;
L_0x562203929d00 .part L_0x562203924e90, 3, 1;
L_0x562203929e60 .part L_0x56220391ae40, 6, 1;
L_0x56220392a0b0 .part L_0x562203924e90, 4, 1;
L_0x562203929a20 .part L_0x56220391ae40, 7, 1;
L_0x56220392a480 .part L_0x562203924e90, 5, 1;
L_0x56220392a5e0 .part L_0x56220391ae40, 8, 1;
L_0x56220392a850 .part L_0x562203924e90, 6, 1;
L_0x56220392aa70 .part L_0x56220391ae40, 9, 1;
L_0x56220392acf0 .part L_0x562203924e90, 7, 1;
L_0x56220392ae50 .part L_0x56220391ae40, 10, 1;
L_0x56220392b0e0 .part L_0x562203924e90, 8, 1;
L_0x56220392b310 .part L_0x56220391ae40, 11, 1;
L_0x56220392b5b0 .part L_0x562203924e90, 9, 1;
L_0x56220392b710 .part L_0x56220391ae40, 12, 1;
L_0x56220392b9c0 .part L_0x562203924e90, 10, 1;
L_0x56220392bc00 .part L_0x56220391ae40, 13, 1;
L_0x56220392bec0 .part L_0x562203924e90, 11, 1;
L_0x56220392c020 .part L_0x56220391ae40, 14, 1;
L_0x56220392c2f0 .part L_0x562203924e90, 12, 1;
LS_0x56220392c3e0_0_0 .concat8 [ 1 1 1 1], L_0x562203927ac0, L_0x562203929210, L_0x562203929620, L_0x5622039299b0;
LS_0x56220392c3e0_0_4 .concat8 [ 1 1 1 1], L_0x562203929df0, L_0x56220392a1a0, L_0x56220392a570, L_0x56220392a940;
LS_0x56220392c3e0_0_8 .concat8 [ 1 1 1 1], L_0x56220392ade0, L_0x56220392b1d0, L_0x56220392b6a0, L_0x56220392bab0;
LS_0x56220392c3e0_0_12 .concat8 [ 1 1 0 0], L_0x56220392bfb0, L_0x56220392ca80;
L_0x56220392c3e0 .concat8 [ 4 4 4 2], LS_0x56220392c3e0_0_0, LS_0x56220392c3e0_0_4, LS_0x56220392c3e0_0_8, LS_0x56220392c3e0_0_12;
L_0x56220392cc30 .part L_0x56220391ae40, 15, 1;
L_0x56220392cd20 .part L_0x562203924e90, 13, 1;
L_0x56220392d080 .part L_0x56220392c3e0, 0, 1;
L_0x56220392d1c0 .part L_0x562203924e90, 2, 1;
L_0x56220392d630 .part L_0x56220392c3e0, 1, 1;
L_0x56220392d720 .part L_0x562203924e90, 3, 1;
L_0x56220392daa0 .part L_0x56220392c3e0, 2, 1;
L_0x56220392db90 .part L_0x562203924e90, 4, 1;
L_0x56220392dfe0 .part L_0x56220392c3e0, 3, 1;
L_0x56220392e0d0 .part L_0x562203924e90, 5, 1;
L_0x56220392e470 .part L_0x56220392c3e0, 4, 1;
L_0x56220392e560 .part L_0x562203924e90, 6, 1;
L_0x56220392ea30 .part L_0x56220392c3e0, 5, 1;
L_0x56220392eb20 .part L_0x562203924e90, 7, 1;
L_0x56220392eee0 .part L_0x56220392c3e0, 6, 1;
L_0x56220392efd0 .part L_0x562203924e90, 8, 1;
L_0x56220392f4d0 .part L_0x56220392c3e0, 7, 1;
L_0x56220392f5c0 .part L_0x562203924e90, 9, 1;
L_0x56220392f9a0 .part L_0x56220392c3e0, 8, 1;
L_0x56220392fa90 .part L_0x562203924e90, 10, 1;
L_0x56220392ffc0 .part L_0x56220392c3e0, 9, 1;
L_0x5622039300b0 .part L_0x562203924e90, 11, 1;
L_0x5622039304b0 .part L_0x56220392c3e0, 10, 1;
L_0x5622039305a0 .part L_0x562203924e90, 12, 1;
L_0x562203930b00 .part L_0x56220392c3e0, 11, 1;
L_0x562203930bf0 .part L_0x562203924e90, 13, 1;
L_0x562203931010 .part L_0x56220392c3e0, 12, 1;
L_0x562203931100 .part L_0x562203924e90, 14, 1;
LS_0x5622039318d0_0_0 .concat8 [ 1 1 1 1], L_0x562203925a20, L_0x562203925bf0, L_0x56220392d010, L_0x56220392d4c0;
LS_0x5622039318d0_0_4 .concat8 [ 1 1 1 1], L_0x56220392da30, L_0x56220392de60, L_0x56220392e400, L_0x56220392e8a0;
LS_0x5622039318d0_0_8 .concat8 [ 1 1 1 1], L_0x56220392ee70, L_0x56220392f330, L_0x56220392f930, L_0x56220392fe10;
LS_0x5622039318d0_0_12 .concat8 [ 1 1 1 1], L_0x562203930440, L_0x562203930940, L_0x562203930fa0, L_0x562203931e20;
L_0x5622039318d0 .concat8 [ 4 4 4 4], LS_0x5622039318d0_0_0, LS_0x5622039318d0_0_4, LS_0x5622039318d0_0_8, LS_0x5622039318d0_0_12;
L_0x562203932040 .part L_0x56220392c3e0, 13, 1;
L_0x562203932410 .part L_0x562203924e90, 15, 1;
S_0x562203901f30 .scope module, "Layer_4" "Layer4" 3 23, 8 3 0, S_0x562203810c10;
 .timescale 0 0;
    .port_info 0 /OUTPUT 16 "L"
    .port_info 1 /OUTPUT 16 "M"
    .port_info 2 /INPUT 16 "J"
    .port_info 3 /INPUT 16 "K"
L_0x562203932a50 .functor AND 1, L_0x562203932ac0, L_0x562203932b60, C4<1>, C4<1>;
L_0x562203932c60 .functor AND 1, L_0x562203932cd0, L_0x562203932d70, C4<1>, C4<1>;
L_0x562203932ed0 .functor AND 1, L_0x562203932f40, L_0x562203933030, C4<1>, C4<1>;
L_0x562203932e60 .functor AND 1, L_0x5622039331a0, L_0x562203933290, C4<1>, C4<1>;
L_0x562203933410 .functor AND 1, L_0x562203933480, L_0x562203933570, C4<1>, C4<1>;
L_0x562203933700 .functor AND 1, L_0x562203933770, L_0x562203933860, C4<1>, C4<1>;
L_0x562203933a00 .functor AND 1, L_0x562203933660, L_0x562203933ac0, C4<1>, C4<1>;
L_0x562203933c70 .functor AND 1, L_0x562203933d30, L_0x562203933e20, C4<1>, C4<1>;
L_0x562203933fe0 .functor AND 1, L_0x562203934050, L_0x562203934140, C4<1>, C4<1>;
L_0x562203934310 .functor AND 1, L_0x562203934410, L_0x5622039344b0, C4<1>, C4<1>;
L_0x562203934690 .functor AND 1, L_0x562203934730, L_0x562203934820, C4<1>, C4<1>;
L_0x562203934f60 .functor AND 1, L_0x562203935090, L_0x562203935290, C4<1>, C4<1>;
L_0x562203935380 .functor AND 1, L_0x5622039353f0, L_0x562203935a10, C4<1>, C4<1>;
L_0x562203935ab0 .functor AND 1, L_0x562203935ba0, L_0x562203935dc0, C4<1>, C4<1>;
L_0x562203935020 .functor AND 1, L_0x562203935eb0, L_0x5622039360e0, C4<1>, C4<1>;
L_0x5622039361d0 .functor AND 1, L_0x5622039362d0, L_0x562203936510, C4<1>, C4<1>;
L_0x562203936600 .functor AND 1, L_0x562203936670, L_0x5622039368c0, C4<1>, C4<1>;
L_0x5622039369b0 .functor AND 1, L_0x562203936ac0, L_0x562203936d20, C4<1>, C4<1>;
L_0x562203936e10 .functor AND 1, L_0x562203936e80, L_0x5622039370f0, C4<1>, C4<1>;
L_0x5622039371e0 .functor AND 1, L_0x562203936a20, L_0x5622039374e0, C4<1>, C4<1>;
L_0x5622039375d0 .functor AND 1, L_0x562203937640, L_0x5622039378d0, C4<1>, C4<1>;
L_0x5622039379c0 .functor AND 1, L_0x562203937250, L_0x562203937cf0, C4<1>, C4<1>;
L_0x562203937de0 .functor AND 1, L_0x562203937e50, L_0x562203938100, C4<1>, C4<1>;
L_0x562203938840 .functor AND 1, L_0x562203937a30, L_0x562203938a20, C4<1>, C4<1>;
L_0x562203938cf0 .functor OR 1, L_0x562203938d60, L_0x562203938ea0, C4<0>, C4<0>;
L_0x562203939180 .functor OR 1, L_0x562203938900, L_0x562203939320, C4<0>, C4<0>;
L_0x562203939610 .functor OR 1, L_0x562203939680, L_0x562203939770, C4<0>, C4<0>;
L_0x562203939a20 .functor OR 1, L_0x5622039391f0, L_0x562203939bd0, C4<0>, C4<0>;
L_0x562203939ee0 .functor OR 1, L_0x562203939f50, L_0x56220393a040, C4<0>, C4<0>;
L_0x56220393a360 .functor OR 1, L_0x562203939a90, L_0x56220393a4d0, C4<0>, C4<0>;
L_0x56220393a800 .functor OR 1, L_0x56220393a870, L_0x56220393a960, C4<0>, C4<0>;
L_0x56220393aca0 .functor OR 1, L_0x56220393a3d0, L_0x56220393ae20, C4<0>, C4<0>;
L_0x56220393b170 .functor OR 1, L_0x56220393b1e0, L_0x56220393b2d0, C4<0>, C4<0>;
L_0x56220393b630 .functor OR 1, L_0x56220393b7c0, L_0x56220393b8b0, C4<0>, C4<0>;
L_0x56220393bc20 .functor OR 1, L_0x56220393bc90, L_0x56220393bd80, C4<0>, C4<0>;
L_0x56220393c650 .functor OR 1, L_0x56220393b6a0, L_0x56220393cae0, C4<0>, C4<0>;
v0x562203902170_0 .net "J", 15 0, L_0x562203928180;  alias, 1 drivers
v0x562203902250_0 .net "K", 15 0, L_0x5622039318d0;  alias, 1 drivers
v0x562203902320_0 .net "L", 15 0, L_0x562203934a10;  alias, 1 drivers
v0x5622039023f0_0 .net "M", 15 0, L_0x56220393c100;  alias, 1 drivers
v0x5622039024d0_0 .net "T", 15 4, L_0x5622039381f0;  1 drivers
v0x562203902600_0 .net *"_s102", 0 0, L_0x562203935090;  1 drivers
v0x5622039026e0_0 .net *"_s104", 0 0, L_0x562203935290;  1 drivers
v0x5622039027c0_0 .net *"_s105", 0 0, L_0x562203935380;  1 drivers
v0x5622039028a0_0 .net *"_s108", 0 0, L_0x5622039353f0;  1 drivers
v0x562203902980_0 .net *"_s11", 0 0, L_0x562203932640;  1 drivers
v0x562203902a60_0 .net *"_s110", 0 0, L_0x562203935a10;  1 drivers
v0x562203902b40_0 .net *"_s111", 0 0, L_0x562203935ab0;  1 drivers
v0x562203902c20_0 .net *"_s114", 0 0, L_0x562203935ba0;  1 drivers
v0x562203902d00_0 .net *"_s116", 0 0, L_0x562203935dc0;  1 drivers
v0x562203902de0_0 .net *"_s117", 0 0, L_0x562203935020;  1 drivers
v0x562203902ec0_0 .net *"_s120", 0 0, L_0x562203935eb0;  1 drivers
v0x562203902fa0_0 .net *"_s122", 0 0, L_0x5622039360e0;  1 drivers
v0x562203903080_0 .net *"_s123", 0 0, L_0x5622039361d0;  1 drivers
v0x562203903160_0 .net *"_s126", 0 0, L_0x5622039362d0;  1 drivers
v0x562203903240_0 .net *"_s128", 0 0, L_0x562203936510;  1 drivers
v0x562203903320_0 .net *"_s129", 0 0, L_0x562203936600;  1 drivers
v0x562203903400_0 .net *"_s132", 0 0, L_0x562203936670;  1 drivers
v0x5622039034e0_0 .net *"_s134", 0 0, L_0x5622039368c0;  1 drivers
v0x5622039035c0_0 .net *"_s135", 0 0, L_0x5622039369b0;  1 drivers
v0x5622039036a0_0 .net *"_s138", 0 0, L_0x562203936ac0;  1 drivers
v0x562203903780_0 .net *"_s140", 0 0, L_0x562203936d20;  1 drivers
v0x562203903860_0 .net *"_s141", 0 0, L_0x562203936e10;  1 drivers
v0x562203903940_0 .net *"_s144", 0 0, L_0x562203936e80;  1 drivers
v0x562203903a20_0 .net *"_s146", 0 0, L_0x5622039370f0;  1 drivers
v0x562203903b00_0 .net *"_s147", 0 0, L_0x5622039371e0;  1 drivers
v0x562203903be0_0 .net *"_s15", 0 0, L_0x5622039326e0;  1 drivers
v0x562203903cc0_0 .net *"_s150", 0 0, L_0x562203936a20;  1 drivers
v0x562203903da0_0 .net *"_s152", 0 0, L_0x5622039374e0;  1 drivers
v0x562203903e80_0 .net *"_s153", 0 0, L_0x5622039375d0;  1 drivers
v0x562203903f60_0 .net *"_s156", 0 0, L_0x562203937640;  1 drivers
v0x562203904040_0 .net *"_s158", 0 0, L_0x5622039378d0;  1 drivers
v0x562203904120_0 .net *"_s159", 0 0, L_0x5622039379c0;  1 drivers
v0x562203904200_0 .net *"_s162", 0 0, L_0x562203937250;  1 drivers
v0x5622039042e0_0 .net *"_s164", 0 0, L_0x562203937cf0;  1 drivers
v0x5622039043c0_0 .net *"_s165", 0 0, L_0x562203937de0;  1 drivers
v0x5622039044a0_0 .net *"_s168", 0 0, L_0x562203937e50;  1 drivers
v0x562203904580_0 .net *"_s170", 0 0, L_0x562203938100;  1 drivers
v0x562203904660_0 .net *"_s171", 0 0, L_0x562203938840;  1 drivers
v0x562203904740_0 .net *"_s175", 0 0, L_0x562203937a30;  1 drivers
v0x562203904820_0 .net *"_s177", 0 0, L_0x562203938a20;  1 drivers
v0x562203904900_0 .net *"_s178", 0 0, L_0x562203938cf0;  1 drivers
v0x5622039049e0_0 .net *"_s181", 0 0, L_0x562203938d60;  1 drivers
v0x562203904ac0_0 .net *"_s183", 0 0, L_0x562203938ea0;  1 drivers
v0x562203904ba0_0 .net *"_s184", 0 0, L_0x562203939180;  1 drivers
v0x562203904c80_0 .net *"_s187", 0 0, L_0x562203938900;  1 drivers
v0x562203904d60_0 .net *"_s189", 0 0, L_0x562203939320;  1 drivers
v0x562203904e40_0 .net *"_s19", 0 0, L_0x562203932780;  1 drivers
v0x562203904f20_0 .net *"_s190", 0 0, L_0x562203939610;  1 drivers
v0x562203905000_0 .net *"_s193", 0 0, L_0x562203939680;  1 drivers
v0x5622039050e0_0 .net *"_s195", 0 0, L_0x562203939770;  1 drivers
v0x5622039051c0_0 .net *"_s196", 0 0, L_0x562203939a20;  1 drivers
v0x5622039052a0_0 .net *"_s199", 0 0, L_0x5622039391f0;  1 drivers
v0x562203905380_0 .net *"_s201", 0 0, L_0x562203939bd0;  1 drivers
v0x562203905460_0 .net *"_s202", 0 0, L_0x562203939ee0;  1 drivers
v0x562203905540_0 .net *"_s205", 0 0, L_0x562203939f50;  1 drivers
v0x562203905620_0 .net *"_s207", 0 0, L_0x56220393a040;  1 drivers
v0x562203905700_0 .net *"_s208", 0 0, L_0x56220393a360;  1 drivers
v0x5622039057e0_0 .net *"_s211", 0 0, L_0x562203939a90;  1 drivers
v0x5622039058c0_0 .net *"_s213", 0 0, L_0x56220393a4d0;  1 drivers
v0x5622039059a0_0 .net *"_s214", 0 0, L_0x56220393a800;  1 drivers
v0x562203905a80_0 .net *"_s217", 0 0, L_0x56220393a870;  1 drivers
v0x562203905b60_0 .net *"_s219", 0 0, L_0x56220393a960;  1 drivers
v0x562203905c40_0 .net *"_s220", 0 0, L_0x56220393aca0;  1 drivers
v0x562203905d20_0 .net *"_s223", 0 0, L_0x56220393a3d0;  1 drivers
v0x562203905e00_0 .net *"_s225", 0 0, L_0x56220393ae20;  1 drivers
v0x562203905ee0_0 .net *"_s226", 0 0, L_0x56220393b170;  1 drivers
v0x562203905fc0_0 .net *"_s229", 0 0, L_0x56220393b1e0;  1 drivers
v0x5622039060a0_0 .net *"_s23", 0 0, L_0x562203932820;  1 drivers
v0x562203906180_0 .net *"_s231", 0 0, L_0x56220393b2d0;  1 drivers
v0x562203906260_0 .net *"_s232", 0 0, L_0x56220393b630;  1 drivers
v0x562203906340_0 .net *"_s235", 0 0, L_0x56220393b7c0;  1 drivers
v0x562203906420_0 .net *"_s237", 0 0, L_0x56220393b8b0;  1 drivers
v0x562203906500_0 .net *"_s238", 0 0, L_0x56220393bc20;  1 drivers
v0x5622039065e0_0 .net *"_s241", 0 0, L_0x56220393bc90;  1 drivers
v0x5622039066c0_0 .net *"_s243", 0 0, L_0x56220393bd80;  1 drivers
v0x5622039067a0_0 .net *"_s244", 0 0, L_0x56220393c650;  1 drivers
v0x562203906880_0 .net *"_s248", 0 0, L_0x56220393b6a0;  1 drivers
v0x562203906960_0 .net *"_s250", 0 0, L_0x56220393cae0;  1 drivers
v0x562203906a40_0 .net *"_s27", 0 0, L_0x5622039328c0;  1 drivers
v0x562203906b20_0 .net *"_s3", 0 0, L_0x562203932500;  1 drivers
v0x562203906c00_0 .net *"_s31", 0 0, L_0x562203932960;  1 drivers
v0x562203906ce0_0 .net *"_s32", 0 0, L_0x562203932a50;  1 drivers
v0x562203906dc0_0 .net *"_s35", 0 0, L_0x562203932ac0;  1 drivers
v0x562203906ea0_0 .net *"_s37", 0 0, L_0x562203932b60;  1 drivers
v0x562203906f80_0 .net *"_s38", 0 0, L_0x562203932c60;  1 drivers
v0x562203907060_0 .net *"_s41", 0 0, L_0x562203932cd0;  1 drivers
v0x562203907140_0 .net *"_s43", 0 0, L_0x562203932d70;  1 drivers
v0x562203907220_0 .net *"_s44", 0 0, L_0x562203932ed0;  1 drivers
v0x562203907300_0 .net *"_s47", 0 0, L_0x562203932f40;  1 drivers
v0x5622039073e0_0 .net *"_s49", 0 0, L_0x562203933030;  1 drivers
v0x5622039074c0_0 .net *"_s50", 0 0, L_0x562203932e60;  1 drivers
v0x5622039075a0_0 .net *"_s53", 0 0, L_0x5622039331a0;  1 drivers
v0x562203907680_0 .net *"_s55", 0 0, L_0x562203933290;  1 drivers
v0x562203907760_0 .net *"_s56", 0 0, L_0x562203933410;  1 drivers
v0x562203907840_0 .net *"_s59", 0 0, L_0x562203933480;  1 drivers
v0x562203907920_0 .net *"_s61", 0 0, L_0x562203933570;  1 drivers
v0x562203907a00_0 .net *"_s62", 0 0, L_0x562203933700;  1 drivers
v0x562203907ae0_0 .net *"_s65", 0 0, L_0x562203933770;  1 drivers
v0x562203907bc0_0 .net *"_s67", 0 0, L_0x562203933860;  1 drivers
v0x562203907ca0_0 .net *"_s68", 0 0, L_0x562203933a00;  1 drivers
v0x562203907d80_0 .net *"_s7", 0 0, L_0x5622039325a0;  1 drivers
v0x562203907e60_0 .net *"_s71", 0 0, L_0x562203933660;  1 drivers
v0x562203907f40_0 .net *"_s73", 0 0, L_0x562203933ac0;  1 drivers
v0x562203908020_0 .net *"_s74", 0 0, L_0x562203933c70;  1 drivers
v0x562203908100_0 .net *"_s77", 0 0, L_0x562203933d30;  1 drivers
v0x5622039081e0_0 .net *"_s79", 0 0, L_0x562203933e20;  1 drivers
v0x5622039082c0_0 .net *"_s80", 0 0, L_0x562203933fe0;  1 drivers
v0x5622039083a0_0 .net *"_s83", 0 0, L_0x562203934050;  1 drivers
v0x562203908480_0 .net *"_s85", 0 0, L_0x562203934140;  1 drivers
v0x562203908560_0 .net *"_s86", 0 0, L_0x562203934310;  1 drivers
v0x562203908640_0 .net *"_s89", 0 0, L_0x562203934410;  1 drivers
v0x562203908720_0 .net *"_s91", 0 0, L_0x5622039344b0;  1 drivers
v0x562203908800_0 .net *"_s92", 0 0, L_0x562203934690;  1 drivers
v0x5622039088e0_0 .net *"_s95", 0 0, L_0x562203934730;  1 drivers
v0x5622039089c0_0 .net *"_s97", 0 0, L_0x562203934820;  1 drivers
v0x562203908aa0_0 .net *"_s98", 0 0, L_0x562203934f60;  1 drivers
L_0x562203932500 .part L_0x562203928180, 0, 1;
L_0x5622039325a0 .part L_0x5622039318d0, 0, 1;
L_0x562203932640 .part L_0x562203928180, 1, 1;
L_0x5622039326e0 .part L_0x5622039318d0, 1, 1;
L_0x562203932780 .part L_0x562203928180, 2, 1;
L_0x562203932820 .part L_0x5622039318d0, 2, 1;
L_0x5622039328c0 .part L_0x562203928180, 3, 1;
L_0x562203932960 .part L_0x5622039318d0, 3, 1;
L_0x562203932ac0 .part L_0x562203928180, 4, 1;
L_0x562203932b60 .part L_0x562203928180, 0, 1;
L_0x562203932cd0 .part L_0x562203928180, 5, 1;
L_0x562203932d70 .part L_0x562203928180, 1, 1;
L_0x562203932f40 .part L_0x562203928180, 6, 1;
L_0x562203933030 .part L_0x562203928180, 2, 1;
L_0x5622039331a0 .part L_0x562203928180, 7, 1;
L_0x562203933290 .part L_0x562203928180, 3, 1;
L_0x562203933480 .part L_0x562203928180, 8, 1;
L_0x562203933570 .part L_0x562203928180, 4, 1;
L_0x562203933770 .part L_0x562203928180, 9, 1;
L_0x562203933860 .part L_0x562203928180, 5, 1;
L_0x562203933660 .part L_0x562203928180, 10, 1;
L_0x562203933ac0 .part L_0x562203928180, 6, 1;
L_0x562203933d30 .part L_0x562203928180, 11, 1;
L_0x562203933e20 .part L_0x562203928180, 7, 1;
L_0x562203934050 .part L_0x562203928180, 12, 1;
L_0x562203934140 .part L_0x562203928180, 8, 1;
L_0x562203934410 .part L_0x562203928180, 13, 1;
L_0x5622039344b0 .part L_0x562203928180, 9, 1;
L_0x562203934730 .part L_0x562203928180, 14, 1;
L_0x562203934820 .part L_0x562203928180, 10, 1;
LS_0x562203934a10_0_0 .concat8 [ 1 1 1 1], L_0x562203932500, L_0x562203932640, L_0x562203932780, L_0x5622039328c0;
LS_0x562203934a10_0_4 .concat8 [ 1 1 1 1], L_0x562203932a50, L_0x562203932c60, L_0x562203932ed0, L_0x562203932e60;
LS_0x562203934a10_0_8 .concat8 [ 1 1 1 1], L_0x562203933410, L_0x562203933700, L_0x562203933a00, L_0x562203933c70;
LS_0x562203934a10_0_12 .concat8 [ 1 1 1 1], L_0x562203933fe0, L_0x562203934310, L_0x562203934690, L_0x562203934f60;
L_0x562203934a10 .concat8 [ 4 4 4 4], LS_0x562203934a10_0_0, LS_0x562203934a10_0_4, LS_0x562203934a10_0_8, LS_0x562203934a10_0_12;
L_0x562203935090 .part L_0x562203928180, 15, 1;
L_0x562203935290 .part L_0x562203928180, 11, 1;
L_0x5622039353f0 .part L_0x562203928180, 4, 1;
L_0x562203935a10 .part L_0x5622039318d0, 0, 1;
L_0x562203935ba0 .part L_0x562203928180, 5, 1;
L_0x562203935dc0 .part L_0x5622039318d0, 1, 1;
L_0x562203935eb0 .part L_0x562203928180, 6, 1;
L_0x5622039360e0 .part L_0x5622039318d0, 2, 1;
L_0x5622039362d0 .part L_0x562203928180, 7, 1;
L_0x562203936510 .part L_0x5622039318d0, 3, 1;
L_0x562203936670 .part L_0x562203928180, 8, 1;
L_0x5622039368c0 .part L_0x5622039318d0, 4, 1;
L_0x562203936ac0 .part L_0x562203928180, 9, 1;
L_0x562203936d20 .part L_0x5622039318d0, 5, 1;
L_0x562203936e80 .part L_0x562203928180, 10, 1;
L_0x5622039370f0 .part L_0x5622039318d0, 6, 1;
L_0x562203936a20 .part L_0x562203928180, 11, 1;
L_0x5622039374e0 .part L_0x5622039318d0, 7, 1;
L_0x562203937640 .part L_0x562203928180, 12, 1;
L_0x5622039378d0 .part L_0x5622039318d0, 8, 1;
L_0x562203937250 .part L_0x562203928180, 13, 1;
L_0x562203937cf0 .part L_0x5622039318d0, 9, 1;
L_0x562203937e50 .part L_0x562203928180, 14, 1;
L_0x562203938100 .part L_0x5622039318d0, 10, 1;
LS_0x5622039381f0_0_0 .concat8 [ 1 1 1 1], L_0x562203935380, L_0x562203935ab0, L_0x562203935020, L_0x5622039361d0;
LS_0x5622039381f0_0_4 .concat8 [ 1 1 1 1], L_0x562203936600, L_0x5622039369b0, L_0x562203936e10, L_0x5622039371e0;
LS_0x5622039381f0_0_8 .concat8 [ 1 1 1 1], L_0x5622039375d0, L_0x5622039379c0, L_0x562203937de0, L_0x562203938840;
L_0x5622039381f0 .concat8 [ 4 4 4 0], LS_0x5622039381f0_0_0, LS_0x5622039381f0_0_4, LS_0x5622039381f0_0_8;
L_0x562203937a30 .part L_0x562203928180, 15, 1;
L_0x562203938a20 .part L_0x5622039318d0, 11, 1;
L_0x562203938d60 .part L_0x5622039381f0, 0, 1;
L_0x562203938ea0 .part L_0x5622039318d0, 4, 1;
L_0x562203938900 .part L_0x5622039381f0, 1, 1;
L_0x562203939320 .part L_0x5622039318d0, 5, 1;
L_0x562203939680 .part L_0x5622039381f0, 2, 1;
L_0x562203939770 .part L_0x5622039318d0, 6, 1;
L_0x5622039391f0 .part L_0x5622039381f0, 3, 1;
L_0x562203939bd0 .part L_0x5622039318d0, 7, 1;
L_0x562203939f50 .part L_0x5622039381f0, 4, 1;
L_0x56220393a040 .part L_0x5622039318d0, 8, 1;
L_0x562203939a90 .part L_0x5622039381f0, 5, 1;
L_0x56220393a4d0 .part L_0x5622039318d0, 9, 1;
L_0x56220393a870 .part L_0x5622039381f0, 6, 1;
L_0x56220393a960 .part L_0x5622039318d0, 10, 1;
L_0x56220393a3d0 .part L_0x5622039381f0, 7, 1;
L_0x56220393ae20 .part L_0x5622039318d0, 11, 1;
L_0x56220393b1e0 .part L_0x5622039381f0, 8, 1;
L_0x56220393b2d0 .part L_0x5622039318d0, 12, 1;
L_0x56220393b7c0 .part L_0x5622039381f0, 9, 1;
L_0x56220393b8b0 .part L_0x5622039318d0, 13, 1;
L_0x56220393bc90 .part L_0x5622039381f0, 10, 1;
L_0x56220393bd80 .part L_0x5622039318d0, 14, 1;
LS_0x56220393c100_0_0 .concat8 [ 1 1 1 1], L_0x5622039325a0, L_0x5622039326e0, L_0x562203932820, L_0x562203932960;
LS_0x56220393c100_0_4 .concat8 [ 1 1 1 1], L_0x562203938cf0, L_0x562203939180, L_0x562203939610, L_0x562203939a20;
LS_0x56220393c100_0_8 .concat8 [ 1 1 1 1], L_0x562203939ee0, L_0x56220393a360, L_0x56220393a800, L_0x56220393aca0;
LS_0x56220393c100_0_12 .concat8 [ 1 1 1 1], L_0x56220393b170, L_0x56220393b630, L_0x56220393bc20, L_0x56220393c650;
L_0x56220393c100 .concat8 [ 4 4 4 4], LS_0x56220393c100_0_0, LS_0x56220393c100_0_4, LS_0x56220393c100_0_8, LS_0x56220393c100_0_12;
L_0x56220393b6a0 .part L_0x5622039381f0, 11, 1;
L_0x56220393cae0 .part L_0x5622039318d0, 15, 1;
S_0x562203908c00 .scope module, "Layer_5" "Layer5" 3 24, 9 3 0, S_0x562203810c10;
 .timescale 0 0;
    .port_info 0 /OUTPUT 16 "Q"
    .port_info 1 /OUTPUT 16 "C"
    .port_info 2 /INPUT 16 "L"
    .port_info 3 /INPUT 16 "M"
L_0x56220393d400 .functor AND 1, L_0x56220393d780, L_0x56220393d820, C4<1>, C4<1>;
L_0x56220393d960 .functor AND 1, L_0x56220393d9d0, L_0x56220393da70, C4<1>, C4<1>;
L_0x56220393dc10 .functor AND 1, L_0x56220393d8c0, L_0x56220393dcd0, C4<1>, C4<1>;
L_0x56220393db60 .functor AND 1, L_0x56220393de80, L_0x56220393df70, C4<1>, C4<1>;
L_0x56220393ddc0 .functor AND 1, L_0x56220393e130, L_0x56220393e1d0, C4<1>, C4<1>;
L_0x56220393e060 .functor AND 1, L_0x56220393e3a0, L_0x56220393e490, C4<1>, C4<1>;
L_0x56220393e2c0 .functor AND 1, L_0x56220393e670, L_0x56220393e760, C4<1>, C4<1>;
L_0x56220393ee00 .functor AND 1, L_0x56220393ef10, L_0x56220393e850, C4<1>, C4<1>;
L_0x56220393f110 .functor AND 1, L_0x56220393f180, L_0x56220393f390, C4<1>, C4<1>;
L_0x56220393f480 .functor AND 1, L_0x56220393f4f0, L_0x56220393f270, C4<1>, C4<1>;
L_0x56220393f6c0 .functor AND 1, L_0x56220393f730, L_0x56220393f960, C4<1>, C4<1>;
L_0x56220393fa50 .functor AND 1, L_0x56220393fb30, L_0x56220393fd70, C4<1>, C4<1>;
L_0x56220393fe60 .functor AND 1, L_0x56220393fed0, L_0x562203940530, C4<1>, C4<1>;
L_0x562203935b20 .functor AND 1, L_0x5622039405d0, L_0x5622039407e0, C4<1>, C4<1>;
L_0x56220393fac0 .functor AND 1, L_0x5622039408d0, L_0x562203940b40, C4<1>, C4<1>;
L_0x5622039410e0 .functor AND 1, L_0x562203941230, L_0x562203941320, C4<1>, C4<1>;
L_0x5622039415b0 .functor OR 1, L_0x562203941620, L_0x562203941760, C4<0>, C4<0>;
L_0x562203941a00 .functor OR 1, L_0x562203941b10, L_0x562203941c00, C4<0>, C4<0>;
L_0x562203941eb0 .functor OR 1, L_0x562203941f20, L_0x562203942010, C4<0>, C4<0>;
L_0x562203942280 .functor OR 1, L_0x562203941a70, L_0x5622039423f0, C4<0>, C4<0>;
L_0x5622039426c0 .functor OR 1, L_0x562203942730, L_0x562203942820, C4<0>, C4<0>;
L_0x562203942b00 .functor OR 1, L_0x5622039422f0, L_0x562203942c80, C4<0>, C4<0>;
L_0x562203942f70 .functor OR 1, L_0x562203942fe0, L_0x5622039430d0, C4<0>, C4<0>;
L_0x562203943920 .functor OR 1, L_0x562203942b70, L_0x562203943d20, C4<0>, C4<0>;
v0x562203908df0_0 .net "C", 15 0, L_0x5622039433d0;  alias, 1 drivers
v0x562203908f00_0 .net "L", 15 0, L_0x562203934a10;  alias, 1 drivers
v0x562203908fd0_0 .net "M", 15 0, L_0x56220393c100;  alias, 1 drivers
v0x5622039090d0_0 .net "Q", 15 0, L_0x56220393e580;  alias, 1 drivers
v0x562203909170_0 .net "T", 15 8, L_0x562203940c30;  1 drivers
v0x5622039092a0_0 .net *"_s100", 0 0, L_0x56220393e2c0;  1 drivers
v0x562203909380_0 .net *"_s103", 0 0, L_0x56220393e670;  1 drivers
v0x562203909460_0 .net *"_s105", 0 0, L_0x56220393e760;  1 drivers
v0x562203909540_0 .net *"_s106", 0 0, L_0x56220393ee00;  1 drivers
v0x562203909620_0 .net *"_s11", 0 0, L_0x56220393cd10;  1 drivers
v0x562203909700_0 .net *"_s110", 0 0, L_0x56220393ef10;  1 drivers
v0x5622039097e0_0 .net *"_s112", 0 0, L_0x56220393e850;  1 drivers
v0x5622039098c0_0 .net *"_s113", 0 0, L_0x56220393f110;  1 drivers
v0x5622039099a0_0 .net *"_s116", 0 0, L_0x56220393f180;  1 drivers
v0x562203909a80_0 .net *"_s118", 0 0, L_0x56220393f390;  1 drivers
v0x562203909b60_0 .net *"_s119", 0 0, L_0x56220393f480;  1 drivers
v0x562203909c40_0 .net *"_s122", 0 0, L_0x56220393f4f0;  1 drivers
v0x562203909d20_0 .net *"_s124", 0 0, L_0x56220393f270;  1 drivers
v0x562203909e00_0 .net *"_s125", 0 0, L_0x56220393f6c0;  1 drivers
v0x562203909ee0_0 .net *"_s128", 0 0, L_0x56220393f730;  1 drivers
v0x562203909fc0_0 .net *"_s130", 0 0, L_0x56220393f960;  1 drivers
v0x56220390a0a0_0 .net *"_s131", 0 0, L_0x56220393fa50;  1 drivers
v0x56220390a180_0 .net *"_s134", 0 0, L_0x56220393fb30;  1 drivers
v0x56220390a260_0 .net *"_s136", 0 0, L_0x56220393fd70;  1 drivers
v0x56220390a340_0 .net *"_s137", 0 0, L_0x56220393fe60;  1 drivers
v0x56220390a420_0 .net *"_s140", 0 0, L_0x56220393fed0;  1 drivers
v0x56220390a500_0 .net *"_s142", 0 0, L_0x562203940530;  1 drivers
v0x56220390a5e0_0 .net *"_s143", 0 0, L_0x562203935b20;  1 drivers
v0x56220390a6c0_0 .net *"_s146", 0 0, L_0x5622039405d0;  1 drivers
v0x56220390a7a0_0 .net *"_s148", 0 0, L_0x5622039407e0;  1 drivers
v0x56220390a880_0 .net *"_s149", 0 0, L_0x56220393fac0;  1 drivers
v0x56220390a960_0 .net *"_s15", 0 0, L_0x56220393cdb0;  1 drivers
v0x56220390aa40_0 .net *"_s152", 0 0, L_0x5622039408d0;  1 drivers
v0x56220390ab20_0 .net *"_s154", 0 0, L_0x562203940b40;  1 drivers
v0x56220390ac00_0 .net *"_s155", 0 0, L_0x5622039410e0;  1 drivers
v0x56220390ace0_0 .net *"_s159", 0 0, L_0x562203941230;  1 drivers
v0x56220390adc0_0 .net *"_s161", 0 0, L_0x562203941320;  1 drivers
v0x56220390aea0_0 .net *"_s162", 0 0, L_0x5622039415b0;  1 drivers
v0x56220390af80_0 .net *"_s165", 0 0, L_0x562203941620;  1 drivers
v0x56220390b060_0 .net *"_s167", 0 0, L_0x562203941760;  1 drivers
v0x56220390b140_0 .net *"_s168", 0 0, L_0x562203941a00;  1 drivers
v0x56220390b220_0 .net *"_s171", 0 0, L_0x562203941b10;  1 drivers
v0x56220390b300_0 .net *"_s173", 0 0, L_0x562203941c00;  1 drivers
v0x56220390b3e0_0 .net *"_s174", 0 0, L_0x562203941eb0;  1 drivers
v0x56220390b4c0_0 .net *"_s177", 0 0, L_0x562203941f20;  1 drivers
v0x56220390b5a0_0 .net *"_s179", 0 0, L_0x562203942010;  1 drivers
v0x56220390b680_0 .net *"_s180", 0 0, L_0x562203942280;  1 drivers
v0x56220390b760_0 .net *"_s183", 0 0, L_0x562203941a70;  1 drivers
v0x56220390b840_0 .net *"_s185", 0 0, L_0x5622039423f0;  1 drivers
v0x56220390b920_0 .net *"_s186", 0 0, L_0x5622039426c0;  1 drivers
v0x56220390ba00_0 .net *"_s189", 0 0, L_0x562203942730;  1 drivers
v0x56220390bae0_0 .net *"_s19", 0 0, L_0x56220393ce50;  1 drivers
v0x56220390bbc0_0 .net *"_s191", 0 0, L_0x562203942820;  1 drivers
v0x56220390bca0_0 .net *"_s192", 0 0, L_0x562203942b00;  1 drivers
v0x56220390bd80_0 .net *"_s195", 0 0, L_0x5622039422f0;  1 drivers
v0x56220390be60_0 .net *"_s197", 0 0, L_0x562203942c80;  1 drivers
v0x56220390bf40_0 .net *"_s198", 0 0, L_0x562203942f70;  1 drivers
v0x56220390c020_0 .net *"_s201", 0 0, L_0x562203942fe0;  1 drivers
v0x56220390c100_0 .net *"_s203", 0 0, L_0x5622039430d0;  1 drivers
v0x56220390c1e0_0 .net *"_s204", 0 0, L_0x562203943920;  1 drivers
v0x56220390c2c0_0 .net *"_s208", 0 0, L_0x562203942b70;  1 drivers
v0x56220390c3a0_0 .net *"_s210", 0 0, L_0x562203943d20;  1 drivers
v0x56220390c480_0 .net *"_s23", 0 0, L_0x56220393cef0;  1 drivers
v0x56220390c560_0 .net *"_s27", 0 0, L_0x56220393cf90;  1 drivers
v0x56220390c640_0 .net *"_s3", 0 0, L_0x56220393cbd0;  1 drivers
v0x56220390cb30_0 .net *"_s31", 0 0, L_0x56220393d030;  1 drivers
v0x56220390cc10_0 .net *"_s35", 0 0, L_0x56220393d120;  1 drivers
v0x56220390ccf0_0 .net *"_s39", 0 0, L_0x56220393d1c0;  1 drivers
v0x56220390cdd0_0 .net *"_s43", 0 0, L_0x56220393d2c0;  1 drivers
v0x56220390ceb0_0 .net *"_s47", 0 0, L_0x56220393d360;  1 drivers
v0x56220390cf90_0 .net *"_s51", 0 0, L_0x56220393d470;  1 drivers
v0x56220390d070_0 .net *"_s55", 0 0, L_0x56220393d510;  1 drivers
v0x56220390d150_0 .net *"_s59", 0 0, L_0x56220393d5b0;  1 drivers
v0x56220390d230_0 .net *"_s63", 0 0, L_0x56220393d650;  1 drivers
v0x56220390d310_0 .net *"_s64", 0 0, L_0x56220393d400;  1 drivers
v0x56220390d3f0_0 .net *"_s67", 0 0, L_0x56220393d780;  1 drivers
v0x56220390d4d0_0 .net *"_s69", 0 0, L_0x56220393d820;  1 drivers
v0x56220390d5b0_0 .net *"_s7", 0 0, L_0x56220393cc70;  1 drivers
v0x56220390d690_0 .net *"_s70", 0 0, L_0x56220393d960;  1 drivers
v0x56220390d770_0 .net *"_s73", 0 0, L_0x56220393d9d0;  1 drivers
v0x56220390d850_0 .net *"_s75", 0 0, L_0x56220393da70;  1 drivers
v0x56220390d930_0 .net *"_s76", 0 0, L_0x56220393dc10;  1 drivers
v0x56220390da10_0 .net *"_s79", 0 0, L_0x56220393d8c0;  1 drivers
v0x56220390daf0_0 .net *"_s81", 0 0, L_0x56220393dcd0;  1 drivers
v0x56220390dbd0_0 .net *"_s82", 0 0, L_0x56220393db60;  1 drivers
v0x56220390dcb0_0 .net *"_s85", 0 0, L_0x56220393de80;  1 drivers
v0x56220390dd90_0 .net *"_s87", 0 0, L_0x56220393df70;  1 drivers
v0x56220390de70_0 .net *"_s88", 0 0, L_0x56220393ddc0;  1 drivers
v0x56220390df50_0 .net *"_s91", 0 0, L_0x56220393e130;  1 drivers
v0x56220390e030_0 .net *"_s93", 0 0, L_0x56220393e1d0;  1 drivers
v0x56220390e110_0 .net *"_s94", 0 0, L_0x56220393e060;  1 drivers
v0x56220390e1f0_0 .net *"_s97", 0 0, L_0x56220393e3a0;  1 drivers
v0x56220390e2d0_0 .net *"_s99", 0 0, L_0x56220393e490;  1 drivers
L_0x56220393cbd0 .part L_0x562203934a10, 0, 1;
L_0x56220393cc70 .part L_0x56220393c100, 0, 1;
L_0x56220393cd10 .part L_0x562203934a10, 1, 1;
L_0x56220393cdb0 .part L_0x56220393c100, 1, 1;
L_0x56220393ce50 .part L_0x562203934a10, 2, 1;
L_0x56220393cef0 .part L_0x56220393c100, 2, 1;
L_0x56220393cf90 .part L_0x562203934a10, 3, 1;
L_0x56220393d030 .part L_0x56220393c100, 3, 1;
L_0x56220393d120 .part L_0x562203934a10, 4, 1;
L_0x56220393d1c0 .part L_0x56220393c100, 4, 1;
L_0x56220393d2c0 .part L_0x562203934a10, 5, 1;
L_0x56220393d360 .part L_0x56220393c100, 5, 1;
L_0x56220393d470 .part L_0x562203934a10, 6, 1;
L_0x56220393d510 .part L_0x56220393c100, 6, 1;
L_0x56220393d5b0 .part L_0x562203934a10, 7, 1;
L_0x56220393d650 .part L_0x56220393c100, 7, 1;
L_0x56220393d780 .part L_0x562203934a10, 8, 1;
L_0x56220393d820 .part L_0x562203934a10, 0, 1;
L_0x56220393d9d0 .part L_0x562203934a10, 9, 1;
L_0x56220393da70 .part L_0x562203934a10, 1, 1;
L_0x56220393d8c0 .part L_0x562203934a10, 10, 1;
L_0x56220393dcd0 .part L_0x562203934a10, 2, 1;
L_0x56220393de80 .part L_0x562203934a10, 11, 1;
L_0x56220393df70 .part L_0x562203934a10, 3, 1;
L_0x56220393e130 .part L_0x562203934a10, 12, 1;
L_0x56220393e1d0 .part L_0x562203934a10, 4, 1;
L_0x56220393e3a0 .part L_0x562203934a10, 13, 1;
L_0x56220393e490 .part L_0x562203934a10, 5, 1;
L_0x56220393e670 .part L_0x562203934a10, 14, 1;
L_0x56220393e760 .part L_0x562203934a10, 6, 1;
LS_0x56220393e580_0_0 .concat8 [ 1 1 1 1], L_0x56220393cbd0, L_0x56220393cd10, L_0x56220393ce50, L_0x56220393cf90;
LS_0x56220393e580_0_4 .concat8 [ 1 1 1 1], L_0x56220393d120, L_0x56220393d2c0, L_0x56220393d470, L_0x56220393d5b0;
LS_0x56220393e580_0_8 .concat8 [ 1 1 1 1], L_0x56220393d400, L_0x56220393d960, L_0x56220393dc10, L_0x56220393db60;
LS_0x56220393e580_0_12 .concat8 [ 1 1 1 1], L_0x56220393ddc0, L_0x56220393e060, L_0x56220393e2c0, L_0x56220393ee00;
L_0x56220393e580 .concat8 [ 4 4 4 4], LS_0x56220393e580_0_0, LS_0x56220393e580_0_4, LS_0x56220393e580_0_8, LS_0x56220393e580_0_12;
L_0x56220393ef10 .part L_0x562203934a10, 15, 1;
L_0x56220393e850 .part L_0x562203934a10, 7, 1;
L_0x56220393f180 .part L_0x562203934a10, 8, 1;
L_0x56220393f390 .part L_0x56220393c100, 0, 1;
L_0x56220393f4f0 .part L_0x562203934a10, 9, 1;
L_0x56220393f270 .part L_0x56220393c100, 1, 1;
L_0x56220393f730 .part L_0x562203934a10, 10, 1;
L_0x56220393f960 .part L_0x56220393c100, 2, 1;
L_0x56220393fb30 .part L_0x562203934a10, 11, 1;
L_0x56220393fd70 .part L_0x56220393c100, 3, 1;
L_0x56220393fed0 .part L_0x562203934a10, 12, 1;
L_0x562203940530 .part L_0x56220393c100, 4, 1;
L_0x5622039405d0 .part L_0x562203934a10, 13, 1;
L_0x5622039407e0 .part L_0x56220393c100, 5, 1;
L_0x5622039408d0 .part L_0x562203934a10, 14, 1;
L_0x562203940b40 .part L_0x56220393c100, 6, 1;
LS_0x562203940c30_0_0 .concat8 [ 1 1 1 1], L_0x56220393f110, L_0x56220393f480, L_0x56220393f6c0, L_0x56220393fa50;
LS_0x562203940c30_0_4 .concat8 [ 1 1 1 1], L_0x56220393fe60, L_0x562203935b20, L_0x56220393fac0, L_0x5622039410e0;
L_0x562203940c30 .concat8 [ 4 4 0 0], LS_0x562203940c30_0_0, LS_0x562203940c30_0_4;
L_0x562203941230 .part L_0x562203934a10, 15, 1;
L_0x562203941320 .part L_0x56220393c100, 7, 1;
L_0x562203941620 .part L_0x562203940c30, 0, 1;
L_0x562203941760 .part L_0x56220393c100, 8, 1;
L_0x562203941b10 .part L_0x562203940c30, 1, 1;
L_0x562203941c00 .part L_0x56220393c100, 9, 1;
L_0x562203941f20 .part L_0x562203940c30, 2, 1;
L_0x562203942010 .part L_0x56220393c100, 10, 1;
L_0x562203941a70 .part L_0x562203940c30, 3, 1;
L_0x5622039423f0 .part L_0x56220393c100, 11, 1;
L_0x562203942730 .part L_0x562203940c30, 4, 1;
L_0x562203942820 .part L_0x56220393c100, 12, 1;
L_0x5622039422f0 .part L_0x562203940c30, 5, 1;
L_0x562203942c80 .part L_0x56220393c100, 13, 1;
L_0x562203942fe0 .part L_0x562203940c30, 6, 1;
L_0x5622039430d0 .part L_0x56220393c100, 14, 1;
LS_0x5622039433d0_0_0 .concat8 [ 1 1 1 1], L_0x56220393cc70, L_0x56220393cdb0, L_0x56220393cef0, L_0x56220393d030;
LS_0x5622039433d0_0_4 .concat8 [ 1 1 1 1], L_0x56220393d1c0, L_0x56220393d360, L_0x56220393d510, L_0x56220393d650;
LS_0x5622039433d0_0_8 .concat8 [ 1 1 1 1], L_0x5622039415b0, L_0x562203941a00, L_0x562203941eb0, L_0x562203942280;
LS_0x5622039433d0_0_12 .concat8 [ 1 1 1 1], L_0x5622039426c0, L_0x562203942b00, L_0x562203942f70, L_0x562203943920;
L_0x5622039433d0 .concat8 [ 4 4 4 4], LS_0x5622039433d0_0_0, LS_0x5622039433d0_0_4, LS_0x5622039433d0_0_8, LS_0x5622039433d0_0_12;
L_0x562203942b70 .part L_0x562203940c30, 7, 1;
L_0x562203943d20 .part L_0x56220393c100, 15, 1;
    .scope S_0x562203810a90;
T_0 ;
    %pushi/vec4 41184, 0, 16;
    %store/vec4 v0x56220390f0f0_0, 0, 16;
    %pushi/vec4 2574, 0, 16;
    %store/vec4 v0x56220390f1d0_0, 0, 16;
    %delay 5, 0;
    %pushi/vec4 5514, 0, 16;
    %store/vec4 v0x56220390f0f0_0, 0, 16;
    %pushi/vec4 65535, 0, 16;
    %store/vec4 v0x56220390f1d0_0, 0, 16;
    %end;
    .thread T_0;
    .scope S_0x562203810a90;
T_1 ;
    %vpi_call 2 21 "$monitor", $time, "a = %d b = %d sum = %d\012", v0x56220390f0f0_0, v0x56220390f1d0_0, v0x56220390f2e0_0 {0 0 0};
    %end;
    .thread T_1;
# The file index is used to find the file name in the following table.
:file_names 10;
    "N/A";
    "<interactive>";
    "KoggeStoneAdder_tb.v";
    "./KoggeStoneAdder.v";
    "./FinalLayer.v";
    "./Layer1.v";
    "./Layer2.v";
    "./Layer3.v";
    "./Layer4.v";
    "./Layer5.v";
