#! /usr/bin/vvp
:ivl_version "10.2 (stable)";
:ivl_delay_selection "TYPICAL";
:vpi_time_precision + 0;
:vpi_module "system";
:vpi_module "vhdl_sys";
:vpi_module "v2005_math";
:vpi_module "va_math";
S_0x65535af720 .scope module, "RecursiveAdder_tb" "RecursiveAdder_tb" 2 3;
 .timescale 0 0;
v0x65536ab930_0 .var "a", 15 0;
v0x65536aba20_0 .var "b", 15 0;
v0x65536abaf0_0 .net "sum", 16 0, L_0x65536e0c70;  1 drivers
S_0x65535af8a0 .scope module, "RA" "RecursiveAdder" 2 8, 3 3 0, S_0x65535af720;
 .timescale 0 0;
    .port_info 0 /OUTPUT 17 "sum"
    .port_info 1 /INPUT 16 "a"
    .port_info 2 /INPUT 16 "b"
L_0x65536abde0 .functor XOR 1, L_0x65536abc20, L_0x65536abcf0, C4<0>, C4<0>;
L_0x65536ac560 .functor XOR 1, L_0x65536ac3d0, L_0x65536ac470, C4<0>, C4<0>;
L_0x65536ac930 .functor XOR 1, L_0x65536aca90, L_0x65536acb30, C4<0>, C4<0>;
L_0x65536ad450 .functor XOR 1, L_0x65536ad260, L_0x65536ad300, C4<0>, C4<0>;
L_0x65536add00 .functor XOR 1, L_0x65536adae0, L_0x65536adb80, C4<0>, C4<0>;
L_0x65536ae690 .functor XOR 1, L_0x65536ae440, L_0x65536ae4e0, C4<0>, C4<0>;
L_0x65536af0c0 .functor XOR 1, L_0x65536aee40, L_0x65536aeee0, C4<0>, C4<0>;
L_0x65536afd80 .functor XOR 1, L_0x65536af8c0, L_0x65536af960, C4<0>, C4<0>;
L_0x65536b08c0 .functor XOR 1, L_0x65536b05e0, L_0x65536b0680, C4<0>, C4<0>;
L_0x65536b1490 .functor XOR 1, L_0x65536b1180, L_0x65536b1220, C4<0>, C4<0>;
L_0x65536b2100 .functor XOR 1, L_0x65536b1dc0, L_0x65536b1e60, C4<0>, C4<0>;
L_0x65536b2df0 .functor XOR 1, L_0x65536b2a80, L_0x65536b2b20, C4<0>, C4<0>;
L_0x65536b3be0 .functor XOR 1, L_0x65536b3840, L_0x65536b38e0, C4<0>, C4<0>;
L_0x65536b49f0 .functor XOR 1, L_0x65536b4620, L_0x65536b46c0, C4<0>, C4<0>;
L_0x65536b2f00 .functor XOR 1, L_0x65536b5510, L_0x65536b55b0, C4<0>, C4<0>;
L_0x65536b7270 .functor XOR 1, L_0x65536b6a30, L_0x65536b6dc0, C4<0>, C4<0>;
L_0x65536b8920 .functor XOR 1, L_0x65536db590, L_0x65536dba30, L_0x65536dbb20, C4<0>;
L_0x65536dc020 .functor XOR 1, L_0x65536dc130, L_0x65536dc220, L_0x65536dc6e0, C4<0>;
L_0x65536dc7d0 .functor XOR 1, L_0x65536dc840, L_0x65536dcd10, L_0x65536dce00, C4<0>;
L_0x65536dd2e0 .functor XOR 1, L_0x65536dc090, L_0x65536dd400, L_0x65536dd8f0, C4<0>;
L_0x65536dd9e0 .functor XOR 1, L_0x65536dda50, L_0x65536ddf50, L_0x65536de040, C4<0>;
L_0x65536de550 .functor XOR 1, L_0x65536de680, L_0x65536de770, L_0x65536de130, C4<0>;
L_0x65536de220 .functor XOR 1, L_0x65536de290, L_0x65536de380, L_0x65536de470, C4<0>;
L_0x65536de860 .functor XOR 1, L_0x65536de9a0, L_0x65536dea90, L_0x65536deb80, C4<0>;
L_0x65536df150 .functor XOR 1, L_0x65536df1c0, L_0x65536decf0, L_0x65536dede0, C4<0>;
L_0x65536deed0 .functor XOR 1, L_0x65536df020, L_0x65536df730, L_0x65536df2b0, C4<0>;
L_0x65536df3a0 .functor XOR 1, L_0x65536df440, L_0x65536df530, L_0x65536df620, C4<0>;
L_0x65536dfcd0 .functor XOR 1, L_0x65536dfe30, L_0x65536dff20, L_0x65536df820, C4<0>;
L_0x65536df910 .functor XOR 1, L_0x65536dfa40, L_0x65536dfb30, L_0x65536dfc20, C4<0>;
L_0x65536e0010 .functor XOR 1, L_0x65536e01e0, L_0x65536e02d0, L_0x65536e03c0, C4<0>;
L_0x65536e0a20 .functor XOR 1, L_0x65536e0a90, L_0x65536e0530, L_0x65536e0620, C4<0>;
L_0x65536e0710 .functor XOR 1, L_0x65536e0920, L_0x65536e1090, L_0x65536e0b80, C4<0>;
v0x655369f330_0 .net *"_s10", 0 0, L_0x65536abde0;  1 drivers
v0x655369f410_0 .net *"_s100", 0 0, L_0x65536ae690;  1 drivers
L_0x749a2001c8 .functor BUFT 1, C4<01>, C4<0>, C4<0>, C4<0>;
v0x655369f4f0_0 .net/2u *"_s102", 1 0, L_0x749a2001c8;  1 drivers
v0x655369f5b0_0 .net *"_s105", 0 0, L_0x65536ae7e0;  1 drivers
v0x655369f690_0 .net *"_s107", 0 0, L_0x65536ae880;  1 drivers
v0x655369f770_0 .net *"_s108", 1 0, L_0x65536aea40;  1 drivers
v0x655369f850_0 .net *"_s110", 1 0, L_0x65536aeb80;  1 drivers
v0x655369f930_0 .net *"_s115", 0 0, L_0x65536aee40;  1 drivers
v0x655369fa10_0 .net *"_s117", 0 0, L_0x65536aeee0;  1 drivers
v0x655369faf0_0 .net *"_s118", 0 0, L_0x65536af0c0;  1 drivers
L_0x749a200060 .functor BUFT 1, C4<01>, C4<0>, C4<0>, C4<0>;
v0x655369fbd0_0 .net/2u *"_s12", 1 0, L_0x749a200060;  1 drivers
L_0x749a200210 .functor BUFT 1, C4<01>, C4<0>, C4<0>, C4<0>;
v0x655369fcb0_0 .net/2u *"_s120", 1 0, L_0x749a200210;  1 drivers
v0x655369fd90_0 .net *"_s123", 0 0, L_0x65536af1d0;  1 drivers
v0x655369fe70_0 .net *"_s125", 0 0, L_0x65536af270;  1 drivers
v0x655369ff50_0 .net *"_s126", 1 0, L_0x65536af460;  1 drivers
v0x65536a0030_0 .net *"_s128", 1 0, L_0x65536af5d0;  1 drivers
v0x65536a0110_0 .net *"_s133", 0 0, L_0x65536af8c0;  1 drivers
v0x65536a01f0_0 .net *"_s135", 0 0, L_0x65536af960;  1 drivers
v0x65536a02d0_0 .net *"_s136", 0 0, L_0x65536afd80;  1 drivers
L_0x749a200258 .functor BUFT 1, C4<01>, C4<0>, C4<0>, C4<0>;
v0x65536a03b0_0 .net/2u *"_s138", 1 0, L_0x749a200258;  1 drivers
v0x65536a0490_0 .net *"_s141", 0 0, L_0x65536afee0;  1 drivers
v0x65536a0570_0 .net *"_s143", 0 0, L_0x65536aff80;  1 drivers
v0x65536a0650_0 .net *"_s144", 1 0, L_0x65536b01a0;  1 drivers
v0x65536a0730_0 .net *"_s146", 1 0, L_0x65536b02c0;  1 drivers
v0x65536a0810_0 .net *"_s15", 0 0, L_0x65536abef0;  1 drivers
v0x65536a08f0_0 .net *"_s151", 0 0, L_0x65536b05e0;  1 drivers
v0x65536a09d0_0 .net *"_s153", 0 0, L_0x65536b0680;  1 drivers
v0x65536a0ab0_0 .net *"_s154", 0 0, L_0x65536b08c0;  1 drivers
L_0x749a2002a0 .functor BUFT 1, C4<01>, C4<0>, C4<0>, C4<0>;
v0x65536a0b90_0 .net/2u *"_s156", 1 0, L_0x749a2002a0;  1 drivers
v0x65536a0c70_0 .net *"_s159", 0 0, L_0x65536b09d0;  1 drivers
v0x65536a0d50_0 .net *"_s161", 0 0, L_0x65536b0a70;  1 drivers
v0x65536a0e30_0 .net *"_s162", 1 0, L_0x65536b0cc0;  1 drivers
v0x65536a0f10_0 .net *"_s164", 1 0, L_0x65536b0e30;  1 drivers
v0x65536a0ff0_0 .net *"_s169", 0 0, L_0x65536b1180;  1 drivers
v0x65536a10d0_0 .net *"_s17", 0 0, L_0x65536abf90;  1 drivers
v0x65536a11b0_0 .net *"_s171", 0 0, L_0x65536b1220;  1 drivers
v0x65536a1290_0 .net *"_s172", 0 0, L_0x65536b1490;  1 drivers
L_0x749a2002e8 .functor BUFT 1, C4<01>, C4<0>, C4<0>, C4<0>;
v0x65536a1370_0 .net/2u *"_s174", 1 0, L_0x749a2002e8;  1 drivers
v0x65536a1450_0 .net *"_s177", 0 0, L_0x65536b1600;  1 drivers
v0x65536a1530_0 .net *"_s179", 0 0, L_0x65536b16a0;  1 drivers
v0x65536a1610_0 .net *"_s18", 1 0, L_0x65536ac090;  1 drivers
v0x65536a16f0_0 .net *"_s180", 1 0, L_0x65536b1920;  1 drivers
v0x65536a17d0_0 .net *"_s182", 1 0, L_0x65536b1a40;  1 drivers
v0x65536a18b0_0 .net *"_s187", 0 0, L_0x65536b1dc0;  1 drivers
v0x65536a1990_0 .net *"_s189", 0 0, L_0x65536b1e60;  1 drivers
v0x65536a1a70_0 .net *"_s190", 0 0, L_0x65536b2100;  1 drivers
L_0x749a200330 .functor BUFT 1, C4<01>, C4<0>, C4<0>, C4<0>;
v0x65536a1b50_0 .net/2u *"_s192", 1 0, L_0x749a200330;  1 drivers
v0x65536a1c30_0 .net *"_s195", 0 0, L_0x65536b2210;  1 drivers
v0x65536a1d10_0 .net *"_s197", 0 0, L_0x65536b22b0;  1 drivers
v0x65536a1df0_0 .net *"_s198", 1 0, L_0x65536b2560;  1 drivers
L_0x749a200018 .functor BUFT 1, C4<00>, C4<0>, C4<0>, C4<0>;
v0x65536a1ed0_0 .net/2u *"_s2", 1 0, L_0x749a200018;  1 drivers
v0x65536a1fb0_0 .net *"_s20", 1 0, L_0x65536ac200;  1 drivers
v0x65536a2090_0 .net *"_s200", 1 0, L_0x65536b26d0;  1 drivers
v0x65536a2170_0 .net *"_s205", 0 0, L_0x65536b2a80;  1 drivers
v0x65536a2250_0 .net *"_s207", 0 0, L_0x65536b2b20;  1 drivers
v0x65536a2330_0 .net *"_s208", 0 0, L_0x65536b2df0;  1 drivers
L_0x749a200378 .functor BUFT 1, C4<01>, C4<0>, C4<0>, C4<0>;
v0x65536a2410_0 .net/2u *"_s210", 1 0, L_0x749a200378;  1 drivers
v0x65536a24f0_0 .net *"_s213", 0 0, L_0x65536b2f70;  1 drivers
v0x65536a25d0_0 .net *"_s215", 0 0, L_0x65536b3010;  1 drivers
v0x65536a26b0_0 .net *"_s216", 1 0, L_0x65536b32f0;  1 drivers
v0x65536a2790_0 .net *"_s218", 1 0, L_0x65536b3460;  1 drivers
v0x65536a2870_0 .net *"_s223", 0 0, L_0x65536b3840;  1 drivers
v0x65536a2950_0 .net *"_s225", 0 0, L_0x65536b38e0;  1 drivers
v0x65536a2a30_0 .net *"_s226", 0 0, L_0x65536b3be0;  1 drivers
L_0x749a2003c0 .functor BUFT 1, C4<01>, C4<0>, C4<0>, C4<0>;
v0x65536a2b10_0 .net/2u *"_s228", 1 0, L_0x749a2003c0;  1 drivers
v0x65536a2bf0_0 .net *"_s231", 0 0, L_0x65536b3cf0;  1 drivers
v0x65536a2cd0_0 .net *"_s233", 0 0, L_0x65536b3d90;  1 drivers
v0x65536a2db0_0 .net *"_s234", 1 0, L_0x65536b40a0;  1 drivers
v0x65536a2e90_0 .net *"_s236", 1 0, L_0x65536b4210;  1 drivers
v0x65536a2f70_0 .net *"_s241", 0 0, L_0x65536b4620;  1 drivers
v0x65536a3050_0 .net *"_s243", 0 0, L_0x65536b46c0;  1 drivers
v0x65536a3130_0 .net *"_s244", 0 0, L_0x65536b49f0;  1 drivers
L_0x749a200408 .functor BUFT 1, C4<01>, C4<0>, C4<0>, C4<0>;
v0x65536a3210_0 .net/2u *"_s246", 1 0, L_0x749a200408;  1 drivers
v0x65536a32f0_0 .net *"_s249", 0 0, L_0x65536b4b80;  1 drivers
v0x65536a33d0_0 .net *"_s25", 0 0, L_0x65536ac3d0;  1 drivers
v0x65536a34b0_0 .net *"_s251", 0 0, L_0x65536b4c20;  1 drivers
v0x65536a3590_0 .net *"_s252", 1 0, L_0x65536b4f60;  1 drivers
v0x65536a3670_0 .net *"_s254", 1 0, L_0x65536b50d0;  1 drivers
v0x65536a3750_0 .net *"_s259", 0 0, L_0x65536b5510;  1 drivers
v0x65536a3830_0 .net *"_s261", 0 0, L_0x65536b55b0;  1 drivers
v0x65536a3910_0 .net *"_s262", 0 0, L_0x65536b2f00;  1 drivers
L_0x749a200450 .functor BUFT 1, C4<01>, C4<0>, C4<0>, C4<0>;
v0x65536a39f0_0 .net/2u *"_s264", 1 0, L_0x749a200450;  1 drivers
v0x65536a3ad0_0 .net *"_s267", 0 0, L_0x65536b59b0;  1 drivers
v0x65536a3bb0_0 .net *"_s269", 0 0, L_0x65536b5a50;  1 drivers
v0x65536a3c90_0 .net *"_s27", 0 0, L_0x65536ac470;  1 drivers
v0x65536a3d70_0 .net *"_s270", 1 0, L_0x65536b5dc0;  1 drivers
v0x65536a3e50_0 .net *"_s272", 1 0, L_0x65536b5f30;  1 drivers
v0x65536a3f30_0 .net *"_s278", 0 0, L_0x65536b6a30;  1 drivers
v0x65536a4010_0 .net *"_s28", 0 0, L_0x65536ac560;  1 drivers
v0x65536a40f0_0 .net *"_s280", 0 0, L_0x65536b6dc0;  1 drivers
v0x65536a41d0_0 .net *"_s281", 0 0, L_0x65536b7270;  1 drivers
L_0x749a200498 .functor BUFT 1, C4<01>, C4<0>, C4<0>, C4<0>;
v0x65536a42b0_0 .net/2u *"_s283", 1 0, L_0x749a200498;  1 drivers
v0x65536a4390_0 .net *"_s286", 0 0, L_0x65536b7410;  1 drivers
v0x65536a4470_0 .net *"_s288", 0 0, L_0x65536b77b0;  1 drivers
v0x65536a4550_0 .net *"_s289", 1 0, L_0x65536b7850;  1 drivers
v0x65536a4630_0 .net *"_s291", 1 0, L_0x65536b7ca0;  1 drivers
v0x65536a4710_0 .net *"_s294", 0 0, L_0x65536d8020;  1 drivers
v0x65536a47f0_0 .net *"_s296", 0 0, L_0x65536d83e0;  1 drivers
v0x65536a48d0_0 .net *"_s298", 0 0, L_0x65536d8480;  1 drivers
L_0x749a2000a8 .functor BUFT 1, C4<01>, C4<0>, C4<0>, C4<0>;
v0x65536a49b0_0 .net/2u *"_s30", 1 0, L_0x749a2000a8;  1 drivers
v0x65536a4a90_0 .net *"_s300", 0 0, L_0x65536d8520;  1 drivers
v0x65536a4b70_0 .net *"_s302", 0 0, L_0x65536d85c0;  1 drivers
v0x65536a4c50_0 .net *"_s304", 0 0, L_0x65536d8660;  1 drivers
v0x65536a4d30_0 .net *"_s306", 0 0, L_0x65536d8700;  1 drivers
v0x65536a4e10_0 .net *"_s308", 0 0, L_0x65536d9790;  1 drivers
v0x65536a4ef0_0 .net *"_s310", 0 0, L_0x65536d9830;  1 drivers
v0x65536a4fd0_0 .net *"_s312", 0 0, L_0x65536d9c30;  1 drivers
v0x65536a50b0_0 .net *"_s314", 0 0, L_0x65536d9cd0;  1 drivers
v0x65536a5190_0 .net *"_s316", 0 0, L_0x65536da0e0;  1 drivers
v0x65536a5270_0 .net *"_s318", 0 0, L_0x65536da180;  1 drivers
v0x65536a5350_0 .net *"_s320", 0 0, L_0x65536da5a0;  1 drivers
v0x65536a5430_0 .net *"_s322", 0 0, L_0x65536da640;  1 drivers
v0x65536a5510_0 .net *"_s324", 0 0, L_0x65536daa70;  1 drivers
v0x65536a55f0_0 .net *"_s326", 0 0, L_0x65536dab10;  1 drivers
v0x65536a56d0_0 .net *"_s329", 0 0, L_0x65536b8920;  1 drivers
v0x65536a57b0_0 .net *"_s33", 0 0, L_0x65536ac5d0;  1 drivers
v0x65536a5890_0 .net *"_s332", 0 0, L_0x65536db590;  1 drivers
v0x65536a5970_0 .net *"_s334", 0 0, L_0x65536dba30;  1 drivers
v0x65536a5a50_0 .net *"_s336", 0 0, L_0x65536dbb20;  1 drivers
v0x65536a5b30_0 .net *"_s337", 0 0, L_0x65536dc020;  1 drivers
v0x65536a5c10_0 .net *"_s340", 0 0, L_0x65536dc130;  1 drivers
v0x65536a5cf0_0 .net *"_s342", 0 0, L_0x65536dc220;  1 drivers
v0x65536a5dd0_0 .net *"_s344", 0 0, L_0x65536dc6e0;  1 drivers
v0x65536a5eb0_0 .net *"_s345", 0 0, L_0x65536dc7d0;  1 drivers
v0x65536a5f90_0 .net *"_s348", 0 0, L_0x65536dc840;  1 drivers
v0x65536a6070_0 .net *"_s35", 0 0, L_0x65536ac670;  1 drivers
v0x65536a6150_0 .net *"_s350", 0 0, L_0x65536dcd10;  1 drivers
v0x65536a6230_0 .net *"_s352", 0 0, L_0x65536dce00;  1 drivers
v0x65536a6310_0 .net *"_s353", 0 0, L_0x65536dd2e0;  1 drivers
v0x65536a6c00_0 .net *"_s356", 0 0, L_0x65536dc090;  1 drivers
v0x65536a6ce0_0 .net *"_s358", 0 0, L_0x65536dd400;  1 drivers
v0x65536a6dc0_0 .net *"_s36", 1 0, L_0x65536ac770;  1 drivers
v0x65536a6ea0_0 .net *"_s360", 0 0, L_0x65536dd8f0;  1 drivers
v0x65536a6f80_0 .net *"_s361", 0 0, L_0x65536dd9e0;  1 drivers
v0x65536a7060_0 .net *"_s364", 0 0, L_0x65536dda50;  1 drivers
v0x65536a7140_0 .net *"_s366", 0 0, L_0x65536ddf50;  1 drivers
v0x65536a7220_0 .net *"_s368", 0 0, L_0x65536de040;  1 drivers
v0x65536a7300_0 .net *"_s369", 0 0, L_0x65536de550;  1 drivers
v0x65536a73e0_0 .net *"_s372", 0 0, L_0x65536de680;  1 drivers
v0x65536a74c0_0 .net *"_s374", 0 0, L_0x65536de770;  1 drivers
v0x65536a75a0_0 .net *"_s376", 0 0, L_0x65536de130;  1 drivers
v0x65536a7680_0 .net *"_s377", 0 0, L_0x65536de220;  1 drivers
v0x65536a7760_0 .net *"_s38", 1 0, L_0x65536ac890;  1 drivers
v0x65536a7840_0 .net *"_s380", 0 0, L_0x65536de290;  1 drivers
v0x65536a7920_0 .net *"_s382", 0 0, L_0x65536de380;  1 drivers
v0x65536a7a00_0 .net *"_s384", 0 0, L_0x65536de470;  1 drivers
v0x65536a7ae0_0 .net *"_s385", 0 0, L_0x65536de860;  1 drivers
v0x65536a7bc0_0 .net *"_s388", 0 0, L_0x65536de9a0;  1 drivers
v0x65536a7ca0_0 .net *"_s390", 0 0, L_0x65536dea90;  1 drivers
v0x65536a7d80_0 .net *"_s392", 0 0, L_0x65536deb80;  1 drivers
v0x65536a7e60_0 .net *"_s393", 0 0, L_0x65536df150;  1 drivers
v0x65536a7f40_0 .net *"_s396", 0 0, L_0x65536df1c0;  1 drivers
v0x65536a8020_0 .net *"_s398", 0 0, L_0x65536decf0;  1 drivers
v0x65536a8100_0 .net *"_s400", 0 0, L_0x65536dede0;  1 drivers
v0x65536a81e0_0 .net *"_s401", 0 0, L_0x65536deed0;  1 drivers
v0x65536a82c0_0 .net *"_s404", 0 0, L_0x65536df020;  1 drivers
v0x65536a83a0_0 .net *"_s406", 0 0, L_0x65536df730;  1 drivers
v0x65536a8480_0 .net *"_s408", 0 0, L_0x65536df2b0;  1 drivers
v0x65536a8560_0 .net *"_s409", 0 0, L_0x65536df3a0;  1 drivers
v0x65536a8640_0 .net *"_s412", 0 0, L_0x65536df440;  1 drivers
v0x65536a8720_0 .net *"_s414", 0 0, L_0x65536df530;  1 drivers
v0x65536a8800_0 .net *"_s416", 0 0, L_0x65536df620;  1 drivers
v0x65536a88e0_0 .net *"_s417", 0 0, L_0x65536dfcd0;  1 drivers
v0x65536a89c0_0 .net *"_s420", 0 0, L_0x65536dfe30;  1 drivers
v0x65536a8aa0_0 .net *"_s422", 0 0, L_0x65536dff20;  1 drivers
v0x65536a8b80_0 .net *"_s424", 0 0, L_0x65536df820;  1 drivers
v0x65536a8c60_0 .net *"_s425", 0 0, L_0x65536df910;  1 drivers
v0x65536a8d40_0 .net *"_s428", 0 0, L_0x65536dfa40;  1 drivers
v0x65536a8e20_0 .net *"_s43", 0 0, L_0x65536aca90;  1 drivers
v0x65536a8f00_0 .net *"_s430", 0 0, L_0x65536dfb30;  1 drivers
v0x65536a8fe0_0 .net *"_s432", 0 0, L_0x65536dfc20;  1 drivers
v0x65536a90c0_0 .net *"_s433", 0 0, L_0x65536e0010;  1 drivers
v0x65536a91a0_0 .net *"_s436", 0 0, L_0x65536e01e0;  1 drivers
v0x65536a9280_0 .net *"_s438", 0 0, L_0x65536e02d0;  1 drivers
v0x65536a9360_0 .net *"_s440", 0 0, L_0x65536e03c0;  1 drivers
v0x65536a9440_0 .net *"_s441", 0 0, L_0x65536e0a20;  1 drivers
v0x65536a9520_0 .net *"_s444", 0 0, L_0x65536e0a90;  1 drivers
v0x65536a9600_0 .net *"_s446", 0 0, L_0x65536e0530;  1 drivers
v0x65536a96e0_0 .net *"_s448", 0 0, L_0x65536e0620;  1 drivers
v0x65536a97c0_0 .net *"_s449", 0 0, L_0x65536e0710;  1 drivers
v0x65536a98a0_0 .net *"_s45", 0 0, L_0x65536acb30;  1 drivers
v0x65536a9980_0 .net *"_s452", 0 0, L_0x65536e0920;  1 drivers
v0x65536a9a60_0 .net *"_s454", 0 0, L_0x65536e1090;  1 drivers
v0x65536a9b40_0 .net *"_s456", 0 0, L_0x65536e0b80;  1 drivers
v0x65536a9c20_0 .net *"_s46", 0 0, L_0x65536ac930;  1 drivers
v0x65536a9d00_0 .net *"_s461", 0 0, L_0x65536e1180;  1 drivers
L_0x749a2000f0 .functor BUFT 1, C4<01>, C4<0>, C4<0>, C4<0>;
v0x65536a9de0_0 .net/2u *"_s48", 1 0, L_0x749a2000f0;  1 drivers
v0x65536a9ec0_0 .net *"_s51", 0 0, L_0x65536accf0;  1 drivers
v0x65536a9fa0_0 .net *"_s53", 0 0, L_0x65536acd90;  1 drivers
v0x65536aa080_0 .net *"_s54", 1 0, L_0x65536acec0;  1 drivers
v0x65536aa160_0 .net *"_s56", 1 0, L_0x65536ad030;  1 drivers
v0x65536aa240_0 .net *"_s61", 0 0, L_0x65536ad260;  1 drivers
v0x65536aa320_0 .net *"_s63", 0 0, L_0x65536ad300;  1 drivers
v0x65536aa400_0 .net *"_s64", 0 0, L_0x65536ad450;  1 drivers
L_0x749a200138 .functor BUFT 1, C4<01>, C4<0>, C4<0>, C4<0>;
v0x65536aa4e0_0 .net/2u *"_s66", 1 0, L_0x749a200138;  1 drivers
v0x65536aa5c0_0 .net *"_s69", 0 0, L_0x65536ad0d0;  1 drivers
v0x65536aa6a0_0 .net *"_s7", 0 0, L_0x65536abc20;  1 drivers
v0x65536aa780_0 .net *"_s71", 0 0, L_0x65536ad5e0;  1 drivers
v0x65536aa860_0 .net *"_s72", 1 0, L_0x65536ad740;  1 drivers
v0x65536aa940_0 .net *"_s74", 1 0, L_0x65536ad880;  1 drivers
v0x65536aaa20_0 .net *"_s79", 0 0, L_0x65536adae0;  1 drivers
v0x65536aab00_0 .net *"_s81", 0 0, L_0x65536adb80;  1 drivers
v0x65536aabe0_0 .net *"_s82", 0 0, L_0x65536add00;  1 drivers
L_0x749a200180 .functor BUFT 1, C4<01>, C4<0>, C4<0>, C4<0>;
v0x65536aacc0_0 .net/2u *"_s84", 1 0, L_0x749a200180;  1 drivers
v0x65536aada0_0 .net *"_s87", 0 0, L_0x65536ade10;  1 drivers
v0x65536aae80_0 .net *"_s89", 0 0, L_0x65536adeb0;  1 drivers
v0x65536aaf60_0 .net *"_s9", 0 0, L_0x65536abcf0;  1 drivers
v0x65536ab040_0 .net *"_s90", 1 0, L_0x65536ae040;  1 drivers
v0x65536ab120_0 .net *"_s92", 1 0, L_0x65536ae1b0;  1 drivers
v0x65536ab200_0 .net *"_s97", 0 0, L_0x65536ae440;  1 drivers
v0x65536ab2e0_0 .net *"_s99", 0 0, L_0x65536ae4e0;  1 drivers
v0x65536ab3c0_0 .net "a", 15 0, v0x65536ab930_0;  1 drivers
v0x65536ab4a0_0 .net "b", 15 0, v0x65536aba20_0;  1 drivers
v0x65536ab580_0 .net "carry", 16 0, L_0x65536daf50;  1 drivers
v0x65536ab660_0 .net "inputsignal", 33 0, L_0x65536b63a0;  1 drivers
v0x65536ab720_0 .net "outsig", 33 0, L_0x65536d7df0;  1 drivers
v0x65536ab7f0_0 .net "sum", 16 0, L_0x65536e0c70;  alias, 1 drivers
L_0x65536abc20 .part v0x65536ab930_0, 0, 1;
L_0x65536abcf0 .part v0x65536aba20_0, 0, 1;
L_0x65536abef0 .part v0x65536ab930_0, 0, 1;
L_0x65536abf90 .part v0x65536aba20_0, 0, 1;
L_0x65536ac090 .concat [ 1 1 0 0], L_0x65536abf90, L_0x65536abef0;
L_0x65536ac200 .functor MUXZ 2, L_0x65536ac090, L_0x749a200060, L_0x65536abde0, C4<>;
L_0x65536ac3d0 .part v0x65536ab930_0, 1, 1;
L_0x65536ac470 .part v0x65536aba20_0, 1, 1;
L_0x65536ac5d0 .part v0x65536ab930_0, 1, 1;
L_0x65536ac670 .part v0x65536aba20_0, 1, 1;
L_0x65536ac770 .concat [ 1 1 0 0], L_0x65536ac670, L_0x65536ac5d0;
L_0x65536ac890 .functor MUXZ 2, L_0x65536ac770, L_0x749a2000a8, L_0x65536ac560, C4<>;
L_0x65536aca90 .part v0x65536ab930_0, 2, 1;
L_0x65536acb30 .part v0x65536aba20_0, 2, 1;
L_0x65536accf0 .part v0x65536ab930_0, 2, 1;
L_0x65536acd90 .part v0x65536aba20_0, 2, 1;
L_0x65536acec0 .concat [ 1 1 0 0], L_0x65536acd90, L_0x65536accf0;
L_0x65536ad030 .functor MUXZ 2, L_0x65536acec0, L_0x749a2000f0, L_0x65536ac930, C4<>;
L_0x65536ad260 .part v0x65536ab930_0, 3, 1;
L_0x65536ad300 .part v0x65536aba20_0, 3, 1;
L_0x65536ad0d0 .part v0x65536ab930_0, 3, 1;
L_0x65536ad5e0 .part v0x65536aba20_0, 3, 1;
L_0x65536ad740 .concat [ 1 1 0 0], L_0x65536ad5e0, L_0x65536ad0d0;
L_0x65536ad880 .functor MUXZ 2, L_0x65536ad740, L_0x749a200138, L_0x65536ad450, C4<>;
L_0x65536adae0 .part v0x65536ab930_0, 4, 1;
L_0x65536adb80 .part v0x65536aba20_0, 4, 1;
L_0x65536ade10 .part v0x65536ab930_0, 4, 1;
L_0x65536adeb0 .part v0x65536aba20_0, 4, 1;
L_0x65536ae040 .concat [ 1 1 0 0], L_0x65536adeb0, L_0x65536ade10;
L_0x65536ae1b0 .functor MUXZ 2, L_0x65536ae040, L_0x749a200180, L_0x65536add00, C4<>;
L_0x65536ae440 .part v0x65536ab930_0, 5, 1;
L_0x65536ae4e0 .part v0x65536aba20_0, 5, 1;
L_0x65536ae7e0 .part v0x65536ab930_0, 5, 1;
L_0x65536ae880 .part v0x65536aba20_0, 5, 1;
L_0x65536aea40 .concat [ 1 1 0 0], L_0x65536ae880, L_0x65536ae7e0;
L_0x65536aeb80 .functor MUXZ 2, L_0x65536aea40, L_0x749a2001c8, L_0x65536ae690, C4<>;
L_0x65536aee40 .part v0x65536ab930_0, 6, 1;
L_0x65536aeee0 .part v0x65536aba20_0, 6, 1;
L_0x65536af1d0 .part v0x65536ab930_0, 6, 1;
L_0x65536af270 .part v0x65536aba20_0, 6, 1;
L_0x65536af460 .concat [ 1 1 0 0], L_0x65536af270, L_0x65536af1d0;
L_0x65536af5d0 .functor MUXZ 2, L_0x65536af460, L_0x749a200210, L_0x65536af0c0, C4<>;
L_0x65536af8c0 .part v0x65536ab930_0, 7, 1;
L_0x65536af960 .part v0x65536aba20_0, 7, 1;
L_0x65536afee0 .part v0x65536ab930_0, 7, 1;
L_0x65536aff80 .part v0x65536aba20_0, 7, 1;
L_0x65536b01a0 .concat [ 1 1 0 0], L_0x65536aff80, L_0x65536afee0;
L_0x65536b02c0 .functor MUXZ 2, L_0x65536b01a0, L_0x749a200258, L_0x65536afd80, C4<>;
L_0x65536b05e0 .part v0x65536ab930_0, 8, 1;
L_0x65536b0680 .part v0x65536aba20_0, 8, 1;
L_0x65536b09d0 .part v0x65536ab930_0, 8, 1;
L_0x65536b0a70 .part v0x65536aba20_0, 8, 1;
L_0x65536b0cc0 .concat [ 1 1 0 0], L_0x65536b0a70, L_0x65536b09d0;
L_0x65536b0e30 .functor MUXZ 2, L_0x65536b0cc0, L_0x749a2002a0, L_0x65536b08c0, C4<>;
L_0x65536b1180 .part v0x65536ab930_0, 9, 1;
L_0x65536b1220 .part v0x65536aba20_0, 9, 1;
L_0x65536b1600 .part v0x65536ab930_0, 9, 1;
L_0x65536b16a0 .part v0x65536aba20_0, 9, 1;
L_0x65536b1920 .concat [ 1 1 0 0], L_0x65536b16a0, L_0x65536b1600;
L_0x65536b1a40 .functor MUXZ 2, L_0x65536b1920, L_0x749a2002e8, L_0x65536b1490, C4<>;
L_0x65536b1dc0 .part v0x65536ab930_0, 10, 1;
L_0x65536b1e60 .part v0x65536aba20_0, 10, 1;
L_0x65536b2210 .part v0x65536ab930_0, 10, 1;
L_0x65536b22b0 .part v0x65536aba20_0, 10, 1;
L_0x65536b2560 .concat [ 1 1 0 0], L_0x65536b22b0, L_0x65536b2210;
L_0x65536b26d0 .functor MUXZ 2, L_0x65536b2560, L_0x749a200330, L_0x65536b2100, C4<>;
L_0x65536b2a80 .part v0x65536ab930_0, 11, 1;
L_0x65536b2b20 .part v0x65536aba20_0, 11, 1;
L_0x65536b2f70 .part v0x65536ab930_0, 11, 1;
L_0x65536b3010 .part v0x65536aba20_0, 11, 1;
L_0x65536b32f0 .concat [ 1 1 0 0], L_0x65536b3010, L_0x65536b2f70;
L_0x65536b3460 .functor MUXZ 2, L_0x65536b32f0, L_0x749a200378, L_0x65536b2df0, C4<>;
L_0x65536b3840 .part v0x65536ab930_0, 12, 1;
L_0x65536b38e0 .part v0x65536aba20_0, 12, 1;
L_0x65536b3cf0 .part v0x65536ab930_0, 12, 1;
L_0x65536b3d90 .part v0x65536aba20_0, 12, 1;
L_0x65536b40a0 .concat [ 1 1 0 0], L_0x65536b3d90, L_0x65536b3cf0;
L_0x65536b4210 .functor MUXZ 2, L_0x65536b40a0, L_0x749a2003c0, L_0x65536b3be0, C4<>;
L_0x65536b4620 .part v0x65536ab930_0, 13, 1;
L_0x65536b46c0 .part v0x65536aba20_0, 13, 1;
L_0x65536b4b80 .part v0x65536ab930_0, 13, 1;
L_0x65536b4c20 .part v0x65536aba20_0, 13, 1;
L_0x65536b4f60 .concat [ 1 1 0 0], L_0x65536b4c20, L_0x65536b4b80;
L_0x65536b50d0 .functor MUXZ 2, L_0x65536b4f60, L_0x749a200408, L_0x65536b49f0, C4<>;
L_0x65536b5510 .part v0x65536ab930_0, 14, 1;
L_0x65536b55b0 .part v0x65536aba20_0, 14, 1;
L_0x65536b59b0 .part v0x65536ab930_0, 14, 1;
L_0x65536b5a50 .part v0x65536aba20_0, 14, 1;
L_0x65536b5dc0 .concat [ 1 1 0 0], L_0x65536b5a50, L_0x65536b59b0;
L_0x65536b5f30 .functor MUXZ 2, L_0x65536b5dc0, L_0x749a200450, L_0x65536b2f00, C4<>;
LS_0x65536b63a0_0_0 .concat8 [ 2 2 2 2], L_0x749a200018, L_0x65536ac200, L_0x65536ac890, L_0x65536ad030;
LS_0x65536b63a0_0_4 .concat8 [ 2 2 2 2], L_0x65536ad880, L_0x65536ae1b0, L_0x65536aeb80, L_0x65536af5d0;
LS_0x65536b63a0_0_8 .concat8 [ 2 2 2 2], L_0x65536b02c0, L_0x65536b0e30, L_0x65536b1a40, L_0x65536b26d0;
LS_0x65536b63a0_0_12 .concat8 [ 2 2 2 2], L_0x65536b3460, L_0x65536b4210, L_0x65536b50d0, L_0x65536b5f30;
LS_0x65536b63a0_0_16 .concat8 [ 2 0 0 0], L_0x65536b7ca0;
LS_0x65536b63a0_1_0 .concat8 [ 8 8 8 8], LS_0x65536b63a0_0_0, LS_0x65536b63a0_0_4, LS_0x65536b63a0_0_8, LS_0x65536b63a0_0_12;
LS_0x65536b63a0_1_4 .concat8 [ 2 0 0 0], LS_0x65536b63a0_0_16;
L_0x65536b63a0 .concat8 [ 32 2 0 0], LS_0x65536b63a0_1_0, LS_0x65536b63a0_1_4;
L_0x65536b6a30 .part v0x65536ab930_0, 15, 1;
L_0x65536b6dc0 .part v0x65536aba20_0, 15, 1;
L_0x65536b7410 .part v0x65536ab930_0, 15, 1;
L_0x65536b77b0 .part v0x65536aba20_0, 15, 1;
L_0x65536b7850 .concat [ 1 1 0 0], L_0x65536b77b0, L_0x65536b7410;
L_0x65536b7ca0 .functor MUXZ 2, L_0x65536b7850, L_0x749a200498, L_0x65536b7270, C4<>;
L_0x65536d8020 .part L_0x65536d7df0, 32, 1;
L_0x65536d83e0 .part L_0x65536d7df0, 30, 1;
L_0x65536d8480 .part L_0x65536d7df0, 28, 1;
L_0x65536d8520 .part L_0x65536d7df0, 26, 1;
L_0x65536d85c0 .part L_0x65536d7df0, 24, 1;
L_0x65536d8660 .part L_0x65536d7df0, 22, 1;
L_0x65536d8700 .part L_0x65536d7df0, 20, 1;
L_0x65536d9790 .part L_0x65536d7df0, 18, 1;
L_0x65536d9830 .part L_0x65536d7df0, 16, 1;
L_0x65536d9c30 .part L_0x65536d7df0, 14, 1;
L_0x65536d9cd0 .part L_0x65536d7df0, 12, 1;
L_0x65536da0e0 .part L_0x65536d7df0, 10, 1;
L_0x65536da180 .part L_0x65536d7df0, 8, 1;
L_0x65536da5a0 .part L_0x65536d7df0, 6, 1;
L_0x65536da640 .part L_0x65536d7df0, 4, 1;
L_0x65536daa70 .part L_0x65536d7df0, 2, 1;
L_0x65536dab10 .part L_0x65536d7df0, 0, 1;
LS_0x65536daf50_0_0 .concat [ 1 1 1 1], L_0x65536dab10, L_0x65536daa70, L_0x65536da640, L_0x65536da5a0;
LS_0x65536daf50_0_4 .concat [ 1 1 1 1], L_0x65536da180, L_0x65536da0e0, L_0x65536d9cd0, L_0x65536d9c30;
LS_0x65536daf50_0_8 .concat [ 1 1 1 1], L_0x65536d9830, L_0x65536d9790, L_0x65536d8700, L_0x65536d8660;
LS_0x65536daf50_0_12 .concat [ 1 1 1 1], L_0x65536d85c0, L_0x65536d8520, L_0x65536d8480, L_0x65536d83e0;
LS_0x65536daf50_0_16 .concat [ 1 0 0 0], L_0x65536d8020;
LS_0x65536daf50_1_0 .concat [ 4 4 4 4], LS_0x65536daf50_0_0, LS_0x65536daf50_0_4, LS_0x65536daf50_0_8, LS_0x65536daf50_0_12;
LS_0x65536daf50_1_4 .concat [ 1 0 0 0], LS_0x65536daf50_0_16;
L_0x65536daf50 .concat [ 16 1 0 0], LS_0x65536daf50_1_0, LS_0x65536daf50_1_4;
L_0x65536db590 .part v0x65536ab930_0, 0, 1;
L_0x65536dba30 .part v0x65536aba20_0, 0, 1;
L_0x65536dbb20 .part L_0x65536daf50, 0, 1;
L_0x65536dc130 .part v0x65536ab930_0, 1, 1;
L_0x65536dc220 .part v0x65536aba20_0, 1, 1;
L_0x65536dc6e0 .part L_0x65536daf50, 1, 1;
L_0x65536dc840 .part v0x65536ab930_0, 2, 1;
L_0x65536dcd10 .part v0x65536aba20_0, 2, 1;
L_0x65536dce00 .part L_0x65536daf50, 2, 1;
L_0x65536dc090 .part v0x65536ab930_0, 3, 1;
L_0x65536dd400 .part v0x65536aba20_0, 3, 1;
L_0x65536dd8f0 .part L_0x65536daf50, 3, 1;
L_0x65536dda50 .part v0x65536ab930_0, 4, 1;
L_0x65536ddf50 .part v0x65536aba20_0, 4, 1;
L_0x65536de040 .part L_0x65536daf50, 4, 1;
L_0x65536de680 .part v0x65536ab930_0, 5, 1;
L_0x65536de770 .part v0x65536aba20_0, 5, 1;
L_0x65536de130 .part L_0x65536daf50, 5, 1;
L_0x65536de290 .part v0x65536ab930_0, 6, 1;
L_0x65536de380 .part v0x65536aba20_0, 6, 1;
L_0x65536de470 .part L_0x65536daf50, 6, 1;
L_0x65536de9a0 .part v0x65536ab930_0, 7, 1;
L_0x65536dea90 .part v0x65536aba20_0, 7, 1;
L_0x65536deb80 .part L_0x65536daf50, 7, 1;
L_0x65536df1c0 .part v0x65536ab930_0, 8, 1;
L_0x65536decf0 .part v0x65536aba20_0, 8, 1;
L_0x65536dede0 .part L_0x65536daf50, 8, 1;
L_0x65536df020 .part v0x65536ab930_0, 9, 1;
L_0x65536df730 .part v0x65536aba20_0, 9, 1;
L_0x65536df2b0 .part L_0x65536daf50, 9, 1;
L_0x65536df440 .part v0x65536ab930_0, 10, 1;
L_0x65536df530 .part v0x65536aba20_0, 10, 1;
L_0x65536df620 .part L_0x65536daf50, 10, 1;
L_0x65536dfe30 .part v0x65536ab930_0, 11, 1;
L_0x65536dff20 .part v0x65536aba20_0, 11, 1;
L_0x65536df820 .part L_0x65536daf50, 11, 1;
L_0x65536dfa40 .part v0x65536ab930_0, 12, 1;
L_0x65536dfb30 .part v0x65536aba20_0, 12, 1;
L_0x65536dfc20 .part L_0x65536daf50, 12, 1;
L_0x65536e01e0 .part v0x65536ab930_0, 13, 1;
L_0x65536e02d0 .part v0x65536aba20_0, 13, 1;
L_0x65536e03c0 .part L_0x65536daf50, 13, 1;
L_0x65536e0a90 .part v0x65536ab930_0, 14, 1;
L_0x65536e0530 .part v0x65536aba20_0, 14, 1;
L_0x65536e0620 .part L_0x65536daf50, 14, 1;
L_0x65536e0920 .part v0x65536ab930_0, 15, 1;
L_0x65536e1090 .part v0x65536aba20_0, 15, 1;
L_0x65536e0b80 .part L_0x65536daf50, 15, 1;
LS_0x65536e0c70_0_0 .concat8 [ 1 1 1 1], L_0x65536b8920, L_0x65536dc020, L_0x65536dc7d0, L_0x65536dd2e0;
LS_0x65536e0c70_0_4 .concat8 [ 1 1 1 1], L_0x65536dd9e0, L_0x65536de550, L_0x65536de220, L_0x65536de860;
LS_0x65536e0c70_0_8 .concat8 [ 1 1 1 1], L_0x65536df150, L_0x65536deed0, L_0x65536df3a0, L_0x65536dfcd0;
LS_0x65536e0c70_0_12 .concat8 [ 1 1 1 1], L_0x65536df910, L_0x65536e0010, L_0x65536e0a20, L_0x65536e0710;
LS_0x65536e0c70_0_16 .concat8 [ 1 0 0 0], L_0x65536e1180;
LS_0x65536e0c70_1_0 .concat8 [ 4 4 4 4], LS_0x65536e0c70_0_0, LS_0x65536e0c70_0_4, LS_0x65536e0c70_0_8, LS_0x65536e0c70_0_12;
LS_0x65536e0c70_1_4 .concat8 [ 1 0 0 0], LS_0x65536e0c70_0_16;
L_0x65536e0c70 .concat8 [ 16 1 0 0], LS_0x65536e0c70_1_0, LS_0x65536e0c70_1_4;
L_0x65536e1180 .part L_0x65536daf50, 16, 1;
S_0x65535c3130 .scope module, "PPC" "ParallelPrefixCircuit" 3 29, 4 2 0, S_0x65535af8a0;
 .timescale 0 0;
    .port_info 0 /OUTPUT 34 "outputflag"
    .port_info 1 /INPUT 34 "inputflag"
v0x6553665190_0 .net *"_s10", 1 0, L_0x65536b8150;  1 drivers
v0x655365cc90_0 .net *"_s101", 0 0, L_0x65536bb2d0;  1 drivers
v0x655365bbf0_0 .net *"_s103", 0 0, L_0x65536bb530;  1 drivers
v0x655365ab50_0 .net *"_s105", 0 0, L_0x65536bb5d0;  1 drivers
v0x6553659ab0_0 .net *"_s106", 1 0, L_0x65536bb7f0;  1 drivers
v0x6553658a10_0 .net *"_s109", 1 0, L_0x65536bb930;  1 drivers
v0x65536578a0_0 .net *"_s110", 1 0, L_0x65536bbb60;  1 drivers
v0x65536894f0_0 .net *"_s115", 1 0, L_0x65536bbcf0;  1 drivers
v0x65536895d0_0 .net *"_s117", 0 0, L_0x65536bbf30;  1 drivers
v0x6553689690_0 .net *"_s119", 0 0, L_0x65536bc020;  1 drivers
v0x6553689770_0 .net *"_s121", 0 0, L_0x65536bc680;  1 drivers
v0x6553689850_0 .net *"_s122", 1 0, L_0x65536bc720;  1 drivers
v0x6553689930_0 .net *"_s125", 1 0, L_0x65536bca20;  1 drivers
v0x6553689a10_0 .net *"_s126", 1 0, L_0x65536bcac0;  1 drivers
v0x6553689af0_0 .net *"_s13", 1 0, L_0x65536b8240;  1 drivers
v0x6553689bd0_0 .net *"_s131", 1 0, L_0x65536bce20;  1 drivers
v0x6553689cb0_0 .net *"_s133", 0 0, L_0x65536bcec0;  1 drivers
v0x6553689d70_0 .net *"_s135", 0 0, L_0x65536bd190;  1 drivers
v0x6553689e50_0 .net *"_s137", 0 0, L_0x65536bd230;  1 drivers
v0x6553689f30_0 .net *"_s138", 1 0, L_0x65536bd4c0;  1 drivers
v0x655368a010_0 .net *"_s14", 1 0, L_0x65536b8320;  1 drivers
v0x655368a0f0_0 .net *"_s141", 1 0, L_0x65536bd600;  1 drivers
v0x655368a1d0_0 .net *"_s142", 1 0, L_0x65536bd8a0;  1 drivers
v0x655368a2b0_0 .net *"_s147", 1 0, L_0x65536bda30;  1 drivers
v0x655368a390_0 .net *"_s149", 0 0, L_0x65536bdce0;  1 drivers
v0x655368a450_0 .net *"_s151", 0 0, L_0x65536bddd0;  1 drivers
v0x655368a530_0 .net *"_s153", 0 0, L_0x65536be090;  1 drivers
v0x655368a610_0 .net *"_s154", 1 0, L_0x65536be130;  1 drivers
v0x655368a6f0_0 .net *"_s157", 1 0, L_0x65536be4a0;  1 drivers
v0x655368a7d0_0 .net *"_s158", 1 0, L_0x65536be540;  1 drivers
v0x655368a8b0_0 .net *"_s163", 1 0, L_0x65536be910;  1 drivers
v0x655368a990_0 .net *"_s165", 0 0, L_0x65536be9b0;  1 drivers
v0x655368aa50_0 .net *"_s167", 0 0, L_0x65536becf0;  1 drivers
v0x655368ad40_0 .net *"_s169", 0 0, L_0x65536bed90;  1 drivers
v0x655368ae20_0 .net *"_s170", 1 0, L_0x65536bf090;  1 drivers
v0x655368af00_0 .net *"_s173", 1 0, L_0x65536bf1d0;  1 drivers
v0x655368afe0_0 .net *"_s174", 1 0, L_0x65536bf4e0;  1 drivers
v0x655368b0c0_0 .net *"_s179", 1 0, L_0x65536bf670;  1 drivers
v0x655368b1a0_0 .net *"_s181", 0 0, L_0x65536bf990;  1 drivers
v0x655368b260_0 .net *"_s183", 0 0, L_0x65536bfa80;  1 drivers
v0x655368b340_0 .net *"_s185", 0 0, L_0x65536bfdb0;  1 drivers
v0x655368b420_0 .net *"_s186", 1 0, L_0x65536bfe50;  1 drivers
v0x655368b500_0 .net *"_s189", 1 0, L_0x65536c0230;  1 drivers
v0x655368b5e0_0 .net *"_s19", 1 0, L_0x65536b84b0;  1 drivers
v0x655368b6c0_0 .net *"_s190", 1 0, L_0x65536c02d0;  1 drivers
v0x655368b7a0_0 .net *"_s195", 1 0, L_0x65536c0710;  1 drivers
v0x655368b880_0 .net *"_s197", 0 0, L_0x65536c07b0;  1 drivers
v0x655368b940_0 .net *"_s199", 0 0, L_0x65536c0b60;  1 drivers
v0x655368ba20_0 .net *"_s201", 0 0, L_0x65536c0c00;  1 drivers
v0x655368bb00_0 .net *"_s202", 1 0, L_0x65536c0f70;  1 drivers
v0x655368bbe0_0 .net *"_s205", 1 0, L_0x65536c10b0;  1 drivers
v0x655368bcc0_0 .net *"_s206", 1 0, L_0x65536c1430;  1 drivers
v0x655368bda0_0 .net *"_s21", 0 0, L_0x65536b85a0;  1 drivers
v0x655368be60_0 .net *"_s211", 1 0, L_0x65536c15c0;  1 drivers
v0x655368bf40_0 .net *"_s213", 0 0, L_0x65536c1950;  1 drivers
v0x655368c000_0 .net *"_s215", 0 0, L_0x65536c1a40;  1 drivers
v0x655368c0e0_0 .net *"_s217", 0 0, L_0x65536c1de0;  1 drivers
v0x655368c1c0_0 .net *"_s218", 1 0, L_0x65536c1e80;  1 drivers
v0x655368c2a0_0 .net *"_s221", 1 0, L_0x65536c22d0;  1 drivers
v0x655368c380_0 .net *"_s222", 1 0, L_0x65536c2370;  1 drivers
v0x655368c460_0 .net *"_s227", 1 0, L_0x65536c2820;  1 drivers
v0x655368c540_0 .net *"_s229", 0 0, L_0x65536c28c0;  1 drivers
v0x655368c600_0 .net *"_s23", 0 0, L_0x65536b8690;  1 drivers
v0x655368c6e0_0 .net *"_s231", 0 0, L_0x65536c2ce0;  1 drivers
v0x655368c7c0_0 .net *"_s233", 0 0, L_0x65536c2d80;  1 drivers
v0x655368ccb0_0 .net *"_s234", 1 0, L_0x65536c3160;  1 drivers
v0x655368cd90_0 .net *"_s237", 1 0, L_0x65536c32a0;  1 drivers
v0x655368ce70_0 .net *"_s238", 1 0, L_0x65536c3690;  1 drivers
v0x655368cf50_0 .net *"_s243", 1 0, L_0x65536c3820;  1 drivers
v0x655368d030_0 .net *"_s245", 0 0, L_0x65536c3c20;  1 drivers
v0x655368d0f0_0 .net *"_s247", 0 0, L_0x65536c3d10;  1 drivers
v0x655368d1d0_0 .net *"_s249", 0 0, L_0x65536c4930;  1 drivers
v0x655368d2b0_0 .net *"_s25", 0 0, L_0x65536b8790;  1 drivers
v0x655368d390_0 .net *"_s250", 1 0, L_0x65536c49d0;  1 drivers
v0x655368d470_0 .net *"_s253", 1 0, L_0x65536c4e90;  1 drivers
v0x655368d550_0 .net *"_s254", 1 0, L_0x65536c4f30;  1 drivers
v0x655368d630_0 .net *"_s26", 1 0, L_0x65536b8830;  1 drivers
v0x655368d710_0 .net *"_s260", 1 0, L_0x65536c5a90;  1 drivers
v0x655368d7f0_0 .net *"_s264", 1 0, L_0x65536c5f20;  1 drivers
v0x655368d8d0_0 .net *"_s266", 0 0, L_0x65536c6010;  1 drivers
v0x655368d990_0 .net *"_s268", 0 0, L_0x65536c64b0;  1 drivers
v0x655368da70_0 .net *"_s270", 0 0, L_0x65536c6550;  1 drivers
v0x655368db50_0 .net *"_s271", 1 0, L_0x65536c69b0;  1 drivers
v0x655368dc30_0 .net *"_s274", 1 0, L_0x65536c6aa0;  1 drivers
v0x655368dd10_0 .net *"_s275", 1 0, L_0x65536c6f10;  1 drivers
v0x655368ddf0_0 .net *"_s280", 1 0, L_0x65536c70a0;  1 drivers
v0x655368ded0_0 .net *"_s282", 0 0, L_0x65536c7520;  1 drivers
v0x655368df90_0 .net *"_s284", 0 0, L_0x65536c7610;  1 drivers
v0x655368e070_0 .net *"_s286", 0 0, L_0x65536c7aa0;  1 drivers
v0x655368e150_0 .net *"_s287", 1 0, L_0x65536c7b40;  1 drivers
v0x655368e230_0 .net *"_s29", 1 0, L_0x65536b8990;  1 drivers
v0x655368e310_0 .net *"_s290", 1 0, L_0x65536c8080;  1 drivers
v0x655368e3f0_0 .net *"_s291", 1 0, L_0x65536c8120;  1 drivers
v0x655368e4d0_0 .net *"_s296", 1 0, L_0x65536c8670;  1 drivers
v0x655368e5b0_0 .net *"_s298", 0 0, L_0x65536c8710;  1 drivers
v0x655368e670_0 .net *"_s3", 1 0, L_0x65536b7e80;  1 drivers
v0x655368e750_0 .net *"_s30", 1 0, L_0x65536b8a30;  1 drivers
v0x655368e830_0 .net *"_s300", 0 0, L_0x65536c8c20;  1 drivers
v0x655368e910_0 .net *"_s302", 0 0, L_0x65536c8cc0;  1 drivers
v0x655368e9f0_0 .net *"_s303", 1 0, L_0x65536c8800;  1 drivers
v0x655368ead0_0 .net *"_s306", 1 0, L_0x65536c8940;  1 drivers
v0x655368ebb0_0 .net *"_s307", 1 0, L_0x65536c89e0;  1 drivers
v0x655368ec90_0 .net *"_s312", 1 0, L_0x65536c8b70;  1 drivers
v0x655368ed70_0 .net *"_s314", 0 0, L_0x65536c91b0;  1 drivers
v0x655368ee30_0 .net *"_s316", 0 0, L_0x65536c92a0;  1 drivers
v0x655368ef10_0 .net *"_s318", 0 0, L_0x65536c8d60;  1 drivers
v0x655368eff0_0 .net *"_s319", 1 0, L_0x65536c8e00;  1 drivers
v0x655368f0d0_0 .net *"_s322", 1 0, L_0x65536c8f40;  1 drivers
v0x655368f1b0_0 .net *"_s323", 1 0, L_0x65536c8fe0;  1 drivers
v0x655368f290_0 .net *"_s328", 1 0, L_0x65536c97c0;  1 drivers
v0x655368f370_0 .net *"_s330", 0 0, L_0x65536c9860;  1 drivers
v0x655368f430_0 .net *"_s332", 0 0, L_0x65536c9340;  1 drivers
v0x655368f510_0 .net *"_s334", 0 0, L_0x65536c93e0;  1 drivers
v0x655368f5f0_0 .net *"_s335", 1 0, L_0x65536c9480;  1 drivers
v0x655368f6d0_0 .net *"_s338", 1 0, L_0x65536c95c0;  1 drivers
v0x655368f7b0_0 .net *"_s339", 1 0, L_0x65536c9660;  1 drivers
v0x655368f890_0 .net *"_s344", 1 0, L_0x65536c9e50;  1 drivers
v0x655368f970_0 .net *"_s346", 0 0, L_0x65536c9950;  1 drivers
v0x655368fa30_0 .net *"_s348", 0 0, L_0x65536c9a40;  1 drivers
v0x655368fb10_0 .net *"_s35", 1 0, L_0x65536b8c40;  1 drivers
v0x655368fbf0_0 .net *"_s350", 0 0, L_0x65536c9ae0;  1 drivers
v0x655368fcd0_0 .net *"_s351", 1 0, L_0x65536c9b80;  1 drivers
v0x655368fdb0_0 .net *"_s354", 1 0, L_0x65536c9cc0;  1 drivers
v0x655368fe90_0 .net *"_s355", 1 0, L_0x65536c9d60;  1 drivers
v0x655368ff70_0 .net *"_s360", 1 0, L_0x65536ca4d0;  1 drivers
v0x6553690050_0 .net *"_s362", 0 0, L_0x65536ca570;  1 drivers
v0x6553690110_0 .net *"_s364", 0 0, L_0x65536c9ef0;  1 drivers
v0x65536901f0_0 .net *"_s366", 0 0, L_0x65536c9f90;  1 drivers
v0x65536902d0_0 .net *"_s367", 1 0, L_0x65536ca030;  1 drivers
v0x6553690bc0_0 .net *"_s37", 0 0, L_0x65536b8ce0;  1 drivers
v0x6553690c80_0 .net *"_s370", 1 0, L_0x65536ca170;  1 drivers
v0x6553690d60_0 .net *"_s371", 1 0, L_0x65536ca210;  1 drivers
v0x6553690e40_0 .net *"_s376", 1 0, L_0x65536cab80;  1 drivers
v0x6553690f20_0 .net *"_s378", 0 0, L_0x65536ca660;  1 drivers
v0x6553690fe0_0 .net *"_s380", 0 0, L_0x65536ca750;  1 drivers
v0x65536910c0_0 .net *"_s382", 0 0, L_0x65536ca7f0;  1 drivers
v0x65536911a0_0 .net *"_s383", 1 0, L_0x65536ca890;  1 drivers
v0x6553691280_0 .net *"_s386", 1 0, L_0x65536ca9d0;  1 drivers
v0x6553691360_0 .net *"_s387", 1 0, L_0x65536caa70;  1 drivers
v0x6553691440_0 .net *"_s39", 0 0, L_0x65536b8e60;  1 drivers
v0x6553691520_0 .net *"_s392", 1 0, L_0x65536cb220;  1 drivers
v0x6553691600_0 .net *"_s394", 0 0, L_0x65536cb2c0;  1 drivers
v0x65536916c0_0 .net *"_s396", 0 0, L_0x65536cac20;  1 drivers
v0x65536917a0_0 .net *"_s398", 0 0, L_0x65536cacc0;  1 drivers
v0x6553691880_0 .net *"_s399", 1 0, L_0x65536cad60;  1 drivers
v0x6553691960_0 .net *"_s402", 1 0, L_0x65536caea0;  1 drivers
v0x6553691a40_0 .net *"_s403", 1 0, L_0x65536caf40;  1 drivers
v0x6553691b20_0 .net *"_s408", 1 0, L_0x65536cb0d0;  1 drivers
v0x6553691c00_0 .net *"_s41", 0 0, L_0x65536b8f00;  1 drivers
v0x6553691ce0_0 .net *"_s410", 0 0, L_0x65536cb950;  1 drivers
v0x6553691da0_0 .net *"_s412", 0 0, L_0x65536cba40;  1 drivers
v0x6553691e80_0 .net *"_s414", 0 0, L_0x65536cb3b0;  1 drivers
v0x6553691f60_0 .net *"_s415", 1 0, L_0x65536cb450;  1 drivers
v0x6553692040_0 .net *"_s418", 1 0, L_0x65536cb590;  1 drivers
v0x6553692120_0 .net *"_s419", 1 0, L_0x65536cb630;  1 drivers
v0x6553692200_0 .net *"_s42", 1 0, L_0x65536b9040;  1 drivers
v0x65536922e0_0 .net *"_s424", 1 0, L_0x65536cb7c0;  1 drivers
v0x65536923c0_0 .net *"_s426", 0 0, L_0x65536cb860;  1 drivers
v0x6553692480_0 .net *"_s428", 0 0, L_0x65536cc0c0;  1 drivers
v0x6553692560_0 .net *"_s430", 0 0, L_0x65536cc160;  1 drivers
v0x6553692640_0 .net *"_s431", 1 0, L_0x65536cbae0;  1 drivers
v0x6553692720_0 .net *"_s434", 1 0, L_0x65536cbc20;  1 drivers
v0x6553692800_0 .net *"_s435", 1 0, L_0x65536cbcc0;  1 drivers
v0x65536928e0_0 .net *"_s440", 1 0, L_0x65536cbe50;  1 drivers
v0x65536929c0_0 .net *"_s442", 0 0, L_0x65536cbef0;  1 drivers
v0x6553692a80_0 .net *"_s444", 0 0, L_0x65536cbfe0;  1 drivers
v0x6553692b60_0 .net *"_s446", 0 0, L_0x65536cc820;  1 drivers
v0x6553692c40_0 .net *"_s447", 1 0, L_0x65536cc8c0;  1 drivers
v0x6553692d20_0 .net *"_s45", 1 0, L_0x65536b9180;  1 drivers
v0x6553692e00_0 .net *"_s450", 1 0, L_0x65536cc200;  1 drivers
v0x6553692ee0_0 .net *"_s451", 1 0, L_0x65536cc2a0;  1 drivers
v0x6553692fc0_0 .net *"_s456", 1 0, L_0x65536cc430;  1 drivers
v0x65536930a0_0 .net *"_s458", 0 0, L_0x65536cc4d0;  1 drivers
v0x6553693160_0 .net *"_s46", 1 0, L_0x65536b8fa0;  1 drivers
v0x6553693240_0 .net *"_s460", 0 0, L_0x65536cc5c0;  1 drivers
v0x6553693320_0 .net *"_s462", 0 0, L_0x65536cc660;  1 drivers
v0x6553693400_0 .net *"_s463", 1 0, L_0x65536cc700;  1 drivers
v0x65536934e0_0 .net *"_s466", 1 0, L_0x65536cd0b0;  1 drivers
v0x65536935c0_0 .net *"_s467", 1 0, L_0x65536cca00;  1 drivers
v0x65536936a0_0 .net *"_s472", 1 0, L_0x65536ccb90;  1 drivers
v0x6553693780_0 .net *"_s474", 0 0, L_0x65536ccc30;  1 drivers
v0x6553693840_0 .net *"_s476", 0 0, L_0x65536ccd20;  1 drivers
v0x6553693920_0 .net *"_s478", 0 0, L_0x65536ccdc0;  1 drivers
v0x6553693a00_0 .net *"_s479", 1 0, L_0x65536cce60;  1 drivers
v0x6553693ae0_0 .net *"_s482", 1 0, L_0x65536ccfa0;  1 drivers
v0x6553693bc0_0 .net *"_s483", 1 0, L_0x65536cd7f0;  1 drivers
v0x6553693ca0_0 .net *"_s488", 1 0, L_0x65536cd240;  1 drivers
v0x6553693d80_0 .net *"_s490", 0 0, L_0x65536cd2e0;  1 drivers
v0x6553693e40_0 .net *"_s492", 0 0, L_0x65536cd3d0;  1 drivers
v0x6553693f20_0 .net *"_s494", 0 0, L_0x65536cd470;  1 drivers
v0x6553694000_0 .net *"_s495", 1 0, L_0x65536cd510;  1 drivers
v0x65536940e0_0 .net *"_s498", 1 0, L_0x65536cd650;  1 drivers
v0x65536941c0_0 .net *"_s499", 1 0, L_0x65536cd6f0;  1 drivers
v0x65536942a0_0 .net *"_s5", 0 0, L_0x65536b7f20;  1 drivers
v0x6553694360_0 .net *"_s505", 3 0, L_0x65536cd890;  1 drivers
v0x6553694440_0 .net *"_s509", 1 0, L_0x65536cd980;  1 drivers
v0x6553694520_0 .net *"_s51", 1 0, L_0x65536b93c0;  1 drivers
v0x6553694600_0 .net *"_s511", 0 0, L_0x65536cda70;  1 drivers
v0x65536946c0_0 .net *"_s513", 0 0, L_0x65536cdb60;  1 drivers
v0x65536947a0_0 .net *"_s515", 0 0, L_0x65536cdc00;  1 drivers
v0x6553694880_0 .net *"_s516", 1 0, L_0x65536cdca0;  1 drivers
v0x6553694960_0 .net *"_s519", 1 0, L_0x65536cdd90;  1 drivers
v0x6553694a40_0 .net *"_s520", 1 0, L_0x65536cde30;  1 drivers
v0x6553694b20_0 .net *"_s525", 1 0, L_0x65536cece0;  1 drivers
v0x6553694c00_0 .net *"_s527", 0 0, L_0x65536ced80;  1 drivers
v0x6553694cc0_0 .net *"_s529", 0 0, L_0x65536ce560;  1 drivers
v0x6553694da0_0 .net *"_s53", 0 0, L_0x65536b9520;  1 drivers
v0x6553694e60_0 .net *"_s531", 0 0, L_0x65536ce600;  1 drivers
v0x6553694f40_0 .net *"_s532", 1 0, L_0x65536ce6a0;  1 drivers
v0x6553695020_0 .net *"_s535", 1 0, L_0x65536ce7e0;  1 drivers
v0x6553695100_0 .net *"_s536", 1 0, L_0x65536ce880;  1 drivers
v0x65536951e0_0 .net *"_s541", 1 0, L_0x65536cea10;  1 drivers
v0x65536952c0_0 .net *"_s543", 0 0, L_0x65536ceab0;  1 drivers
v0x6553695380_0 .net *"_s545", 0 0, L_0x65536ceba0;  1 drivers
v0x6553695460_0 .net *"_s547", 0 0, L_0x65536cf5f0;  1 drivers
v0x6553695540_0 .net *"_s548", 1 0, L_0x65536cf690;  1 drivers
v0x6553695620_0 .net *"_s55", 0 0, L_0x65536b9610;  1 drivers
v0x6553695700_0 .net *"_s551", 1 0, L_0x65536cee70;  1 drivers
v0x65536957e0_0 .net *"_s552", 1 0, L_0x65536cef10;  1 drivers
v0x65536958c0_0 .net *"_s557", 1 0, L_0x65536cf0a0;  1 drivers
v0x65536959a0_0 .net *"_s559", 0 0, L_0x65536cf140;  1 drivers
v0x6553695a60_0 .net *"_s561", 0 0, L_0x65536cf230;  1 drivers
v0x6553695b40_0 .net *"_s563", 0 0, L_0x65536cf2d0;  1 drivers
v0x6553695c20_0 .net *"_s564", 1 0, L_0x65536cf370;  1 drivers
v0x6553695d00_0 .net *"_s567", 1 0, L_0x65536cf4b0;  1 drivers
v0x6553695de0_0 .net *"_s568", 1 0, L_0x65536cf550;  1 drivers
v0x6553695ec0_0 .net *"_s57", 0 0, L_0x65536b9780;  1 drivers
v0x6553695fa0_0 .net *"_s573", 1 0, L_0x65536d0040;  1 drivers
v0x6553696080_0 .net *"_s575", 0 0, L_0x65536cf780;  1 drivers
v0x6553696140_0 .net *"_s577", 0 0, L_0x65536cf870;  1 drivers
v0x6553696220_0 .net *"_s579", 0 0, L_0x65536cf910;  1 drivers
v0x6553696300_0 .net *"_s58", 1 0, L_0x65536b9820;  1 drivers
v0x65536963e0_0 .net *"_s580", 1 0, L_0x65536cf9b0;  1 drivers
v0x65536964c0_0 .net *"_s583", 1 0, L_0x65536cfaf0;  1 drivers
v0x65536965a0_0 .net *"_s584", 1 0, L_0x65536cfb90;  1 drivers
v0x6553696680_0 .net *"_s589", 1 0, L_0x65536cfd20;  1 drivers
v0x6553696760_0 .net *"_s591", 0 0, L_0x65536cfdc0;  1 drivers
v0x6553696820_0 .net *"_s593", 0 0, L_0x65536cfeb0;  1 drivers
v0x6553696900_0 .net *"_s595", 0 0, L_0x65536d0900;  1 drivers
v0x65536969e0_0 .net *"_s596", 1 0, L_0x65536d00e0;  1 drivers
v0x6553696ac0_0 .net *"_s599", 1 0, L_0x65536d0220;  1 drivers
v0x6553696ba0_0 .net *"_s600", 1 0, L_0x65536d02c0;  1 drivers
v0x6553696c80_0 .net *"_s605", 1 0, L_0x65536d0450;  1 drivers
v0x6553696d60_0 .net *"_s607", 0 0, L_0x65536d04f0;  1 drivers
v0x6553696e20_0 .net *"_s609", 0 0, L_0x65536d05e0;  1 drivers
v0x6553696f00_0 .net *"_s61", 1 0, L_0x65536b9a40;  1 drivers
v0x6553696fe0_0 .net *"_s611", 0 0, L_0x65536d0680;  1 drivers
v0x65536970c0_0 .net *"_s612", 1 0, L_0x65536d0720;  1 drivers
v0x65536971a0_0 .net *"_s615", 1 0, L_0x65536d0860;  1 drivers
v0x6553697280_0 .net *"_s616", 1 0, L_0x65536d1210;  1 drivers
v0x6553697360_0 .net *"_s62", 1 0, L_0x65536b9ae0;  1 drivers
v0x6553697440_0 .net *"_s621", 1 0, L_0x65536d0a90;  1 drivers
v0x6553697520_0 .net *"_s623", 0 0, L_0x65536d0b30;  1 drivers
v0x65536975e0_0 .net *"_s625", 0 0, L_0x65536d0c20;  1 drivers
v0x65536976c0_0 .net *"_s627", 0 0, L_0x65536d0cc0;  1 drivers
v0x65536977a0_0 .net *"_s628", 1 0, L_0x65536d0d60;  1 drivers
v0x6553697880_0 .net *"_s631", 1 0, L_0x65536d0ea0;  1 drivers
v0x65536903b0_0 .net *"_s632", 1 0, L_0x65536d0f40;  1 drivers
v0x6553690490_0 .net *"_s637", 1 0, L_0x65536d10d0;  1 drivers
v0x6553690570_0 .net *"_s639", 0 0, L_0x65536d1170;  1 drivers
v0x6553690630_0 .net *"_s641", 0 0, L_0x65536d1bc0;  1 drivers
v0x6553690710_0 .net *"_s643", 0 0, L_0x65536d12b0;  1 drivers
v0x65536907f0_0 .net *"_s644", 1 0, L_0x65536d1350;  1 drivers
v0x65536908d0_0 .net *"_s647", 1 0, L_0x65536d1490;  1 drivers
v0x65536909b0_0 .net *"_s648", 1 0, L_0x65536d1530;  1 drivers
v0x6553690a90_0 .net *"_s653", 1 0, L_0x65536d16c0;  1 drivers
v0x6553698930_0 .net *"_s655", 0 0, L_0x65536d1760;  1 drivers
v0x65536989f0_0 .net *"_s657", 0 0, L_0x65536d1850;  1 drivers
v0x6553698ad0_0 .net *"_s659", 0 0, L_0x65536d18f0;  1 drivers
v0x6553698bb0_0 .net *"_s660", 1 0, L_0x65536d1990;  1 drivers
v0x6553698c90_0 .net *"_s663", 1 0, L_0x65536d1ad0;  1 drivers
v0x6553698d70_0 .net *"_s664", 1 0, L_0x65536d2580;  1 drivers
v0x6553698e50_0 .net *"_s669", 1 0, L_0x65536d2710;  1 drivers
v0x6553698f30_0 .net *"_s67", 1 0, L_0x65536b9d60;  1 drivers
v0x6553699010_0 .net *"_s671", 0 0, L_0x65536d1c60;  1 drivers
v0x65536990d0_0 .net *"_s673", 0 0, L_0x65536d1d50;  1 drivers
v0x65536991b0_0 .net *"_s675", 0 0, L_0x65536d1df0;  1 drivers
v0x6553699290_0 .net *"_s676", 1 0, L_0x65536d1e90;  1 drivers
v0x6553699370_0 .net *"_s679", 1 0, L_0x65536d1fd0;  1 drivers
v0x6553699450_0 .net *"_s680", 1 0, L_0x65536d2070;  1 drivers
v0x6553699530_0 .net *"_s685", 1 0, L_0x65536d2200;  1 drivers
v0x6553699610_0 .net *"_s687", 0 0, L_0x65536d22a0;  1 drivers
v0x65536996d0_0 .net *"_s689", 0 0, L_0x65536d2390;  1 drivers
v0x65536997b0_0 .net *"_s69", 0 0, L_0x65536b9e00;  1 drivers
v0x6553699870_0 .net *"_s691", 0 0, L_0x65536d2430;  1 drivers
v0x6553699950_0 .net *"_s692", 1 0, L_0x65536d24d0;  1 drivers
v0x6553699a30_0 .net *"_s695", 1 0, L_0x65536d31d0;  1 drivers
v0x6553699b10_0 .net *"_s696", 1 0, L_0x65536d27b0;  1 drivers
v0x6553699bf0_0 .net *"_s7", 0 0, L_0x65536b8010;  1 drivers
v0x6553699cd0_0 .net *"_s701", 1 0, L_0x65536d2940;  1 drivers
v0x6553699db0_0 .net *"_s703", 0 0, L_0x65536d29e0;  1 drivers
v0x6553699e70_0 .net *"_s705", 0 0, L_0x65536d2ad0;  1 drivers
v0x6553699f50_0 .net *"_s707", 0 0, L_0x65536d2b70;  1 drivers
v0x655369a030_0 .net *"_s708", 1 0, L_0x65536d2c10;  1 drivers
v0x655369a110_0 .net *"_s71", 0 0, L_0x65536b9ff0;  1 drivers
v0x655369a1f0_0 .net *"_s711", 1 0, L_0x65536d2d50;  1 drivers
v0x655369a2d0_0 .net *"_s712", 1 0, L_0x65536d2df0;  1 drivers
v0x655369a3b0_0 .net *"_s718", 7 0, L_0x65536d3f60;  1 drivers
v0x655369a490_0 .net *"_s722", 1 0, L_0x65536d3270;  1 drivers
v0x655369a570_0 .net *"_s724", 0 0, L_0x65536d3360;  1 drivers
v0x655369a630_0 .net *"_s726", 0 0, L_0x65536d3450;  1 drivers
v0x655369a710_0 .net *"_s728", 0 0, L_0x65536d34f0;  1 drivers
v0x655369a7f0_0 .net *"_s729", 1 0, L_0x65536d3590;  1 drivers
v0x655369a8d0_0 .net *"_s73", 0 0, L_0x65536ba090;  1 drivers
v0x655369a9b0_0 .net *"_s732", 1 0, L_0x65536d3680;  1 drivers
v0x655369aa90_0 .net *"_s733", 1 0, L_0x65536d3720;  1 drivers
v0x655369ab70_0 .net *"_s738", 1 0, L_0x65536d38b0;  1 drivers
v0x655369ac50_0 .net *"_s74", 1 0, L_0x65536ba240;  1 drivers
v0x655369ad30_0 .net *"_s740", 0 0, L_0x65536d3950;  1 drivers
v0x655369adf0_0 .net *"_s742", 0 0, L_0x65536d3a40;  1 drivers
v0x655369aed0_0 .net *"_s744", 0 0, L_0x65536d3ae0;  1 drivers
v0x655369afb0_0 .net *"_s745", 1 0, L_0x65536d3b80;  1 drivers
v0x655369b090_0 .net *"_s748", 1 0, L_0x65536d4050;  1 drivers
v0x655369b170_0 .net *"_s749", 1 0, L_0x65536d40f0;  1 drivers
v0x655369b250_0 .net *"_s754", 1 0, L_0x65536d4280;  1 drivers
v0x655369b330_0 .net *"_s756", 0 0, L_0x65536d4320;  1 drivers
v0x655369b3f0_0 .net *"_s758", 0 0, L_0x65536d4410;  1 drivers
v0x655369b4d0_0 .net *"_s760", 0 0, L_0x65536d44b0;  1 drivers
v0x655369b5b0_0 .net *"_s761", 1 0, L_0x65536d4550;  1 drivers
v0x655369b690_0 .net *"_s764", 1 0, L_0x65536d4690;  1 drivers
v0x655369b770_0 .net *"_s765", 1 0, L_0x65536d4730;  1 drivers
v0x655369b850_0 .net *"_s77", 1 0, L_0x65536ba380;  1 drivers
v0x655369b930_0 .net *"_s770", 1 0, L_0x65536d48c0;  1 drivers
v0x655369ba10_0 .net *"_s772", 0 0, L_0x65536d4960;  1 drivers
v0x655369bad0_0 .net *"_s774", 0 0, L_0x65536d55b0;  1 drivers
v0x655369bbb0_0 .net *"_s776", 0 0, L_0x65536d4b20;  1 drivers
v0x655369bc90_0 .net *"_s777", 1 0, L_0x65536d4bc0;  1 drivers
v0x655369bd70_0 .net *"_s78", 1 0, L_0x65536ba540;  1 drivers
v0x655369be50_0 .net *"_s780", 1 0, L_0x65536d4d00;  1 drivers
v0x655369bf30_0 .net *"_s781", 1 0, L_0x65536d4da0;  1 drivers
v0x655369c010_0 .net *"_s786", 1 0, L_0x65536d4f30;  1 drivers
v0x655369c0f0_0 .net *"_s788", 0 0, L_0x65536d4fd0;  1 drivers
v0x655369c1b0_0 .net *"_s790", 0 0, L_0x65536d50c0;  1 drivers
v0x655369c290_0 .net *"_s792", 0 0, L_0x65536d5160;  1 drivers
v0x655369c370_0 .net *"_s793", 1 0, L_0x65536d5200;  1 drivers
v0x655369c450_0 .net *"_s796", 1 0, L_0x65536d5340;  1 drivers
v0x655369c530_0 .net *"_s797", 1 0, L_0x65536d53e0;  1 drivers
v0x655369c610_0 .net *"_s802", 1 0, L_0x65536d6140;  1 drivers
v0x655369c6f0_0 .net *"_s804", 0 0, L_0x65536d5650;  1 drivers
v0x655369c7b0_0 .net *"_s806", 0 0, L_0x65536d5740;  1 drivers
v0x655369c890_0 .net *"_s808", 0 0, L_0x65536d57e0;  1 drivers
v0x655369c970_0 .net *"_s809", 1 0, L_0x65536d5880;  1 drivers
v0x655369ca50_0 .net *"_s812", 1 0, L_0x65536d59c0;  1 drivers
v0x655369cb30_0 .net *"_s813", 1 0, L_0x65536d5a60;  1 drivers
v0x655369cc10_0 .net *"_s818", 1 0, L_0x65536d5bf0;  1 drivers
v0x655369ccf0_0 .net *"_s820", 0 0, L_0x65536d5c90;  1 drivers
v0x655369cdb0_0 .net *"_s822", 0 0, L_0x65536d5d80;  1 drivers
v0x655369ce90_0 .net *"_s824", 0 0, L_0x65536d5e20;  1 drivers
v0x655369cf70_0 .net *"_s825", 1 0, L_0x65536d5ec0;  1 drivers
v0x655369d050_0 .net *"_s828", 1 0, L_0x65536d6000;  1 drivers
v0x655369d130_0 .net *"_s829", 1 0, L_0x65536d60a0;  1 drivers
v0x655369d210_0 .net *"_s83", 1 0, L_0x65536ba6d0;  1 drivers
v0x655369d2f0_0 .net *"_s834", 1 0, L_0x65536d6e30;  1 drivers
v0x655369d3d0_0 .net *"_s836", 0 0, L_0x65536d61e0;  1 drivers
v0x655369d490_0 .net *"_s838", 0 0, L_0x65536d62d0;  1 drivers
v0x655369d570_0 .net *"_s840", 0 0, L_0x65536d6370;  1 drivers
v0x655369d650_0 .net *"_s841", 1 0, L_0x65536d6820;  1 drivers
v0x655369d730_0 .net *"_s844", 1 0, L_0x65536d6960;  1 drivers
v0x655369d810_0 .net *"_s845", 1 0, L_0x65536d6a00;  1 drivers
v0x655369d8f0_0 .net *"_s85", 0 0, L_0x65536ba8a0;  1 drivers
v0x655369d9b0_0 .net *"_s850", 1 0, L_0x65536d6b90;  1 drivers
v0x655369da90_0 .net *"_s852", 0 0, L_0x65536d6c30;  1 drivers
v0x655369db50_0 .net *"_s854", 0 0, L_0x65536d7a80;  1 drivers
v0x655369dc30_0 .net *"_s856", 0 0, L_0x65536d7b20;  1 drivers
v0x655369dd10_0 .net *"_s857", 1 0, L_0x65536d6ed0;  1 drivers
v0x655369ddf0_0 .net *"_s860", 1 0, L_0x65536d7010;  1 drivers
v0x655369ded0_0 .net *"_s861", 1 0, L_0x65536d70b0;  1 drivers
v0x655369dfb0_0 .net *"_s867", 15 0, L_0x65536d75b0;  1 drivers
v0x655369e090_0 .net *"_s87", 0 0, L_0x65536ba990;  1 drivers
v0x655369e170_0 .net *"_s871", 1 0, L_0x65536d76a0;  1 drivers
v0x655369e250_0 .net *"_s873", 0 0, L_0x65536d7790;  1 drivers
v0x655369e310_0 .net *"_s875", 0 0, L_0x65536d7880;  1 drivers
v0x655369e3f0_0 .net *"_s877", 0 0, L_0x65536d7920;  1 drivers
v0x655369e4d0_0 .net *"_s878", 1 0, L_0x65536d79c0;  1 drivers
v0x655369e5b0_0 .net *"_s881", 1 0, L_0x65536d7bc0;  1 drivers
v0x655369e690_0 .net *"_s882", 1 0, L_0x65536d7c60;  1 drivers
v0x655369e770_0 .net *"_s888", 31 0, L_0x65536d7f30;  1 drivers
v0x655369e850_0 .net *"_s89", 0 0, L_0x65536bab70;  1 drivers
v0x655369e930_0 .net *"_s9", 0 0, L_0x65536b80b0;  1 drivers
v0x655369ea10_0 .net *"_s90", 1 0, L_0x65536bac10;  1 drivers
v0x655369eaf0_0 .net *"_s93", 1 0, L_0x65536baea0;  1 drivers
v0x655369ebd0_0 .net *"_s94", 1 0, L_0x65536baf40;  1 drivers
v0x655369ecb0_0 .net *"_s99", 1 0, L_0x65536bb230;  1 drivers
v0x655369ed90_0 .net "inputflag", 33 0, L_0x65536b63a0;  alias, 1 drivers
v0x655369ee70_0 .net "output1", 33 0, L_0x65536c5450;  1 drivers
v0x655369ef50_0 .net "output2", 33 0, L_0x65536ce010;  1 drivers
v0x655369f030_0 .net "output3", 33 0, L_0x65536d2f80;  1 drivers
v0x655369f110_0 .net "output4", 33 0, L_0x65536d7240;  1 drivers
v0x655369f1f0_0 .net "outputflag", 33 0, L_0x65536d7df0;  alias, 1 drivers
L_0x65536b7e80 .part L_0x65536b63a0, 32, 2;
L_0x65536b7f20 .reduce/xor L_0x65536b7e80;
L_0x65536b8010 .part L_0x65536b63a0, 31, 1;
L_0x65536b80b0 .part L_0x65536b63a0, 30, 1;
L_0x65536b8150 .concat [ 1 1 0 0], L_0x65536b80b0, L_0x65536b8010;
L_0x65536b8240 .part L_0x65536b63a0, 32, 2;
L_0x65536b8320 .functor MUXZ 2, L_0x65536b8240, L_0x65536b8150, L_0x65536b7f20, C4<>;
L_0x65536b84b0 .part L_0x65536b63a0, 30, 2;
L_0x65536b85a0 .reduce/xor L_0x65536b84b0;
L_0x65536b8690 .part L_0x65536b63a0, 29, 1;
L_0x65536b8790 .part L_0x65536b63a0, 28, 1;
L_0x65536b8830 .concat [ 1 1 0 0], L_0x65536b8790, L_0x65536b8690;
L_0x65536b8990 .part L_0x65536b63a0, 30, 2;
L_0x65536b8a30 .functor MUXZ 2, L_0x65536b8990, L_0x65536b8830, L_0x65536b85a0, C4<>;
L_0x65536b8c40 .part L_0x65536b63a0, 28, 2;
L_0x65536b8ce0 .reduce/xor L_0x65536b8c40;
L_0x65536b8e60 .part L_0x65536b63a0, 27, 1;
L_0x65536b8f00 .part L_0x65536b63a0, 26, 1;
L_0x65536b9040 .concat [ 1 1 0 0], L_0x65536b8f00, L_0x65536b8e60;
L_0x65536b9180 .part L_0x65536b63a0, 28, 2;
L_0x65536b8fa0 .functor MUXZ 2, L_0x65536b9180, L_0x65536b9040, L_0x65536b8ce0, C4<>;
L_0x65536b93c0 .part L_0x65536b63a0, 26, 2;
L_0x65536b9520 .reduce/xor L_0x65536b93c0;
L_0x65536b9610 .part L_0x65536b63a0, 25, 1;
L_0x65536b9780 .part L_0x65536b63a0, 24, 1;
L_0x65536b9820 .concat [ 1 1 0 0], L_0x65536b9780, L_0x65536b9610;
L_0x65536b9a40 .part L_0x65536b63a0, 26, 2;
L_0x65536b9ae0 .functor MUXZ 2, L_0x65536b9a40, L_0x65536b9820, L_0x65536b9520, C4<>;
L_0x65536b9d60 .part L_0x65536b63a0, 24, 2;
L_0x65536b9e00 .reduce/xor L_0x65536b9d60;
L_0x65536b9ff0 .part L_0x65536b63a0, 23, 1;
L_0x65536ba090 .part L_0x65536b63a0, 22, 1;
L_0x65536ba240 .concat [ 1 1 0 0], L_0x65536ba090, L_0x65536b9ff0;
L_0x65536ba380 .part L_0x65536b63a0, 24, 2;
L_0x65536ba540 .functor MUXZ 2, L_0x65536ba380, L_0x65536ba240, L_0x65536b9e00, C4<>;
L_0x65536ba6d0 .part L_0x65536b63a0, 22, 2;
L_0x65536ba8a0 .reduce/xor L_0x65536ba6d0;
L_0x65536ba990 .part L_0x65536b63a0, 21, 1;
L_0x65536bab70 .part L_0x65536b63a0, 20, 1;
L_0x65536bac10 .concat [ 1 1 0 0], L_0x65536bab70, L_0x65536ba990;
L_0x65536baea0 .part L_0x65536b63a0, 22, 2;
L_0x65536baf40 .functor MUXZ 2, L_0x65536baea0, L_0x65536bac10, L_0x65536ba8a0, C4<>;
L_0x65536bb230 .part L_0x65536b63a0, 20, 2;
L_0x65536bb2d0 .reduce/xor L_0x65536bb230;
L_0x65536bb530 .part L_0x65536b63a0, 19, 1;
L_0x65536bb5d0 .part L_0x65536b63a0, 18, 1;
L_0x65536bb7f0 .concat [ 1 1 0 0], L_0x65536bb5d0, L_0x65536bb530;
L_0x65536bb930 .part L_0x65536b63a0, 20, 2;
L_0x65536bbb60 .functor MUXZ 2, L_0x65536bb930, L_0x65536bb7f0, L_0x65536bb2d0, C4<>;
L_0x65536bbcf0 .part L_0x65536b63a0, 18, 2;
L_0x65536bbf30 .reduce/xor L_0x65536bbcf0;
L_0x65536bc020 .part L_0x65536b63a0, 17, 1;
L_0x65536bc680 .part L_0x65536b63a0, 16, 1;
L_0x65536bc720 .concat [ 1 1 0 0], L_0x65536bc680, L_0x65536bc020;
L_0x65536bca20 .part L_0x65536b63a0, 18, 2;
L_0x65536bcac0 .functor MUXZ 2, L_0x65536bca20, L_0x65536bc720, L_0x65536bbf30, C4<>;
L_0x65536bce20 .part L_0x65536b63a0, 16, 2;
L_0x65536bcec0 .reduce/xor L_0x65536bce20;
L_0x65536bd190 .part L_0x65536b63a0, 15, 1;
L_0x65536bd230 .part L_0x65536b63a0, 14, 1;
L_0x65536bd4c0 .concat [ 1 1 0 0], L_0x65536bd230, L_0x65536bd190;
L_0x65536bd600 .part L_0x65536b63a0, 16, 2;
L_0x65536bd8a0 .functor MUXZ 2, L_0x65536bd600, L_0x65536bd4c0, L_0x65536bcec0, C4<>;
L_0x65536bda30 .part L_0x65536b63a0, 14, 2;
L_0x65536bdce0 .reduce/xor L_0x65536bda30;
L_0x65536bddd0 .part L_0x65536b63a0, 13, 1;
L_0x65536be090 .part L_0x65536b63a0, 12, 1;
L_0x65536be130 .concat [ 1 1 0 0], L_0x65536be090, L_0x65536bddd0;
L_0x65536be4a0 .part L_0x65536b63a0, 14, 2;
L_0x65536be540 .functor MUXZ 2, L_0x65536be4a0, L_0x65536be130, L_0x65536bdce0, C4<>;
L_0x65536be910 .part L_0x65536b63a0, 12, 2;
L_0x65536be9b0 .reduce/xor L_0x65536be910;
L_0x65536becf0 .part L_0x65536b63a0, 11, 1;
L_0x65536bed90 .part L_0x65536b63a0, 10, 1;
L_0x65536bf090 .concat [ 1 1 0 0], L_0x65536bed90, L_0x65536becf0;
L_0x65536bf1d0 .part L_0x65536b63a0, 12, 2;
L_0x65536bf4e0 .functor MUXZ 2, L_0x65536bf1d0, L_0x65536bf090, L_0x65536be9b0, C4<>;
L_0x65536bf670 .part L_0x65536b63a0, 10, 2;
L_0x65536bf990 .reduce/xor L_0x65536bf670;
L_0x65536bfa80 .part L_0x65536b63a0, 9, 1;
L_0x65536bfdb0 .part L_0x65536b63a0, 8, 1;
L_0x65536bfe50 .concat [ 1 1 0 0], L_0x65536bfdb0, L_0x65536bfa80;
L_0x65536c0230 .part L_0x65536b63a0, 10, 2;
L_0x65536c02d0 .functor MUXZ 2, L_0x65536c0230, L_0x65536bfe50, L_0x65536bf990, C4<>;
L_0x65536c0710 .part L_0x65536b63a0, 8, 2;
L_0x65536c07b0 .reduce/xor L_0x65536c0710;
L_0x65536c0b60 .part L_0x65536b63a0, 7, 1;
L_0x65536c0c00 .part L_0x65536b63a0, 6, 1;
L_0x65536c0f70 .concat [ 1 1 0 0], L_0x65536c0c00, L_0x65536c0b60;
L_0x65536c10b0 .part L_0x65536b63a0, 8, 2;
L_0x65536c1430 .functor MUXZ 2, L_0x65536c10b0, L_0x65536c0f70, L_0x65536c07b0, C4<>;
L_0x65536c15c0 .part L_0x65536b63a0, 6, 2;
L_0x65536c1950 .reduce/xor L_0x65536c15c0;
L_0x65536c1a40 .part L_0x65536b63a0, 5, 1;
L_0x65536c1de0 .part L_0x65536b63a0, 4, 1;
L_0x65536c1e80 .concat [ 1 1 0 0], L_0x65536c1de0, L_0x65536c1a40;
L_0x65536c22d0 .part L_0x65536b63a0, 6, 2;
L_0x65536c2370 .functor MUXZ 2, L_0x65536c22d0, L_0x65536c1e80, L_0x65536c1950, C4<>;
L_0x65536c2820 .part L_0x65536b63a0, 4, 2;
L_0x65536c28c0 .reduce/xor L_0x65536c2820;
L_0x65536c2ce0 .part L_0x65536b63a0, 3, 1;
L_0x65536c2d80 .part L_0x65536b63a0, 2, 1;
L_0x65536c3160 .concat [ 1 1 0 0], L_0x65536c2d80, L_0x65536c2ce0;
L_0x65536c32a0 .part L_0x65536b63a0, 4, 2;
L_0x65536c3690 .functor MUXZ 2, L_0x65536c32a0, L_0x65536c3160, L_0x65536c28c0, C4<>;
L_0x65536c3820 .part L_0x65536b63a0, 2, 2;
L_0x65536c3c20 .reduce/xor L_0x65536c3820;
L_0x65536c3d10 .part L_0x65536b63a0, 1, 1;
L_0x65536c4930 .part L_0x65536b63a0, 0, 1;
L_0x65536c49d0 .concat [ 1 1 0 0], L_0x65536c4930, L_0x65536c3d10;
L_0x65536c4e90 .part L_0x65536b63a0, 2, 2;
L_0x65536c4f30 .functor MUXZ 2, L_0x65536c4e90, L_0x65536c49d0, L_0x65536c3c20, C4<>;
LS_0x65536c5450_0_0 .concat8 [ 2 2 2 2], L_0x65536c5a90, L_0x65536c4f30, L_0x65536c3690, L_0x65536c2370;
LS_0x65536c5450_0_4 .concat8 [ 2 2 2 2], L_0x65536c1430, L_0x65536c02d0, L_0x65536bf4e0, L_0x65536be540;
LS_0x65536c5450_0_8 .concat8 [ 2 2 2 2], L_0x65536bd8a0, L_0x65536bcac0, L_0x65536bbb60, L_0x65536baf40;
LS_0x65536c5450_0_12 .concat8 [ 2 2 2 2], L_0x65536ba540, L_0x65536b9ae0, L_0x65536b8fa0, L_0x65536b8a30;
LS_0x65536c5450_0_16 .concat8 [ 2 0 0 0], L_0x65536b8320;
LS_0x65536c5450_1_0 .concat8 [ 8 8 8 8], LS_0x65536c5450_0_0, LS_0x65536c5450_0_4, LS_0x65536c5450_0_8, LS_0x65536c5450_0_12;
LS_0x65536c5450_1_4 .concat8 [ 2 0 0 0], LS_0x65536c5450_0_16;
L_0x65536c5450 .concat8 [ 32 2 0 0], LS_0x65536c5450_1_0, LS_0x65536c5450_1_4;
L_0x65536c5a90 .part L_0x65536b63a0, 0, 2;
L_0x65536c5f20 .part L_0x65536c5450, 32, 2;
L_0x65536c6010 .reduce/xor L_0x65536c5f20;
L_0x65536c64b0 .part L_0x65536c5450, 29, 1;
L_0x65536c6550 .part L_0x65536c5450, 28, 1;
L_0x65536c69b0 .concat [ 1 1 0 0], L_0x65536c6550, L_0x65536c64b0;
L_0x65536c6aa0 .part L_0x65536c5450, 32, 2;
L_0x65536c6f10 .functor MUXZ 2, L_0x65536c6aa0, L_0x65536c69b0, L_0x65536c6010, C4<>;
L_0x65536c70a0 .part L_0x65536c5450, 30, 2;
L_0x65536c7520 .reduce/xor L_0x65536c70a0;
L_0x65536c7610 .part L_0x65536c5450, 27, 1;
L_0x65536c7aa0 .part L_0x65536c5450, 26, 1;
L_0x65536c7b40 .concat [ 1 1 0 0], L_0x65536c7aa0, L_0x65536c7610;
L_0x65536c8080 .part L_0x65536c5450, 30, 2;
L_0x65536c8120 .functor MUXZ 2, L_0x65536c8080, L_0x65536c7b40, L_0x65536c7520, C4<>;
L_0x65536c8670 .part L_0x65536c5450, 28, 2;
L_0x65536c8710 .reduce/xor L_0x65536c8670;
L_0x65536c8c20 .part L_0x65536c5450, 25, 1;
L_0x65536c8cc0 .part L_0x65536c5450, 24, 1;
L_0x65536c8800 .concat [ 1 1 0 0], L_0x65536c8cc0, L_0x65536c8c20;
L_0x65536c8940 .part L_0x65536c5450, 28, 2;
L_0x65536c89e0 .functor MUXZ 2, L_0x65536c8940, L_0x65536c8800, L_0x65536c8710, C4<>;
L_0x65536c8b70 .part L_0x65536c5450, 26, 2;
L_0x65536c91b0 .reduce/xor L_0x65536c8b70;
L_0x65536c92a0 .part L_0x65536c5450, 23, 1;
L_0x65536c8d60 .part L_0x65536c5450, 22, 1;
L_0x65536c8e00 .concat [ 1 1 0 0], L_0x65536c8d60, L_0x65536c92a0;
L_0x65536c8f40 .part L_0x65536c5450, 26, 2;
L_0x65536c8fe0 .functor MUXZ 2, L_0x65536c8f40, L_0x65536c8e00, L_0x65536c91b0, C4<>;
L_0x65536c97c0 .part L_0x65536c5450, 24, 2;
L_0x65536c9860 .reduce/xor L_0x65536c97c0;
L_0x65536c9340 .part L_0x65536c5450, 21, 1;
L_0x65536c93e0 .part L_0x65536c5450, 20, 1;
L_0x65536c9480 .concat [ 1 1 0 0], L_0x65536c93e0, L_0x65536c9340;
L_0x65536c95c0 .part L_0x65536c5450, 24, 2;
L_0x65536c9660 .functor MUXZ 2, L_0x65536c95c0, L_0x65536c9480, L_0x65536c9860, C4<>;
L_0x65536c9e50 .part L_0x65536c5450, 22, 2;
L_0x65536c9950 .reduce/xor L_0x65536c9e50;
L_0x65536c9a40 .part L_0x65536c5450, 19, 1;
L_0x65536c9ae0 .part L_0x65536c5450, 18, 1;
L_0x65536c9b80 .concat [ 1 1 0 0], L_0x65536c9ae0, L_0x65536c9a40;
L_0x65536c9cc0 .part L_0x65536c5450, 22, 2;
L_0x65536c9d60 .functor MUXZ 2, L_0x65536c9cc0, L_0x65536c9b80, L_0x65536c9950, C4<>;
L_0x65536ca4d0 .part L_0x65536c5450, 20, 2;
L_0x65536ca570 .reduce/xor L_0x65536ca4d0;
L_0x65536c9ef0 .part L_0x65536c5450, 17, 1;
L_0x65536c9f90 .part L_0x65536c5450, 16, 1;
L_0x65536ca030 .concat [ 1 1 0 0], L_0x65536c9f90, L_0x65536c9ef0;
L_0x65536ca170 .part L_0x65536c5450, 20, 2;
L_0x65536ca210 .functor MUXZ 2, L_0x65536ca170, L_0x65536ca030, L_0x65536ca570, C4<>;
L_0x65536cab80 .part L_0x65536c5450, 18, 2;
L_0x65536ca660 .reduce/xor L_0x65536cab80;
L_0x65536ca750 .part L_0x65536c5450, 15, 1;
L_0x65536ca7f0 .part L_0x65536c5450, 14, 1;
L_0x65536ca890 .concat [ 1 1 0 0], L_0x65536ca7f0, L_0x65536ca750;
L_0x65536ca9d0 .part L_0x65536c5450, 18, 2;
L_0x65536caa70 .functor MUXZ 2, L_0x65536ca9d0, L_0x65536ca890, L_0x65536ca660, C4<>;
L_0x65536cb220 .part L_0x65536c5450, 16, 2;
L_0x65536cb2c0 .reduce/xor L_0x65536cb220;
L_0x65536cac20 .part L_0x65536c5450, 13, 1;
L_0x65536cacc0 .part L_0x65536c5450, 12, 1;
L_0x65536cad60 .concat [ 1 1 0 0], L_0x65536cacc0, L_0x65536cac20;
L_0x65536caea0 .part L_0x65536c5450, 16, 2;
L_0x65536caf40 .functor MUXZ 2, L_0x65536caea0, L_0x65536cad60, L_0x65536cb2c0, C4<>;
L_0x65536cb0d0 .part L_0x65536c5450, 14, 2;
L_0x65536cb950 .reduce/xor L_0x65536cb0d0;
L_0x65536cba40 .part L_0x65536c5450, 11, 1;
L_0x65536cb3b0 .part L_0x65536c5450, 10, 1;
L_0x65536cb450 .concat [ 1 1 0 0], L_0x65536cb3b0, L_0x65536cba40;
L_0x65536cb590 .part L_0x65536c5450, 14, 2;
L_0x65536cb630 .functor MUXZ 2, L_0x65536cb590, L_0x65536cb450, L_0x65536cb950, C4<>;
L_0x65536cb7c0 .part L_0x65536c5450, 12, 2;
L_0x65536cb860 .reduce/xor L_0x65536cb7c0;
L_0x65536cc0c0 .part L_0x65536c5450, 9, 1;
L_0x65536cc160 .part L_0x65536c5450, 8, 1;
L_0x65536cbae0 .concat [ 1 1 0 0], L_0x65536cc160, L_0x65536cc0c0;
L_0x65536cbc20 .part L_0x65536c5450, 12, 2;
L_0x65536cbcc0 .functor MUXZ 2, L_0x65536cbc20, L_0x65536cbae0, L_0x65536cb860, C4<>;
L_0x65536cbe50 .part L_0x65536c5450, 10, 2;
L_0x65536cbef0 .reduce/xor L_0x65536cbe50;
L_0x65536cbfe0 .part L_0x65536c5450, 7, 1;
L_0x65536cc820 .part L_0x65536c5450, 6, 1;
L_0x65536cc8c0 .concat [ 1 1 0 0], L_0x65536cc820, L_0x65536cbfe0;
L_0x65536cc200 .part L_0x65536c5450, 10, 2;
L_0x65536cc2a0 .functor MUXZ 2, L_0x65536cc200, L_0x65536cc8c0, L_0x65536cbef0, C4<>;
L_0x65536cc430 .part L_0x65536c5450, 8, 2;
L_0x65536cc4d0 .reduce/xor L_0x65536cc430;
L_0x65536cc5c0 .part L_0x65536c5450, 5, 1;
L_0x65536cc660 .part L_0x65536c5450, 4, 1;
L_0x65536cc700 .concat [ 1 1 0 0], L_0x65536cc660, L_0x65536cc5c0;
L_0x65536cd0b0 .part L_0x65536c5450, 8, 2;
L_0x65536cca00 .functor MUXZ 2, L_0x65536cd0b0, L_0x65536cc700, L_0x65536cc4d0, C4<>;
L_0x65536ccb90 .part L_0x65536c5450, 6, 2;
L_0x65536ccc30 .reduce/xor L_0x65536ccb90;
L_0x65536ccd20 .part L_0x65536c5450, 3, 1;
L_0x65536ccdc0 .part L_0x65536c5450, 2, 1;
L_0x65536cce60 .concat [ 1 1 0 0], L_0x65536ccdc0, L_0x65536ccd20;
L_0x65536ccfa0 .part L_0x65536c5450, 6, 2;
L_0x65536cd7f0 .functor MUXZ 2, L_0x65536ccfa0, L_0x65536cce60, L_0x65536ccc30, C4<>;
L_0x65536cd240 .part L_0x65536c5450, 4, 2;
L_0x65536cd2e0 .reduce/xor L_0x65536cd240;
L_0x65536cd3d0 .part L_0x65536c5450, 1, 1;
L_0x65536cd470 .part L_0x65536c5450, 0, 1;
L_0x65536cd510 .concat [ 1 1 0 0], L_0x65536cd470, L_0x65536cd3d0;
L_0x65536cd650 .part L_0x65536c5450, 4, 2;
L_0x65536cd6f0 .functor MUXZ 2, L_0x65536cd650, L_0x65536cd510, L_0x65536cd2e0, C4<>;
LS_0x65536ce010_0_0 .concat8 [ 4 2 2 2], L_0x65536cd890, L_0x65536cd6f0, L_0x65536cd7f0, L_0x65536cca00;
LS_0x65536ce010_0_4 .concat8 [ 2 2 2 2], L_0x65536cc2a0, L_0x65536cbcc0, L_0x65536cb630, L_0x65536caf40;
LS_0x65536ce010_0_8 .concat8 [ 2 2 2 2], L_0x65536caa70, L_0x65536ca210, L_0x65536c9d60, L_0x65536c9660;
LS_0x65536ce010_0_12 .concat8 [ 2 2 2 2], L_0x65536c8fe0, L_0x65536c89e0, L_0x65536c8120, L_0x65536c6f10;
L_0x65536ce010 .concat8 [ 10 8 8 8], LS_0x65536ce010_0_0, LS_0x65536ce010_0_4, LS_0x65536ce010_0_8, LS_0x65536ce010_0_12;
L_0x65536cd890 .part L_0x65536c5450, 0, 4;
L_0x65536cd980 .part L_0x65536ce010, 32, 2;
L_0x65536cda70 .reduce/xor L_0x65536cd980;
L_0x65536cdb60 .part L_0x65536ce010, 25, 1;
L_0x65536cdc00 .part L_0x65536ce010, 24, 1;
L_0x65536cdca0 .concat [ 1 1 0 0], L_0x65536cdc00, L_0x65536cdb60;
L_0x65536cdd90 .part L_0x65536ce010, 32, 2;
L_0x65536cde30 .functor MUXZ 2, L_0x65536cdd90, L_0x65536cdca0, L_0x65536cda70, C4<>;
L_0x65536cece0 .part L_0x65536ce010, 30, 2;
L_0x65536ced80 .reduce/xor L_0x65536cece0;
L_0x65536ce560 .part L_0x65536ce010, 23, 1;
L_0x65536ce600 .part L_0x65536ce010, 22, 1;
L_0x65536ce6a0 .concat [ 1 1 0 0], L_0x65536ce600, L_0x65536ce560;
L_0x65536ce7e0 .part L_0x65536ce010, 30, 2;
L_0x65536ce880 .functor MUXZ 2, L_0x65536ce7e0, L_0x65536ce6a0, L_0x65536ced80, C4<>;
L_0x65536cea10 .part L_0x65536ce010, 28, 2;
L_0x65536ceab0 .reduce/xor L_0x65536cea10;
L_0x65536ceba0 .part L_0x65536ce010, 21, 1;
L_0x65536cf5f0 .part L_0x65536ce010, 20, 1;
L_0x65536cf690 .concat [ 1 1 0 0], L_0x65536cf5f0, L_0x65536ceba0;
L_0x65536cee70 .part L_0x65536ce010, 28, 2;
L_0x65536cef10 .functor MUXZ 2, L_0x65536cee70, L_0x65536cf690, L_0x65536ceab0, C4<>;
L_0x65536cf0a0 .part L_0x65536ce010, 26, 2;
L_0x65536cf140 .reduce/xor L_0x65536cf0a0;
L_0x65536cf230 .part L_0x65536ce010, 19, 1;
L_0x65536cf2d0 .part L_0x65536ce010, 18, 1;
L_0x65536cf370 .concat [ 1 1 0 0], L_0x65536cf2d0, L_0x65536cf230;
L_0x65536cf4b0 .part L_0x65536ce010, 26, 2;
L_0x65536cf550 .functor MUXZ 2, L_0x65536cf4b0, L_0x65536cf370, L_0x65536cf140, C4<>;
L_0x65536d0040 .part L_0x65536ce010, 24, 2;
L_0x65536cf780 .reduce/xor L_0x65536d0040;
L_0x65536cf870 .part L_0x65536ce010, 17, 1;
L_0x65536cf910 .part L_0x65536ce010, 16, 1;
L_0x65536cf9b0 .concat [ 1 1 0 0], L_0x65536cf910, L_0x65536cf870;
L_0x65536cfaf0 .part L_0x65536ce010, 24, 2;
L_0x65536cfb90 .functor MUXZ 2, L_0x65536cfaf0, L_0x65536cf9b0, L_0x65536cf780, C4<>;
L_0x65536cfd20 .part L_0x65536ce010, 22, 2;
L_0x65536cfdc0 .reduce/xor L_0x65536cfd20;
L_0x65536cfeb0 .part L_0x65536ce010, 15, 1;
L_0x65536d0900 .part L_0x65536ce010, 14, 1;
L_0x65536d00e0 .concat [ 1 1 0 0], L_0x65536d0900, L_0x65536cfeb0;
L_0x65536d0220 .part L_0x65536ce010, 22, 2;
L_0x65536d02c0 .functor MUXZ 2, L_0x65536d0220, L_0x65536d00e0, L_0x65536cfdc0, C4<>;
L_0x65536d0450 .part L_0x65536ce010, 20, 2;
L_0x65536d04f0 .reduce/xor L_0x65536d0450;
L_0x65536d05e0 .part L_0x65536ce010, 13, 1;
L_0x65536d0680 .part L_0x65536ce010, 12, 1;
L_0x65536d0720 .concat [ 1 1 0 0], L_0x65536d0680, L_0x65536d05e0;
L_0x65536d0860 .part L_0x65536ce010, 20, 2;
L_0x65536d1210 .functor MUXZ 2, L_0x65536d0860, L_0x65536d0720, L_0x65536d04f0, C4<>;
L_0x65536d0a90 .part L_0x65536ce010, 18, 2;
L_0x65536d0b30 .reduce/xor L_0x65536d0a90;
L_0x65536d0c20 .part L_0x65536ce010, 11, 1;
L_0x65536d0cc0 .part L_0x65536ce010, 10, 1;
L_0x65536d0d60 .concat [ 1 1 0 0], L_0x65536d0cc0, L_0x65536d0c20;
L_0x65536d0ea0 .part L_0x65536ce010, 18, 2;
L_0x65536d0f40 .functor MUXZ 2, L_0x65536d0ea0, L_0x65536d0d60, L_0x65536d0b30, C4<>;
L_0x65536d10d0 .part L_0x65536ce010, 16, 2;
L_0x65536d1170 .reduce/xor L_0x65536d10d0;
L_0x65536d1bc0 .part L_0x65536ce010, 9, 1;
L_0x65536d12b0 .part L_0x65536ce010, 8, 1;
L_0x65536d1350 .concat [ 1 1 0 0], L_0x65536d12b0, L_0x65536d1bc0;
L_0x65536d1490 .part L_0x65536ce010, 16, 2;
L_0x65536d1530 .functor MUXZ 2, L_0x65536d1490, L_0x65536d1350, L_0x65536d1170, C4<>;
L_0x65536d16c0 .part L_0x65536ce010, 14, 2;
L_0x65536d1760 .reduce/xor L_0x65536d16c0;
L_0x65536d1850 .part L_0x65536ce010, 7, 1;
L_0x65536d18f0 .part L_0x65536ce010, 6, 1;
L_0x65536d1990 .concat [ 1 1 0 0], L_0x65536d18f0, L_0x65536d1850;
L_0x65536d1ad0 .part L_0x65536ce010, 14, 2;
L_0x65536d2580 .functor MUXZ 2, L_0x65536d1ad0, L_0x65536d1990, L_0x65536d1760, C4<>;
L_0x65536d2710 .part L_0x65536ce010, 12, 2;
L_0x65536d1c60 .reduce/xor L_0x65536d2710;
L_0x65536d1d50 .part L_0x65536ce010, 5, 1;
L_0x65536d1df0 .part L_0x65536ce010, 4, 1;
L_0x65536d1e90 .concat [ 1 1 0 0], L_0x65536d1df0, L_0x65536d1d50;
L_0x65536d1fd0 .part L_0x65536ce010, 12, 2;
L_0x65536d2070 .functor MUXZ 2, L_0x65536d1fd0, L_0x65536d1e90, L_0x65536d1c60, C4<>;
L_0x65536d2200 .part L_0x65536ce010, 10, 2;
L_0x65536d22a0 .reduce/xor L_0x65536d2200;
L_0x65536d2390 .part L_0x65536ce010, 3, 1;
L_0x65536d2430 .part L_0x65536ce010, 2, 1;
L_0x65536d24d0 .concat [ 1 1 0 0], L_0x65536d2430, L_0x65536d2390;
L_0x65536d31d0 .part L_0x65536ce010, 10, 2;
L_0x65536d27b0 .functor MUXZ 2, L_0x65536d31d0, L_0x65536d24d0, L_0x65536d22a0, C4<>;
L_0x65536d2940 .part L_0x65536ce010, 8, 2;
L_0x65536d29e0 .reduce/xor L_0x65536d2940;
L_0x65536d2ad0 .part L_0x65536ce010, 1, 1;
L_0x65536d2b70 .part L_0x65536ce010, 0, 1;
L_0x65536d2c10 .concat [ 1 1 0 0], L_0x65536d2b70, L_0x65536d2ad0;
L_0x65536d2d50 .part L_0x65536ce010, 8, 2;
L_0x65536d2df0 .functor MUXZ 2, L_0x65536d2d50, L_0x65536d2c10, L_0x65536d29e0, C4<>;
LS_0x65536d2f80_0_0 .concat8 [ 8 2 2 2], L_0x65536d3f60, L_0x65536d2df0, L_0x65536d27b0, L_0x65536d2070;
LS_0x65536d2f80_0_4 .concat8 [ 2 2 2 2], L_0x65536d2580, L_0x65536d1530, L_0x65536d0f40, L_0x65536d1210;
LS_0x65536d2f80_0_8 .concat8 [ 2 2 2 2], L_0x65536d02c0, L_0x65536cfb90, L_0x65536cf550, L_0x65536cef10;
LS_0x65536d2f80_0_12 .concat8 [ 2 2 0 0], L_0x65536ce880, L_0x65536cde30;
L_0x65536d2f80 .concat8 [ 14 8 8 4], LS_0x65536d2f80_0_0, LS_0x65536d2f80_0_4, LS_0x65536d2f80_0_8, LS_0x65536d2f80_0_12;
L_0x65536d3f60 .part L_0x65536ce010, 0, 8;
L_0x65536d3270 .part L_0x65536d2f80, 32, 2;
L_0x65536d3360 .reduce/xor L_0x65536d3270;
L_0x65536d3450 .part L_0x65536d2f80, 17, 1;
L_0x65536d34f0 .part L_0x65536d2f80, 16, 1;
L_0x65536d3590 .concat [ 1 1 0 0], L_0x65536d34f0, L_0x65536d3450;
L_0x65536d3680 .part L_0x65536d2f80, 32, 2;
L_0x65536d3720 .functor MUXZ 2, L_0x65536d3680, L_0x65536d3590, L_0x65536d3360, C4<>;
L_0x65536d38b0 .part L_0x65536d2f80, 30, 2;
L_0x65536d3950 .reduce/xor L_0x65536d38b0;
L_0x65536d3a40 .part L_0x65536d2f80, 15, 1;
L_0x65536d3ae0 .part L_0x65536d2f80, 14, 1;
L_0x65536d3b80 .concat [ 1 1 0 0], L_0x65536d3ae0, L_0x65536d3a40;
L_0x65536d4050 .part L_0x65536d2f80, 30, 2;
L_0x65536d40f0 .functor MUXZ 2, L_0x65536d4050, L_0x65536d3b80, L_0x65536d3950, C4<>;
L_0x65536d4280 .part L_0x65536d2f80, 28, 2;
L_0x65536d4320 .reduce/xor L_0x65536d4280;
L_0x65536d4410 .part L_0x65536d2f80, 13, 1;
L_0x65536d44b0 .part L_0x65536d2f80, 12, 1;
L_0x65536d4550 .concat [ 1 1 0 0], L_0x65536d44b0, L_0x65536d4410;
L_0x65536d4690 .part L_0x65536d2f80, 28, 2;
L_0x65536d4730 .functor MUXZ 2, L_0x65536d4690, L_0x65536d4550, L_0x65536d4320, C4<>;
L_0x65536d48c0 .part L_0x65536d2f80, 26, 2;
L_0x65536d4960 .reduce/xor L_0x65536d48c0;
L_0x65536d55b0 .part L_0x65536d2f80, 11, 1;
L_0x65536d4b20 .part L_0x65536d2f80, 10, 1;
L_0x65536d4bc0 .concat [ 1 1 0 0], L_0x65536d4b20, L_0x65536d55b0;
L_0x65536d4d00 .part L_0x65536d2f80, 26, 2;
L_0x65536d4da0 .functor MUXZ 2, L_0x65536d4d00, L_0x65536d4bc0, L_0x65536d4960, C4<>;
L_0x65536d4f30 .part L_0x65536d2f80, 24, 2;
L_0x65536d4fd0 .reduce/xor L_0x65536d4f30;
L_0x65536d50c0 .part L_0x65536d2f80, 9, 1;
L_0x65536d5160 .part L_0x65536d2f80, 8, 1;
L_0x65536d5200 .concat [ 1 1 0 0], L_0x65536d5160, L_0x65536d50c0;
L_0x65536d5340 .part L_0x65536d2f80, 24, 2;
L_0x65536d53e0 .functor MUXZ 2, L_0x65536d5340, L_0x65536d5200, L_0x65536d4fd0, C4<>;
L_0x65536d6140 .part L_0x65536d2f80, 22, 2;
L_0x65536d5650 .reduce/xor L_0x65536d6140;
L_0x65536d5740 .part L_0x65536d2f80, 7, 1;
L_0x65536d57e0 .part L_0x65536d2f80, 6, 1;
L_0x65536d5880 .concat [ 1 1 0 0], L_0x65536d57e0, L_0x65536d5740;
L_0x65536d59c0 .part L_0x65536d2f80, 22, 2;
L_0x65536d5a60 .functor MUXZ 2, L_0x65536d59c0, L_0x65536d5880, L_0x65536d5650, C4<>;
L_0x65536d5bf0 .part L_0x65536d2f80, 20, 2;
L_0x65536d5c90 .reduce/xor L_0x65536d5bf0;
L_0x65536d5d80 .part L_0x65536d2f80, 5, 1;
L_0x65536d5e20 .part L_0x65536d2f80, 4, 1;
L_0x65536d5ec0 .concat [ 1 1 0 0], L_0x65536d5e20, L_0x65536d5d80;
L_0x65536d6000 .part L_0x65536d2f80, 20, 2;
L_0x65536d60a0 .functor MUXZ 2, L_0x65536d6000, L_0x65536d5ec0, L_0x65536d5c90, C4<>;
L_0x65536d6e30 .part L_0x65536d2f80, 18, 2;
L_0x65536d61e0 .reduce/xor L_0x65536d6e30;
L_0x65536d62d0 .part L_0x65536d2f80, 3, 1;
L_0x65536d6370 .part L_0x65536d2f80, 2, 1;
L_0x65536d6820 .concat [ 1 1 0 0], L_0x65536d6370, L_0x65536d62d0;
L_0x65536d6960 .part L_0x65536d2f80, 18, 2;
L_0x65536d6a00 .functor MUXZ 2, L_0x65536d6960, L_0x65536d6820, L_0x65536d61e0, C4<>;
L_0x65536d6b90 .part L_0x65536d2f80, 16, 2;
L_0x65536d6c30 .reduce/xor L_0x65536d6b90;
L_0x65536d7a80 .part L_0x65536d2f80, 1, 1;
L_0x65536d7b20 .part L_0x65536d2f80, 0, 1;
L_0x65536d6ed0 .concat [ 1 1 0 0], L_0x65536d7b20, L_0x65536d7a80;
L_0x65536d7010 .part L_0x65536d2f80, 16, 2;
L_0x65536d70b0 .functor MUXZ 2, L_0x65536d7010, L_0x65536d6ed0, L_0x65536d6c30, C4<>;
LS_0x65536d7240_0_0 .concat8 [ 16 2 2 2], L_0x65536d75b0, L_0x65536d70b0, L_0x65536d6a00, L_0x65536d60a0;
LS_0x65536d7240_0_4 .concat8 [ 2 2 2 2], L_0x65536d5a60, L_0x65536d53e0, L_0x65536d4da0, L_0x65536d4730;
LS_0x65536d7240_0_8 .concat8 [ 2 2 0 0], L_0x65536d40f0, L_0x65536d3720;
L_0x65536d7240 .concat8 [ 22 8 4 0], LS_0x65536d7240_0_0, LS_0x65536d7240_0_4, LS_0x65536d7240_0_8;
L_0x65536d75b0 .part L_0x65536d2f80, 0, 16;
L_0x65536d76a0 .part L_0x65536d7240, 32, 2;
L_0x65536d7790 .reduce/xor L_0x65536d76a0;
L_0x65536d7880 .part L_0x65536d7240, 1, 1;
L_0x65536d7920 .part L_0x65536d7240, 0, 1;
L_0x65536d79c0 .concat [ 1 1 0 0], L_0x65536d7920, L_0x65536d7880;
L_0x65536d7bc0 .part L_0x65536d7240, 32, 2;
L_0x65536d7c60 .functor MUXZ 2, L_0x65536d7bc0, L_0x65536d79c0, L_0x65536d7790, C4<>;
L_0x65536d7df0 .concat8 [ 32 2 0 0], L_0x65536d7f30, L_0x65536d7c60;
L_0x65536d7f30 .part L_0x65536d7240, 0, 32;
    .scope S_0x65535af720;
T_0 ;
    %pushi/vec4 61454, 0, 16;
    %store/vec4 v0x65536ab930_0, 0, 16;
    %pushi/vec4 112, 0, 16;
    %store/vec4 v0x65536aba20_0, 0, 16;
    %delay 10, 0;
    %pushi/vec4 17, 0, 16;
    %store/vec4 v0x65536ab930_0, 0, 16;
    %pushi/vec4 222, 0, 16;
    %store/vec4 v0x65536aba20_0, 0, 16;
    %delay 10, 0;
    %pushi/vec4 43690, 0, 16;
    %store/vec4 v0x65536ab930_0, 0, 16;
    %pushi/vec4 21845, 0, 16;
    %store/vec4 v0x65536aba20_0, 0, 16;
    %delay 10, 0;
    %pushi/vec4 64517, 0, 16;
    %store/vec4 v0x65536ab930_0, 0, 16;
    %pushi/vec4 4614, 0, 16;
    %store/vec4 v0x65536aba20_0, 0, 16;
    %end;
    .thread T_0;
    .scope S_0x65535af720;
T_1 ;
    %vpi_call 2 22 "$monitor", $time, " a = %d   b = %d   sum = %d ", v0x65536ab930_0, v0x65536aba20_0, v0x65536abaf0_0 {0 0 0};
    %end;
    .thread T_1;
# The file index is used to find the file name in the following table.
:file_names 5;
    "N/A";
    "<interactive>";
    "RecursiveAdder_tb.v";
    "./RecursiveAdder.v";
    "./ParallelPrefixCircuit.v";
